2025-02-11T16:47:52.713+06:00  INFO 27940 --- [flowable-saga-orchestrator-engine] [main] lowableSagaOrchestratorEngineApplication : Starting FlowableSagaOrchestratorEngineApplication using Java 21.0.6 with PID 27940 (D:\Projects\Code\spring-flowable-microservice-event-driven-example\flowable-saga-orchestrator-engine\target\classes started by anirudhya.sarker in D:\Projects\Code\spring-flowable-microservice-event-driven-example\flowable-saga-orchestrator-engine)
2025-02-11T16:47:52.718+06:00  INFO 27940 --- [flowable-saga-orchestrator-engine] [main] lowableSagaOrchestratorEngineApplication : No active profile set, falling back to 1 default profile: "default"
2025-02-11T16:47:53.718+06:00  INFO 27940 --- [flowable-saga-orchestrator-engine] [main] o.s.b.w.embedded.tomcat.TomcatWebServer  : Tomcat initialized with port 8080 (http)
2025-02-11T16:47:53.736+06:00  INFO 27940 --- [flowable-saga-orchestrator-engine] [main] o.apache.catalina.core.StandardService   : Starting service [Tomcat]
2025-02-11T16:47:53.784+06:00  INFO 27940 --- [flowable-saga-orchestrator-engine] [main] o.apache.catalina.core.StandardEngine    : Starting Servlet engine: [Apache Tomcat/10.1.34]
2025-02-11T16:47:53.903+06:00  INFO 27940 --- [flowable-saga-orchestrator-engine] [main] o.a.c.c.C.[Tomcat].[localhost].[/]       : Initializing Spring embedded WebApplicationContext
2025-02-11T16:47:53.948+06:00  INFO 27940 --- [flowable-saga-orchestrator-engine] [main] w.s.c.ServletWebServerApplicationContext : Root WebApplicationContext: initialization completed in 1196 ms
2025-02-11T16:47:54.316+06:00  INFO 27940 --- [flowable-saga-orchestrator-engine] [main] o.f.s.b.c.CmmnEngineAutoConfiguration    : No deployment resources were found for autodeployment
2025-02-11T16:47:54.438+06:00  INFO 27940 --- [flowable-saga-orchestrator-engine] [main] o.f.s.b.dmn.DmnEngineAutoConfiguration   : No deployment resources were found for autodeployment
2025-02-11T16:47:54.462+06:00  INFO 27940 --- [flowable-saga-orchestrator-engine] [main] o.f.s.b.e.EventRegistryAutoConfiguration : No deployment resources were found for autodeployment
2025-02-11T16:47:54.553+06:00  INFO 27940 --- [flowable-saga-orchestrator-engine] [main] o.f.s.b.app.AppEngineAutoConfiguration   : No deployment resources were found for autodeployment
2025-02-11T16:47:54.565+06:00  INFO 27940 --- [flowable-saga-orchestrator-engine] [main] o.f.a.s.SpringAppEngineConfiguration     : Found 5 Engine Configurators in total:
2025-02-11T16:47:54.566+06:00  INFO 27940 --- [flowable-saga-orchestrator-engine] [main] o.f.a.s.SpringAppEngineConfiguration     : class org.flowable.engine.spring.configurator.SpringProcessEngineConfigurator (priority:50000)
2025-02-11T16:47:54.566+06:00  INFO 27940 --- [flowable-saga-orchestrator-engine] [main] o.f.a.s.SpringAppEngineConfiguration     : class org.flowable.eventregistry.spring.configurator.SpringEventRegistryConfigurator (priority:100000)
2025-02-11T16:47:54.567+06:00  INFO 27940 --- [flowable-saga-orchestrator-engine] [main] o.f.a.s.SpringAppEngineConfiguration     : class org.flowable.idm.spring.configurator.SpringIdmEngineConfigurator (priority:150000)
2025-02-11T16:47:54.567+06:00  INFO 27940 --- [flowable-saga-orchestrator-engine] [main] o.f.a.s.SpringAppEngineConfiguration     : class org.flowable.dmn.spring.configurator.SpringDmnEngineConfigurator (priority:200000)
2025-02-11T16:47:54.568+06:00  INFO 27940 --- [flowable-saga-orchestrator-engine] [main] o.f.a.s.SpringAppEngineConfiguration     : class org.flowable.cmmn.spring.configurator.SpringCmmnEngineConfigurator (priority:500000)
2025-02-11T16:47:54.568+06:00  INFO 27940 --- [flowable-saga-orchestrator-engine] [main] o.f.a.s.SpringAppEngineConfiguration     : Executing beforeInit() of class org.flowable.engine.spring.configurator.SpringProcessEngineConfigurator (priority:50000)
2025-02-11T16:47:54.595+06:00  INFO 27940 --- [flowable-saga-orchestrator-engine] [main] o.f.a.s.SpringAppEngineConfiguration     : Executing beforeInit() of class org.flowable.eventregistry.spring.configurator.SpringEventRegistryConfigurator (priority:100000)
2025-02-11T16:47:54.601+06:00  INFO 27940 --- [flowable-saga-orchestrator-engine] [main] o.f.a.s.SpringAppEngineConfiguration     : Executing beforeInit() of class org.flowable.idm.spring.configurator.SpringIdmEngineConfigurator (priority:150000)
2025-02-11T16:47:54.606+06:00  INFO 27940 --- [flowable-saga-orchestrator-engine] [main] o.f.a.s.SpringAppEngineConfiguration     : Executing beforeInit() of class org.flowable.dmn.spring.configurator.SpringDmnEngineConfigurator (priority:200000)
2025-02-11T16:47:54.610+06:00  INFO 27940 --- [flowable-saga-orchestrator-engine] [main] o.f.a.s.SpringAppEngineConfiguration     : Executing beforeInit() of class org.flowable.cmmn.spring.configurator.SpringCmmnEngineConfigurator (priority:500000)
2025-02-11T16:47:54.631+06:00  INFO 27940 --- [flowable-saga-orchestrator-engine] [main] com.zaxxer.hikari.HikariDataSource       : HikariPool-1 - Starting...
2025-02-11T16:47:54.791+06:00  INFO 27940 --- [flowable-saga-orchestrator-engine] [main] com.zaxxer.hikari.pool.HikariPool        : HikariPool-1 - Added connection conn0: url=jdbc:h2:mem:e26b730f-0768-4d96-b19d-e3001fc02085 user=SA
2025-02-11T16:47:54.793+06:00  INFO 27940 --- [flowable-saga-orchestrator-engine] [main] com.zaxxer.hikari.HikariDataSource       : HikariPool-1 - Start completed.
2025-02-11T16:47:55.718+06:00  INFO 27940 --- [flowable-saga-orchestrator-engine] [main] o.f.a.s.SpringAppEngineConfiguration     : Executing configure() of class org.flowable.engine.spring.configurator.SpringProcessEngineConfigurator (priority:50000)
2025-02-11T16:47:55.877+06:00  INFO 27940 --- [flowable-saga-orchestrator-engine] [main] o.f.c.e.impl.db.CommonDbSchemaManager    : performing create on common with resource org/flowable/common/db/create/flowable.h2.create.common.sql
2025-02-11T16:47:55.892+06:00  INFO 27940 --- [flowable-saga-orchestrator-engine] [main] o.f.i.s.i.d.IdentityLinkDbSchemaManager  : performing create on identitylink with resource org/flowable/identitylink/service/db/create/flowable.h2.create.identitylink.sql
2025-02-11T16:47:55.898+06:00  INFO 27940 --- [flowable-saga-orchestrator-engine] [main] o.f.i.s.i.d.IdentityLinkDbSchemaManager  : performing create on identitylink.history with resource org/flowable/identitylink/service/db/create/flowable.h2.create.identitylink.history.sql
2025-02-11T16:47:55.905+06:00  INFO 27940 --- [flowable-saga-orchestrator-engine] [main] o.f.e.s.i.db.EntityLinkDbSchemaManager   : performing create on entitylink with resource org/flowable/entitylink/service/db/create/flowable.h2.create.entitylink.sql
2025-02-11T16:47:55.911+06:00  INFO 27940 --- [flowable-saga-orchestrator-engine] [main] o.f.e.s.i.db.EntityLinkDbSchemaManager   : performing create on entitylink.history with resource org/flowable/entitylink/service/db/create/flowable.h2.create.entitylink.history.sql
2025-02-11T16:47:55.917+06:00  INFO 27940 --- [flowable-saga-orchestrator-engine] [main] e.s.i.d.EventSubscriptionDbSchemaManager : performing create on eventsubscription with resource org/flowable/eventsubscription/service/db/create/flowable.h2.create.eventsubscription.sql
2025-02-11T16:47:55.921+06:00  INFO 27940 --- [flowable-saga-orchestrator-engine] [main] o.f.t.s.impl.db.TaskDbSchemaManager      : performing create on task with resource org/flowable/task/service/db/create/flowable.h2.create.task.sql
2025-02-11T16:47:55.926+06:00  INFO 27940 --- [flowable-saga-orchestrator-engine] [main] o.f.t.s.impl.db.TaskDbSchemaManager      : performing create on task.history with resource org/flowable/task/service/db/create/flowable.h2.create.task.history.sql
2025-02-11T16:47:55.937+06:00  INFO 27940 --- [flowable-saga-orchestrator-engine] [main] o.f.v.s.impl.db.VariableDbSchemaManager  : performing create on variable with resource org/flowable/variable/service/db/create/flowable.h2.create.variable.sql
2025-02-11T16:47:55.966+06:00  INFO 27940 --- [flowable-saga-orchestrator-engine] [main] o.f.v.s.impl.db.VariableDbSchemaManager  : performing create on variable.history with resource org/flowable/variable/service/db/create/flowable.h2.create.variable.history.sql
2025-02-11T16:47:55.971+06:00  INFO 27940 --- [flowable-saga-orchestrator-engine] [main] o.f.j.s.impl.db.JobDbSchemaManager       : performing create on job with resource org/flowable/job/service/db/create/flowable.h2.create.job.sql
2025-02-11T16:47:56.010+06:00  INFO 27940 --- [flowable-saga-orchestrator-engine] [main] o.f.b.s.impl.db.BatchDbSchemaManager     : performing create on batch with resource org/flowable/batch/service/db/create/flowable.h2.create.batch.sql
2025-02-11T16:47:56.015+06:00  INFO 27940 --- [flowable-saga-orchestrator-engine] [main] o.f.e.impl.db.ProcessDbSchemaManager     : performing create on engine with resource org/flowable/db/create/flowable.h2.create.engine.sql
2025-02-11T16:47:56.075+06:00  INFO 27940 --- [flowable-saga-orchestrator-engine] [main] o.f.e.impl.db.ProcessDbSchemaManager     : performing create on history with resource org/flowable/db/create/flowable.h2.create.history.sql
2025-02-11T16:47:56.086+06:00  INFO 27940 --- [flowable-saga-orchestrator-engine] [main] o.f.engine.impl.ProcessEngineImpl        : ProcessEngine default created
2025-02-11T16:47:56.182+06:00  INFO 27940 --- [flowable-saga-orchestrator-engine] [main] o.f.e.impl.cmd.ValidateV5EntitiesCmd     : Total of v5 deployments found: 0
2025-02-11T16:47:56.182+06:00  INFO 27940 --- [flowable-saga-orchestrator-engine] [main] o.f.a.s.SpringAppEngineConfiguration     : Executing configure() of class org.flowable.eventregistry.spring.configurator.SpringEventRegistryConfigurator (priority:100000)
2025-02-11T16:47:56.306+06:00  INFO 27940 --- [flowable-saga-orchestrator-engine] [main] liquibase.database                       : Set default schema name to PUBLIC
2025-02-11T16:47:56.747+06:00  INFO 27940 --- [flowable-saga-orchestrator-engine] [main] liquibase.changelog                      : Creating database history table with name: PUBLIC.FLW_EV_DATABASECHANGELOG
2025-02-11T16:47:56.855+06:00  INFO 27940 --- [flowable-saga-orchestrator-engine] [main] liquibase.changelog                      : Reading from PUBLIC.FLW_EV_DATABASECHANGELOG
2025-02-11T16:47:56.957+06:00  INFO 27940 --- [flowable-saga-orchestrator-engine] [main] liquibase.lockservice                    : Successfully acquired change log lock
2025-02-11T16:47:56.958+06:00  INFO 27940 --- [flowable-saga-orchestrator-engine] [main] liquibase.command                        : Using deploymentId: 9270876958
2025-02-11T16:47:56.960+06:00  INFO 27940 --- [flowable-saga-orchestrator-engine] [main] liquibase.changelog                      : Reading from PUBLIC.FLW_EV_DATABASECHANGELOG
2025-02-11T16:47:57.013+06:00  INFO 27940 --- [flowable-saga-orchestrator-engine] [main] liquibase.changelog                      : Table FLW_EVENT_DEPLOYMENT created
2025-02-11T16:47:57.015+06:00  INFO 27940 --- [flowable-saga-orchestrator-engine] [main] liquibase.changelog                      : Table FLW_EVENT_RESOURCE created
2025-02-11T16:47:57.018+06:00  INFO 27940 --- [flowable-saga-orchestrator-engine] [main] liquibase.changelog                      : Table FLW_EVENT_DEFINITION created
2025-02-11T16:47:57.020+06:00  INFO 27940 --- [flowable-saga-orchestrator-engine] [main] liquibase.changelog                      : Index ACT_IDX_EVENT_DEF_UNIQ created
2025-02-11T16:47:57.022+06:00  INFO 27940 --- [flowable-saga-orchestrator-engine] [main] liquibase.changelog                      : Table FLW_CHANNEL_DEFINITION created
2025-02-11T16:47:57.024+06:00  INFO 27940 --- [flowable-saga-orchestrator-engine] [main] liquibase.changelog                      : Index ACT_IDX_CHANNEL_DEF_UNIQ created
2025-02-11T16:47:57.025+06:00  INFO 27940 --- [flowable-saga-orchestrator-engine] [main] liquibase.changelog                      : ChangeSet org/flowable/eventregistry/db/liquibase/flowable-eventregistry-db-changelog.xml::1::flowable ran successfully in 18ms
2025-02-11T16:47:57.039+06:00  INFO 27940 --- [flowable-saga-orchestrator-engine] [main] liquibase.changelog                      : Columns TYPE_(varchar(255)) added to FLW_CHANNEL_DEFINITION
2025-02-11T16:47:57.042+06:00  INFO 27940 --- [flowable-saga-orchestrator-engine] [main] liquibase.changelog                      : Columns IMPLEMENTATION_(varchar(255)) added to FLW_CHANNEL_DEFINITION
2025-02-11T16:47:57.043+06:00  INFO 27940 --- [flowable-saga-orchestrator-engine] [main] liquibase.changelog                      : ChangeSet org/flowable/eventregistry/db/liquibase/flowable-eventregistry-db-changelog.xml::2::flowable ran successfully in 14ms
2025-02-11T16:47:57.054+06:00  INFO 27940 --- [flowable-saga-orchestrator-engine] [main] liquibase.changelog                      : Set Channel Definition type and implementation columns
2025-02-11T16:47:57.054+06:00  INFO 27940 --- [flowable-saga-orchestrator-engine] [main] liquibase.changelog                      : ChangeSet org/flowable/eventregistry/db/liquibase/flowable-eventregistry-db-changelog.xml::3::flowable ran successfully in 9ms
2025-02-11T16:47:57.062+06:00  INFO 27940 --- [flowable-saga-orchestrator-engine] [main] liquibase.util                           : UPDATE SUMMARY
2025-02-11T16:47:57.062+06:00  INFO 27940 --- [flowable-saga-orchestrator-engine] [main] liquibase.util                           : Run:                          3
2025-02-11T16:47:57.062+06:00  INFO 27940 --- [flowable-saga-orchestrator-engine] [main] liquibase.util                           : Previously run:               0
2025-02-11T16:47:57.063+06:00  INFO 27940 --- [flowable-saga-orchestrator-engine] [main] liquibase.util                           : Filtered out:                 0
2025-02-11T16:47:57.063+06:00  INFO 27940 --- [flowable-saga-orchestrator-engine] [main] liquibase.util                           : -------------------------------
2025-02-11T16:47:57.063+06:00  INFO 27940 --- [flowable-saga-orchestrator-engine] [main] liquibase.util                           : Total change sets:            3
2025-02-11T16:47:57.065+06:00  INFO 27940 --- [flowable-saga-orchestrator-engine] [main] liquibase.util                           : Update summary generated
2025-02-11T16:47:57.067+06:00  INFO 27940 --- [flowable-saga-orchestrator-engine] [main] liquibase.command                        : Update command completed successfully.
2025-02-11T16:47:57.070+06:00  INFO 27940 --- [flowable-saga-orchestrator-engine] [main] liquibase.lockservice                    : Successfully released change log lock
2025-02-11T16:47:57.071+06:00  INFO 27940 --- [flowable-saga-orchestrator-engine] [main] liquibase.command                        : Command execution complete
2025-02-11T16:47:57.072+06:00  INFO 27940 --- [flowable-saga-orchestrator-engine] [main] o.f.e.impl.EventRegistryEngineImpl       : EventRegistryEngine default created
2025-02-11T16:47:57.073+06:00  INFO 27940 --- [flowable-saga-orchestrator-engine] [main] o.f.a.s.SpringAppEngineConfiguration     : Executing configure() of class org.flowable.idm.spring.configurator.SpringIdmEngineConfigurator (priority:150000)
2025-02-11T16:47:57.080+06:00  INFO 27940 --- [flowable-saga-orchestrator-engine] [main] o.f.i.engine.impl.db.IdmDbSchemaManager  : performing create on identity with resource org/flowable/idm/db/create/flowable.h2.create.identity.sql
2025-02-11T16:47:57.087+06:00  INFO 27940 --- [flowable-saga-orchestrator-engine] [main] o.f.idm.engine.impl.IdmEngineImpl        : IdmEngine default created
2025-02-11T16:47:57.089+06:00  INFO 27940 --- [flowable-saga-orchestrator-engine] [main] o.f.a.s.SpringAppEngineConfiguration     : Executing configure() of class org.flowable.dmn.spring.configurator.SpringDmnEngineConfigurator (priority:200000)
2025-02-11T16:47:57.102+06:00  INFO 27940 --- [flowable-saga-orchestrator-engine] [main] liquibase.database                       : Set default schema name to PUBLIC
2025-02-11T16:47:57.129+06:00  INFO 27940 --- [flowable-saga-orchestrator-engine] [main] liquibase.changelog                      : Creating database history table with name: PUBLIC.ACT_DMN_DATABASECHANGELOG
2025-02-11T16:47:57.132+06:00  INFO 27940 --- [flowable-saga-orchestrator-engine] [main] liquibase.changelog                      : Reading from PUBLIC.ACT_DMN_DATABASECHANGELOG
2025-02-11T16:47:57.158+06:00  INFO 27940 --- [flowable-saga-orchestrator-engine] [main] liquibase.lockservice                    : Successfully acquired change log lock
2025-02-11T16:47:57.158+06:00  INFO 27940 --- [flowable-saga-orchestrator-engine] [main] liquibase.command                        : Using deploymentId: 9270877158
2025-02-11T16:47:57.159+06:00  INFO 27940 --- [flowable-saga-orchestrator-engine] [main] liquibase.changelog                      : Reading from PUBLIC.ACT_DMN_DATABASECHANGELOG
2025-02-11T16:47:57.173+06:00  INFO 27940 --- [flowable-saga-orchestrator-engine] [main] liquibase.changelog                      : Table ACT_DMN_DEPLOYMENT created
2025-02-11T16:47:57.175+06:00  INFO 27940 --- [flowable-saga-orchestrator-engine] [main] liquibase.changelog                      : Table ACT_DMN_DEPLOYMENT_RESOURCE created
2025-02-11T16:47:57.177+06:00  INFO 27940 --- [flowable-saga-orchestrator-engine] [main] liquibase.changelog                      : Table ACT_DMN_DECISION_TABLE created
2025-02-11T16:47:57.177+06:00  INFO 27940 --- [flowable-saga-orchestrator-engine] [main] liquibase.changelog                      : ChangeSet org/flowable/dmn/db/liquibase/flowable-dmn-db-changelog.xml::1::activiti ran successfully in 6ms
2025-02-11T16:47:57.184+06:00  INFO 27940 --- [flowable-saga-orchestrator-engine] [main] liquibase.changelog                      : Table ACT_DMN_HI_DECISION_EXECUTION created
2025-02-11T16:47:57.184+06:00  INFO 27940 --- [flowable-saga-orchestrator-engine] [main] liquibase.changelog                      : ChangeSet org/flowable/dmn/db/liquibase/flowable-dmn-db-changelog.xml::2::flowable ran successfully in 4ms
2025-02-11T16:47:57.190+06:00  INFO 27940 --- [flowable-saga-orchestrator-engine] [main] liquibase.changelog                      : Columns SCOPE_TYPE_(varchar(255)) added to ACT_DMN_HI_DECISION_EXECUTION
2025-02-11T16:47:57.191+06:00  INFO 27940 --- [flowable-saga-orchestrator-engine] [main] liquibase.changelog                      : ChangeSet org/flowable/dmn/db/liquibase/flowable-dmn-db-changelog.xml::3::flowable ran successfully in 5ms
2025-02-11T16:47:57.198+06:00  INFO 27940 --- [flowable-saga-orchestrator-engine] [main] liquibase.changelog                      : Column ACT_DMN_DECISION_TABLE.PARENT_DEPLOYMENT_ID_ dropped
2025-02-11T16:47:57.199+06:00  INFO 27940 --- [flowable-saga-orchestrator-engine] [main] liquibase.changelog                      : ChangeSet org/flowable/dmn/db/liquibase/flowable-dmn-db-changelog.xml::4::flowable ran successfully in 4ms
2025-02-11T16:47:57.203+06:00  INFO 27940 --- [flowable-saga-orchestrator-engine] [main] liquibase.changelog                      : Index ACT_IDX_DEC_TBL_UNIQ created
2025-02-11T16:47:57.204+06:00  INFO 27940 --- [flowable-saga-orchestrator-engine] [main] liquibase.changelog                      : ChangeSet org/flowable/dmn/db/liquibase/flowable-dmn-db-changelog.xml::6::flowable ran successfully in 2ms
2025-02-11T16:47:57.207+06:00  INFO 27940 --- [flowable-saga-orchestrator-engine] [main] liquibase.changelog                      : Index ACT_IDX_DEC_TBL_UNIQ dropped from table ACT_DMN_DECISION_TABLE
2025-02-11T16:47:57.208+06:00  INFO 27940 --- [flowable-saga-orchestrator-engine] [main] liquibase.changelog                      : Table ACT_DMN_DECISION_TABLE renamed to ACT_DMN_DECISION
2025-02-11T16:47:57.210+06:00  INFO 27940 --- [flowable-saga-orchestrator-engine] [main] liquibase.changelog                      : Index ACT_IDX_DMN_DEC_UNIQ created
2025-02-11T16:47:57.210+06:00  INFO 27940 --- [flowable-saga-orchestrator-engine] [main] liquibase.changelog                      : ChangeSet org/flowable/dmn/db/liquibase/flowable-dmn-db-changelog.xml::7::flowable ran successfully in 4ms
2025-02-11T16:47:57.216+06:00  INFO 27940 --- [flowable-saga-orchestrator-engine] [main] liquibase.changelog                      : Columns DECISION_TYPE_(varchar(255)) added to ACT_DMN_DECISION
2025-02-11T16:47:57.216+06:00  INFO 27940 --- [flowable-saga-orchestrator-engine] [main] liquibase.changelog                      : ChangeSet org/flowable/dmn/db/liquibase/flowable-dmn-db-changelog.xml::8::flowable ran successfully in 4ms
2025-02-11T16:47:57.219+06:00  INFO 27940 --- [flowable-saga-orchestrator-engine] [main] liquibase.changelog                      : Index ACT_IDX_DMN_INSTANCE_ID created
2025-02-11T16:47:57.220+06:00  INFO 27940 --- [flowable-saga-orchestrator-engine] [main] liquibase.changelog                      : ChangeSet org/flowable/dmn/db/liquibase/flowable-dmn-db-changelog.xml::9::flowable ran successfully in 1ms
2025-02-11T16:47:57.224+06:00  INFO 27940 --- [flowable-saga-orchestrator-engine] [main] liquibase.util                           : UPDATE SUMMARY
2025-02-11T16:47:57.225+06:00  INFO 27940 --- [flowable-saga-orchestrator-engine] [main] liquibase.util                           : Run:                          8
2025-02-11T16:47:57.225+06:00  INFO 27940 --- [flowable-saga-orchestrator-engine] [main] liquibase.util                           : Previously run:               0
2025-02-11T16:47:57.225+06:00  INFO 27940 --- [flowable-saga-orchestrator-engine] [main] liquibase.util                           : Filtered out:                 1
2025-02-11T16:47:57.225+06:00  INFO 27940 --- [flowable-saga-orchestrator-engine] [main] liquibase.util                           : -------------------------------
2025-02-11T16:47:57.226+06:00  INFO 27940 --- [flowable-saga-orchestrator-engine] [main] liquibase.util                           : Total change sets:            9
2025-02-11T16:47:57.226+06:00  INFO 27940 --- [flowable-saga-orchestrator-engine] [main] liquibase.util                           : FILTERED CHANGE SETS SUMMARY
2025-02-11T16:47:57.227+06:00  INFO 27940 --- [flowable-saga-orchestrator-engine] [main] liquibase.util                           : DBMS mismatch:                1
2025-02-11T16:47:57.228+06:00  INFO 27940 --- [flowable-saga-orchestrator-engine] [main] liquibase.util                           : Update summary generated
2025-02-11T16:47:57.229+06:00  INFO 27940 --- [flowable-saga-orchestrator-engine] [main] liquibase.command                        : Update command completed successfully.
2025-02-11T16:47:57.231+06:00  INFO 27940 --- [flowable-saga-orchestrator-engine] [main] liquibase.lockservice                    : Successfully released change log lock
2025-02-11T16:47:57.231+06:00  INFO 27940 --- [flowable-saga-orchestrator-engine] [main] liquibase.command                        : Command execution complete
2025-02-11T16:47:57.231+06:00  INFO 27940 --- [flowable-saga-orchestrator-engine] [main] o.f.dmn.engine.impl.DmnEngineImpl        : DmnEngine default created
2025-02-11T16:47:57.232+06:00  INFO 27940 --- [flowable-saga-orchestrator-engine] [main] o.f.a.s.SpringAppEngineConfiguration     : Executing configure() of class org.flowable.cmmn.spring.configurator.SpringCmmnEngineConfigurator (priority:500000)
2025-02-11T16:47:57.289+06:00  INFO 27940 --- [flowable-saga-orchestrator-engine] [main] liquibase.database                       : Set default schema name to PUBLIC
2025-02-11T16:47:57.323+06:00  INFO 27940 --- [flowable-saga-orchestrator-engine] [main] liquibase.changelog                      : Creating database history table with name: PUBLIC.ACT_CMMN_DATABASECHANGELOG
2025-02-11T16:47:57.325+06:00  INFO 27940 --- [flowable-saga-orchestrator-engine] [main] liquibase.changelog                      : Reading from PUBLIC.ACT_CMMN_DATABASECHANGELOG
2025-02-11T16:47:57.373+06:00  INFO 27940 --- [flowable-saga-orchestrator-engine] [main] liquibase.lockservice                    : Successfully acquired change log lock
2025-02-11T16:47:57.374+06:00  INFO 27940 --- [flowable-saga-orchestrator-engine] [main] liquibase.command                        : Using deploymentId: 9270877374
2025-02-11T16:47:57.375+06:00  INFO 27940 --- [flowable-saga-orchestrator-engine] [main] liquibase.changelog                      : Reading from PUBLIC.ACT_CMMN_DATABASECHANGELOG
2025-02-11T16:47:57.402+06:00  INFO 27940 --- [flowable-saga-orchestrator-engine] [main] liquibase.changelog                      : Table ACT_CMMN_DEPLOYMENT created
2025-02-11T16:47:57.404+06:00  INFO 27940 --- [flowable-saga-orchestrator-engine] [main] liquibase.changelog                      : Table ACT_CMMN_DEPLOYMENT_RESOURCE created
2025-02-11T16:47:57.407+06:00  INFO 27940 --- [flowable-saga-orchestrator-engine] [main] liquibase.changelog                      : Foreign key constraint added to ACT_CMMN_DEPLOYMENT_RESOURCE (DEPLOYMENT_ID_)
2025-02-11T16:47:57.408+06:00  INFO 27940 --- [flowable-saga-orchestrator-engine] [main] liquibase.changelog                      : Index ACT_IDX_CMMN_RSRC_DPL created
2025-02-11T16:47:57.409+06:00  INFO 27940 --- [flowable-saga-orchestrator-engine] [main] liquibase.changelog                      : Table ACT_CMMN_CASEDEF created
2025-02-11T16:47:57.411+06:00  INFO 27940 --- [flowable-saga-orchestrator-engine] [main] liquibase.changelog                      : Foreign key constraint added to ACT_CMMN_CASEDEF (DEPLOYMENT_ID_)
2025-02-11T16:47:57.414+06:00  INFO 27940 --- [flowable-saga-orchestrator-engine] [main] liquibase.changelog                      : Index ACT_IDX_CASE_DEF_DPLY created
2025-02-11T16:47:57.416+06:00  INFO 27940 --- [flowable-saga-orchestrator-engine] [main] liquibase.changelog                      : Table ACT_CMMN_RU_CASE_INST created
2025-02-11T16:47:57.418+06:00  INFO 27940 --- [flowable-saga-orchestrator-engine] [main] liquibase.changelog                      : Foreign key constraint added to ACT_CMMN_RU_CASE_INST (CASE_DEF_ID_)
2025-02-11T16:47:57.419+06:00  INFO 27940 --- [flowable-saga-orchestrator-engine] [main] liquibase.changelog                      : Index ACT_IDX_CASE_INST_CASE_DEF created
2025-02-11T16:47:57.420+06:00  INFO 27940 --- [flowable-saga-orchestrator-engine] [main] liquibase.changelog                      : Index ACT_IDX_CASE_INST_PARENT created
2025-02-11T16:47:57.422+06:00  INFO 27940 --- [flowable-saga-orchestrator-engine] [main] liquibase.changelog                      : Table ACT_CMMN_RU_PLAN_ITEM_INST created
2025-02-11T16:47:57.424+06:00  INFO 27940 --- [flowable-saga-orchestrator-engine] [main] liquibase.changelog                      : Foreign key constraint added to ACT_CMMN_RU_PLAN_ITEM_INST (CASE_DEF_ID_)
2025-02-11T16:47:57.425+06:00  INFO 27940 --- [flowable-saga-orchestrator-engine] [main] liquibase.changelog                      : Index ACT_IDX_PLAN_ITEM_CASE_DEF created
2025-02-11T16:47:57.426+06:00  INFO 27940 --- [flowable-saga-orchestrator-engine] [main] liquibase.changelog                      : Foreign key constraint added to ACT_CMMN_RU_PLAN_ITEM_INST (CASE_INST_ID_)
2025-02-11T16:47:57.427+06:00  INFO 27940 --- [flowable-saga-orchestrator-engine] [main] liquibase.changelog                      : Index ACT_IDX_PLAN_ITEM_CASE_INST created
2025-02-11T16:47:57.429+06:00  INFO 27940 --- [flowable-saga-orchestrator-engine] [main] liquibase.changelog                      : Table ACT_CMMN_RU_SENTRY_PART_INST created
2025-02-11T16:47:57.430+06:00  INFO 27940 --- [flowable-saga-orchestrator-engine] [main] liquibase.changelog                      : Foreign key constraint added to ACT_CMMN_RU_SENTRY_PART_INST (CASE_DEF_ID_)
2025-02-11T16:47:57.431+06:00  INFO 27940 --- [flowable-saga-orchestrator-engine] [main] liquibase.changelog                      : Index ACT_IDX_SENTRY_CASE_DEF created
2025-02-11T16:47:57.433+06:00  INFO 27940 --- [flowable-saga-orchestrator-engine] [main] liquibase.changelog                      : Foreign key constraint added to ACT_CMMN_RU_SENTRY_PART_INST (CASE_INST_ID_)
2025-02-11T16:47:57.435+06:00  INFO 27940 --- [flowable-saga-orchestrator-engine] [main] liquibase.changelog                      : Index ACT_IDX_SENTRY_CASE_INST created
2025-02-11T16:47:57.436+06:00  INFO 27940 --- [flowable-saga-orchestrator-engine] [main] liquibase.changelog                      : Foreign key constraint added to ACT_CMMN_RU_SENTRY_PART_INST (PLAN_ITEM_INST_ID_)
2025-02-11T16:47:57.437+06:00  INFO 27940 --- [flowable-saga-orchestrator-engine] [main] liquibase.changelog                      : Index ACT_IDX_SENTRY_PLAN_ITEM created
2025-02-11T16:47:57.439+06:00  INFO 27940 --- [flowable-saga-orchestrator-engine] [main] liquibase.changelog                      : Table ACT_CMMN_RU_MIL_INST created
2025-02-11T16:47:57.440+06:00  INFO 27940 --- [flowable-saga-orchestrator-engine] [main] liquibase.changelog                      : Foreign key constraint added to ACT_CMMN_RU_MIL_INST (CASE_DEF_ID_)
2025-02-11T16:47:57.442+06:00  INFO 27940 --- [flowable-saga-orchestrator-engine] [main] liquibase.changelog                      : Index ACT_IDX_MIL_CASE_DEF created
2025-02-11T16:47:57.443+06:00  INFO 27940 --- [flowable-saga-orchestrator-engine] [main] liquibase.changelog                      : Foreign key constraint added to ACT_CMMN_RU_MIL_INST (CASE_INST_ID_)
2025-02-11T16:47:57.444+06:00  INFO 27940 --- [flowable-saga-orchestrator-engine] [main] liquibase.changelog                      : Index ACT_IDX_MIL_CASE_INST created
2025-02-11T16:47:57.446+06:00  INFO 27940 --- [flowable-saga-orchestrator-engine] [main] liquibase.changelog                      : Table ACT_CMMN_HI_CASE_INST created
2025-02-11T16:47:57.448+06:00  INFO 27940 --- [flowable-saga-orchestrator-engine] [main] liquibase.changelog                      : Table ACT_CMMN_HI_MIL_INST created
2025-02-11T16:47:57.448+06:00  INFO 27940 --- [flowable-saga-orchestrator-engine] [main] liquibase.changelog                      : ChangeSet org/flowable/cmmn/db/liquibase/flowable-cmmn-db-changelog.xml::1::flowable ran successfully in 47ms
2025-02-11T16:47:57.456+06:00  INFO 27940 --- [flowable-saga-orchestrator-engine] [main] liquibase.changelog                      : Columns DGRM_RESOURCE_NAME_(varchar(4000)),HAS_START_FORM_KEY_(boolean) added to ACT_CMMN_CASEDEF
2025-02-11T16:47:57.459+06:00  INFO 27940 --- [flowable-saga-orchestrator-engine] [main] liquibase.changelog                      : Columns GENERATED_(boolean) added to ACT_CMMN_DEPLOYMENT_RESOURCE
2025-02-11T16:47:57.462+06:00  INFO 27940 --- [flowable-saga-orchestrator-engine] [main] liquibase.changelog                      : Columns LOCK_TIME_(datetime) added to ACT_CMMN_RU_CASE_INST
2025-02-11T16:47:57.467+06:00  INFO 27940 --- [flowable-saga-orchestrator-engine] [main] liquibase.changelog                      : Columns ITEM_DEFINITION_ID_(varchar(255)),ITEM_DEFINITION_TYPE_(varchar(255)) added to ACT_CMMN_RU_PLAN_ITEM_INST
2025-02-11T16:47:57.467+06:00  INFO 27940 --- [flowable-saga-orchestrator-engine] [main] liquibase.changelog                      : ChangeSet org/flowable/cmmn/db/liquibase/flowable-cmmn-db-changelog.xml::2::flowable ran successfully in 15ms
2025-02-11T16:47:57.471+06:00  INFO 27940 --- [flowable-saga-orchestrator-engine] [main] liquibase.changelog                      : Columns IS_COMPLETEABLE_(boolean) added to ACT_CMMN_RU_PLAN_ITEM_INST
2025-02-11T16:47:57.475+06:00  INFO 27940 --- [flowable-saga-orchestrator-engine] [main] liquibase.changelog                      : Columns IS_COMPLETEABLE_(boolean) added to ACT_CMMN_RU_CASE_INST
2025-02-11T16:47:57.476+06:00  INFO 27940 --- [flowable-saga-orchestrator-engine] [main] liquibase.changelog                      : Index ACT_IDX_PLAN_ITEM_STAGE_INST created
2025-02-11T16:47:57.478+06:00  INFO 27940 --- [flowable-saga-orchestrator-engine] [main] liquibase.changelog                      : Columns IS_COUNT_ENABLED_(boolean) added to ACT_CMMN_RU_PLAN_ITEM_INST
2025-02-11T16:47:57.481+06:00  INFO 27940 --- [flowable-saga-orchestrator-engine] [main] liquibase.changelog                      : Columns VAR_COUNT_(integer) added to ACT_CMMN_RU_PLAN_ITEM_INST
2025-02-11T16:47:57.485+06:00  INFO 27940 --- [flowable-saga-orchestrator-engine] [main] liquibase.changelog                      : Columns SENTRY_PART_INST_COUNT_(integer) added to ACT_CMMN_RU_PLAN_ITEM_INST
2025-02-11T16:47:57.486+06:00  INFO 27940 --- [flowable-saga-orchestrator-engine] [main] liquibase.changelog                      : ChangeSet org/flowable/cmmn/db/liquibase/flowable-cmmn-db-changelog.xml::3::flowable ran successfully in 15ms
2025-02-11T16:47:57.496+06:00  INFO 27940 --- [flowable-saga-orchestrator-engine] [main] liquibase.changelog                      : Table ACT_CMMN_HI_PLAN_ITEM_INST created
2025-02-11T16:47:57.499+06:00  INFO 27940 --- [flowable-saga-orchestrator-engine] [main] liquibase.changelog                      : Columns TENANT_ID_(varchar(255)) added to ACT_CMMN_RU_MIL_INST
2025-02-11T16:47:57.501+06:00  INFO 27940 --- [flowable-saga-orchestrator-engine] [main] liquibase.changelog                      : Columns TENANT_ID_(varchar(255)) added to ACT_CMMN_HI_MIL_INST
2025-02-11T16:47:57.501+06:00  INFO 27940 --- [flowable-saga-orchestrator-engine] [main] liquibase.changelog                      : ChangeSet org/flowable/cmmn/db/liquibase/flowable-cmmn-db-changelog.xml::4::flowable ran successfully in 13ms
2025-02-11T16:47:57.504+06:00  INFO 27940 --- [flowable-saga-orchestrator-engine] [main] liquibase.changelog                      : Index ACT_IDX_CASE_DEF_UNIQ created
2025-02-11T16:47:57.504+06:00  INFO 27940 --- [flowable-saga-orchestrator-engine] [main] liquibase.changelog                      : ChangeSet org/flowable/cmmn/db/liquibase/flowable-cmmn-db-changelog.xml::6::flowable ran successfully in 1ms
2025-02-11T16:47:57.508+06:00  INFO 27940 --- [flowable-saga-orchestrator-engine] [main] liquibase.changelog                      : Column ACT_CMMN_RU_PLAN_ITEM_INST.START_TIME_ renamed to CREATE_TIME_
2025-02-11T16:47:57.509+06:00  INFO 27940 --- [flowable-saga-orchestrator-engine] [main] liquibase.changelog                      : Column ACT_CMMN_HI_PLAN_ITEM_INST.CREATED_TIME_ renamed to CREATE_TIME_
2025-02-11T16:47:57.534+06:00  INFO 27940 --- [flowable-saga-orchestrator-engine] [main] liquibase.changelog                      : Columns LAST_AVAILABLE_TIME_(datetime(3)),LAST_ENABLED_TIME_(datetime(3)),LAST_DISABLED_TIME_(datetime(3)),LAST_STARTED_TIME_(datetime(3)),LAST_SUSPENDED_TIME_(datetime(3)),COMPLETED_TIME_(datetime(3)),OCCURRED_TIME_(datetime(3)),TERMINATED_TIME_(datetime(3)),EXIT_TIME_(datetime(3)),ENDED_TIME_(datetime(3)),ENTRY_CRITERION_ID_(varchar(255)),EXIT_CRITERION_ID_(varchar(255)) added to ACT_CMMN_RU_PLAN_ITEM_INST
2025-02-11T16:47:57.537+06:00  INFO 27940 --- [flowable-saga-orchestrator-engine] [main] liquibase.changelog                      : Columns ENTRY_CRITERION_ID_(varchar(255)),EXIT_CRITERION_ID_(varchar(255)) added to ACT_CMMN_HI_PLAN_ITEM_INST
2025-02-11T16:47:57.537+06:00  INFO 27940 --- [flowable-saga-orchestrator-engine] [main] liquibase.changelog                      : ChangeSet org/flowable/cmmn/db/liquibase/flowable-cmmn-db-changelog.xml::7::flowable ran successfully in 31ms
2025-02-11T16:47:57.540+06:00  INFO 27940 --- [flowable-saga-orchestrator-engine] [main] liquibase.changelog                      : Columns SHOW_IN_OVERVIEW_(boolean) added to ACT_CMMN_HI_PLAN_ITEM_INST
2025-02-11T16:47:57.541+06:00  INFO 27940 --- [flowable-saga-orchestrator-engine] [main] liquibase.changelog                      : ChangeSet org/flowable/cmmn/db/liquibase/flowable-cmmn-db-changelog.xml::8::flowable ran successfully in 2ms
2025-02-11T16:47:57.544+06:00  INFO 27940 --- [flowable-saga-orchestrator-engine] [main] liquibase.changelog                      : Columns EXTRA_VALUE_(varchar(255)) added to ACT_CMMN_RU_PLAN_ITEM_INST
2025-02-11T16:47:57.546+06:00  INFO 27940 --- [flowable-saga-orchestrator-engine] [main] liquibase.changelog                      : Columns EXTRA_VALUE_(varchar(255)) added to ACT_CMMN_HI_PLAN_ITEM_INST
2025-02-11T16:47:57.546+06:00  INFO 27940 --- [flowable-saga-orchestrator-engine] [main] liquibase.changelog                      : ChangeSet org/flowable/cmmn/db/liquibase/flowable-cmmn-db-changelog.xml::9::flowable ran successfully in 4ms
2025-02-11T16:47:57.551+06:00  INFO 27940 --- [flowable-saga-orchestrator-engine] [main] liquibase.changelog                      : Columns REFERENCE_ID_(varchar(255)) added to ACT_CMMN_RU_CASE_INST
2025-02-11T16:47:57.553+06:00  INFO 27940 --- [flowable-saga-orchestrator-engine] [main] liquibase.changelog                      : Columns REFERENCE_TYPE_(varchar(255)) added to ACT_CMMN_RU_CASE_INST
2025-02-11T16:47:57.554+06:00  INFO 27940 --- [flowable-saga-orchestrator-engine] [main] liquibase.changelog                      : Index ACT_IDX_CASE_INST_REF_ID_ created
2025-02-11T16:47:57.555+06:00  INFO 27940 --- [flowable-saga-orchestrator-engine] [main] liquibase.changelog                      : Columns REFERENCE_ID_(varchar(255)) added to ACT_CMMN_HI_CASE_INST
2025-02-11T16:47:57.557+06:00  INFO 27940 --- [flowable-saga-orchestrator-engine] [main] liquibase.changelog                      : Columns REFERENCE_TYPE_(varchar(255)) added to ACT_CMMN_HI_CASE_INST
2025-02-11T16:47:57.557+06:00  INFO 27940 --- [flowable-saga-orchestrator-engine] [main] liquibase.changelog                      : ChangeSet org/flowable/cmmn/db/liquibase/flowable-cmmn-db-changelog.xml::10::flowable ran successfully in 9ms
2025-02-11T16:47:57.560+06:00  INFO 27940 --- [flowable-saga-orchestrator-engine] [main] liquibase.changelog                      : Columns DERIVED_CASE_DEF_ID_(varchar(255)) added to ACT_CMMN_RU_PLAN_ITEM_INST
2025-02-11T16:47:57.562+06:00  INFO 27940 --- [flowable-saga-orchestrator-engine] [main] liquibase.changelog                      : Columns DERIVED_CASE_DEF_ID_(varchar(255)) added to ACT_CMMN_HI_PLAN_ITEM_INST
2025-02-11T16:47:57.562+06:00  INFO 27940 --- [flowable-saga-orchestrator-engine] [main] liquibase.changelog                      : ChangeSet org/flowable/cmmn/db/liquibase/flowable-cmmn-db-changelog.xml::11::flowable ran successfully in 3ms
2025-02-11T16:47:57.567+06:00  INFO 27940 --- [flowable-saga-orchestrator-engine] [main] liquibase.changelog                      : Columns LOCK_OWNER_(varchar(255)) added to ACT_CMMN_RU_CASE_INST
2025-02-11T16:47:57.567+06:00  INFO 27940 --- [flowable-saga-orchestrator-engine] [main] liquibase.changelog                      : ChangeSet org/flowable/cmmn/db/liquibase/flowable-cmmn-db-changelog.xml::12::flowable ran successfully in 3ms
2025-02-11T16:47:57.572+06:00  INFO 27940 --- [flowable-saga-orchestrator-engine] [main] liquibase.changelog                      : Columns LAST_UNAVAILABLE_TIME_(datetime(3)) added to ACT_CMMN_RU_PLAN_ITEM_INST
2025-02-11T16:47:57.573+06:00  INFO 27940 --- [flowable-saga-orchestrator-engine] [main] liquibase.changelog                      : Columns LAST_UNAVAILABLE_TIME_(datetime(3)) added to ACT_CMMN_HI_PLAN_ITEM_INST
2025-02-11T16:47:57.574+06:00  INFO 27940 --- [flowable-saga-orchestrator-engine] [main] liquibase.changelog                      : ChangeSet org/flowable/cmmn/db/liquibase/flowable-cmmn-db-changelog.xml::13::flowable ran successfully in 4ms
2025-02-11T16:47:57.579+06:00  INFO 27940 --- [flowable-saga-orchestrator-engine] [main] liquibase.changelog                      : Columns LAST_REACTIVATION_TIME_(datetime(3)),LAST_REACTIVATION_USER_ID_(varchar(255)) added to ACT_CMMN_RU_CASE_INST
2025-02-11T16:47:57.584+06:00  INFO 27940 --- [flowable-saga-orchestrator-engine] [main] liquibase.changelog                      : Columns LAST_REACTIVATION_TIME_(datetime(3)),LAST_REACTIVATION_USER_ID_(varchar(255)) added to ACT_CMMN_HI_CASE_INST
2025-02-11T16:47:57.584+06:00  INFO 27940 --- [flowable-saga-orchestrator-engine] [main] liquibase.changelog                      : ChangeSet org/flowable/cmmn/db/liquibase/flowable-cmmn-db-changelog.xml::14::flowable ran successfully in 9ms
2025-02-11T16:47:57.588+06:00  INFO 27940 --- [flowable-saga-orchestrator-engine] [main] liquibase.changelog                      : Columns BUSINESS_STATUS_(varchar(255)) added to ACT_CMMN_RU_CASE_INST
2025-02-11T16:47:57.589+06:00  INFO 27940 --- [flowable-saga-orchestrator-engine] [main] liquibase.changelog                      : Columns BUSINESS_STATUS_(varchar(255)) added to ACT_CMMN_HI_CASE_INST
2025-02-11T16:47:57.589+06:00  INFO 27940 --- [flowable-saga-orchestrator-engine] [main] liquibase.changelog                      : ChangeSet org/flowable/cmmn/db/liquibase/flowable-cmmn-db-changelog.xml::16::flowable ran successfully in 3ms
2025-02-11T16:47:57.592+06:00  INFO 27940 --- [flowable-saga-orchestrator-engine] [main] liquibase.changelog                      : Index ACT_IDX_HI_CASE_INST_END created
2025-02-11T16:47:57.592+06:00  INFO 27940 --- [flowable-saga-orchestrator-engine] [main] liquibase.changelog                      : ChangeSet org/flowable/cmmn/db/liquibase/flowable-cmmn-db-changelog.xml::17::flowable ran successfully in 1ms
2025-02-11T16:47:57.594+06:00  INFO 27940 --- [flowable-saga-orchestrator-engine] [main] liquibase.util                           : UPDATE SUMMARY
2025-02-11T16:47:57.594+06:00  INFO 27940 --- [flowable-saga-orchestrator-engine] [main] liquibase.util                           : Run:                         15
2025-02-11T16:47:57.595+06:00  INFO 27940 --- [flowable-saga-orchestrator-engine] [main] liquibase.util                           : Previously run:               0
2025-02-11T16:47:57.595+06:00  INFO 27940 --- [flowable-saga-orchestrator-engine] [main] liquibase.util                           : Filtered out:                 2
2025-02-11T16:47:57.595+06:00  INFO 27940 --- [flowable-saga-orchestrator-engine] [main] liquibase.util                           : -------------------------------
2025-02-11T16:47:57.595+06:00  INFO 27940 --- [flowable-saga-orchestrator-engine] [main] liquibase.util                           : Total change sets:           17
2025-02-11T16:47:57.595+06:00  INFO 27940 --- [flowable-saga-orchestrator-engine] [main] liquibase.util                           : FILTERED CHANGE SETS SUMMARY
2025-02-11T16:47:57.595+06:00  INFO 27940 --- [flowable-saga-orchestrator-engine] [main] liquibase.util                           : DBMS mismatch:                2
2025-02-11T16:47:57.596+06:00  INFO 27940 --- [flowable-saga-orchestrator-engine] [main] liquibase.util                           : Update summary generated
2025-02-11T16:47:57.596+06:00  INFO 27940 --- [flowable-saga-orchestrator-engine] [main] liquibase.command                        : Update command completed successfully.
2025-02-11T16:47:57.597+06:00  INFO 27940 --- [flowable-saga-orchestrator-engine] [main] liquibase.lockservice                    : Successfully released change log lock
2025-02-11T16:47:57.598+06:00  INFO 27940 --- [flowable-saga-orchestrator-engine] [main] liquibase.command                        : Command execution complete
2025-02-11T16:47:57.598+06:00  INFO 27940 --- [flowable-saga-orchestrator-engine] [main] o.f.cmmn.engine.impl.CmmnEngineImpl      : CmmnEngine default created
2025-02-11T16:47:57.602+06:00  INFO 27940 --- [flowable-saga-orchestrator-engine] [main] liquibase.database                       : Set default schema name to PUBLIC
2025-02-11T16:47:57.614+06:00  INFO 27940 --- [flowable-saga-orchestrator-engine] [main] liquibase.changelog                      : Creating database history table with name: PUBLIC.ACT_APP_DATABASECHANGELOG
2025-02-11T16:47:57.616+06:00  INFO 27940 --- [flowable-saga-orchestrator-engine] [main] liquibase.changelog                      : Reading from PUBLIC.ACT_APP_DATABASECHANGELOG
2025-02-11T16:47:57.624+06:00  INFO 27940 --- [flowable-saga-orchestrator-engine] [main] liquibase.lockservice                    : Successfully acquired change log lock
2025-02-11T16:47:57.625+06:00  INFO 27940 --- [flowable-saga-orchestrator-engine] [main] liquibase.command                        : Using deploymentId: 9270877625
2025-02-11T16:47:57.625+06:00  INFO 27940 --- [flowable-saga-orchestrator-engine] [main] liquibase.changelog                      : Reading from PUBLIC.ACT_APP_DATABASECHANGELOG
2025-02-11T16:47:57.631+06:00  INFO 27940 --- [flowable-saga-orchestrator-engine] [main] liquibase.changelog                      : Table ACT_APP_DEPLOYMENT created
2025-02-11T16:47:57.633+06:00  INFO 27940 --- [flowable-saga-orchestrator-engine] [main] liquibase.changelog                      : Table ACT_APP_DEPLOYMENT_RESOURCE created
2025-02-11T16:47:57.634+06:00  INFO 27940 --- [flowable-saga-orchestrator-engine] [main] liquibase.changelog                      : Foreign key constraint added to ACT_APP_DEPLOYMENT_RESOURCE (DEPLOYMENT_ID_)
2025-02-11T16:47:57.635+06:00  INFO 27940 --- [flowable-saga-orchestrator-engine] [main] liquibase.changelog                      : Index ACT_IDX_APP_RSRC_DPL created
2025-02-11T16:47:57.636+06:00  INFO 27940 --- [flowable-saga-orchestrator-engine] [main] liquibase.changelog                      : Table ACT_APP_APPDEF created
2025-02-11T16:47:57.637+06:00  INFO 27940 --- [flowable-saga-orchestrator-engine] [main] liquibase.changelog                      : Foreign key constraint added to ACT_APP_APPDEF (DEPLOYMENT_ID_)
2025-02-11T16:47:57.638+06:00  INFO 27940 --- [flowable-saga-orchestrator-engine] [main] liquibase.changelog                      : Index ACT_IDX_APP_DEF_DPLY created
2025-02-11T16:47:57.638+06:00  INFO 27940 --- [flowable-saga-orchestrator-engine] [main] liquibase.changelog                      : ChangeSet org/flowable/app/db/liquibase/flowable-app-db-changelog.xml::1::flowable ran successfully in 8ms
2025-02-11T16:47:57.640+06:00  INFO 27940 --- [flowable-saga-orchestrator-engine] [main] liquibase.changelog                      : Index ACT_IDX_APP_DEF_UNIQ created
2025-02-11T16:47:57.641+06:00  INFO 27940 --- [flowable-saga-orchestrator-engine] [main] liquibase.changelog                      : ChangeSet org/flowable/app/db/liquibase/flowable-app-db-changelog.xml::3::flowable ran successfully in 1ms
2025-02-11T16:47:57.642+06:00  INFO 27940 --- [flowable-saga-orchestrator-engine] [main] liquibase.util                           : UPDATE SUMMARY
2025-02-11T16:47:57.643+06:00  INFO 27940 --- [flowable-saga-orchestrator-engine] [main] liquibase.util                           : Run:                          2
2025-02-11T16:47:57.643+06:00  INFO 27940 --- [flowable-saga-orchestrator-engine] [main] liquibase.util                           : Previously run:               0
2025-02-11T16:47:57.643+06:00  INFO 27940 --- [flowable-saga-orchestrator-engine] [main] liquibase.util                           : Filtered out:                 1
2025-02-11T16:47:57.643+06:00  INFO 27940 --- [flowable-saga-orchestrator-engine] [main] liquibase.util                           : -------------------------------
2025-02-11T16:47:57.643+06:00  INFO 27940 --- [flowable-saga-orchestrator-engine] [main] liquibase.util                           : Total change sets:            3
2025-02-11T16:47:57.643+06:00  INFO 27940 --- [flowable-saga-orchestrator-engine] [main] liquibase.util                           : FILTERED CHANGE SETS SUMMARY
2025-02-11T16:47:57.644+06:00  INFO 27940 --- [flowable-saga-orchestrator-engine] [main] liquibase.util                           : DBMS mismatch:                1
2025-02-11T16:47:57.644+06:00  INFO 27940 --- [flowable-saga-orchestrator-engine] [main] liquibase.util                           : Update summary generated
2025-02-11T16:47:57.644+06:00  INFO 27940 --- [flowable-saga-orchestrator-engine] [main] liquibase.command                        : Update command completed successfully.
2025-02-11T16:47:57.645+06:00  INFO 27940 --- [flowable-saga-orchestrator-engine] [main] liquibase.lockservice                    : Successfully released change log lock
2025-02-11T16:47:57.645+06:00  INFO 27940 --- [flowable-saga-orchestrator-engine] [main] liquibase.command                        : Command execution complete
2025-02-11T16:47:57.646+06:00  INFO 27940 --- [flowable-saga-orchestrator-engine] [main] o.f.app.engine.impl.AppEngineImpl        : AppEngine default created
2025-02-11T16:47:57.947+06:00  INFO 27940 --- [flowable-saga-orchestrator-engine] [main] o.f.j.s.i.a.AbstractAsyncExecutor        : Starting up the async job executor [org.flowable.spring.job.service.SpringAsyncExecutor] for engine cmmn
2025-02-11T16:47:57.958+06:00  INFO 27940 --- [flowable-saga-orchestrator-engine] [main] o.f.j.s.i.a.AbstractAsyncExecutor        : Starting up the async job executor [org.flowable.spring.job.service.SpringAsyncExecutor] for engine bpmn
2025-02-11T16:47:57.959+06:00  INFO 27940 --- [flowable-saga-orchestrator-engine] [Thread-3] o.f.j.s.i.a.ResetExpiredJobsRunnable     : starting to reset expired jobs for engine cmmn
2025-02-11T16:47:57.960+06:00  INFO 27940 --- [flowable-saga-orchestrator-engine] [Thread-2] o.f.j.s.i.a.AcquireTimerJobsRunnable     : starting to acquire async jobs due for engine cmmn
2025-02-11T16:47:57.962+06:00  INFO 27940 --- [flowable-saga-orchestrator-engine] [Thread-1] o.f.j.s.i.a.AcquireAsyncJobsDueRunnable  : starting to acquire async jobs due for engine cmmn
2025-02-11T16:47:57.965+06:00  INFO 27940 --- [flowable-saga-orchestrator-engine] [main] o.f.s.c.DefaultAutoDeploymentStrategy    : Deploying resources [file [D:\Projects\Code\spring-flowable-microservice-event-driven-example\flowable-saga-orchestrator-engine\target\classes\processes\order-saga.bpmn20.xml]] for engine org.flowable.engine.impl.ProcessEngineImpl@25639668 deployment name hint SpringBootAutoDeployment
2025-02-11T16:47:57.966+06:00  INFO 27940 --- [flowable-saga-orchestrator-engine] [Thread-4] o.f.j.s.i.a.AcquireAsyncJobsDueRunnable  : starting to acquire async jobs due for engine bpmn
2025-02-11T16:47:57.966+06:00  INFO 27940 --- [flowable-saga-orchestrator-engine] [Thread-5] o.f.j.s.i.a.AcquireTimerJobsRunnable     : starting to acquire async jobs due for engine bpmn
2025-02-11T16:47:57.967+06:00  INFO 27940 --- [flowable-saga-orchestrator-engine] [Thread-6] o.f.j.s.i.a.ResetExpiredJobsRunnable     : starting to reset expired jobs for engine bpmn
2025-02-11T16:47:58.115+06:00  INFO 27940 --- [flowable-saga-orchestrator-engine] [main] o.s.b.w.embedded.tomcat.TomcatWebServer  : Tomcat started on port 8080 (http) with context path '/'
2025-02-11T16:47:58.145+06:00  INFO 27940 --- [flowable-saga-orchestrator-engine] [main] o.a.k.clients.consumer.ConsumerConfig    : ConsumerConfig values: 
	allow.auto.create.topics = true
	auto.commit.interval.ms = 5000
	auto.include.jmx.reporter = true
	auto.offset.reset = earliest
	bootstrap.servers = [localhost:9092]
	check.crcs = true
	client.dns.lookup = use_all_dns_ips
	client.id = consumer-saga-group-1
	client.rack = 
	connections.max.idle.ms = 540000
	default.api.timeout.ms = 60000
	enable.auto.commit = false
	enable.metrics.push = true
	exclude.internal.topics = true
	fetch.max.bytes = 52428800
	fetch.max.wait.ms = 500
	fetch.min.bytes = 1
	group.id = saga-group
	group.instance.id = null
	group.protocol = classic
	group.remote.assignor = null
	heartbeat.interval.ms = 3000
	interceptor.classes = []
	internal.leave.group.on.close = true
	internal.throw.on.fetch.stable.offset.unsupported = false
	isolation.level = read_uncommitted
	key.deserializer = class org.apache.kafka.common.serialization.StringDeserializer
	max.partition.fetch.bytes = 1048576
	max.poll.interval.ms = 300000
	max.poll.records = 500
	metadata.max.age.ms = 300000
	metadata.recovery.strategy = none
	metric.reporters = []
	metrics.num.samples = 2
	metrics.recording.level = INFO
	metrics.sample.window.ms = 30000
	partition.assignment.strategy = [class org.apache.kafka.clients.consumer.RangeAssignor, class org.apache.kafka.clients.consumer.CooperativeStickyAssignor]
	receive.buffer.bytes = 65536
	reconnect.backoff.max.ms = 1000
	reconnect.backoff.ms = 50
	request.timeout.ms = 30000
	retry.backoff.max.ms = 1000
	retry.backoff.ms = 100
	sasl.client.callback.handler.class = null
	sasl.jaas.config = null
	sasl.kerberos.kinit.cmd = /usr/bin/kinit
	sasl.kerberos.min.time.before.relogin = 60000
	sasl.kerberos.service.name = null
	sasl.kerberos.ticket.renew.jitter = 0.05
	sasl.kerberos.ticket.renew.window.factor = 0.8
	sasl.login.callback.handler.class = null
	sasl.login.class = null
	sasl.login.connect.timeout.ms = null
	sasl.login.read.timeout.ms = null
	sasl.login.refresh.buffer.seconds = 300
	sasl.login.refresh.min.period.seconds = 60
	sasl.login.refresh.window.factor = 0.8
	sasl.login.refresh.window.jitter = 0.05
	sasl.login.retry.backoff.max.ms = 10000
	sasl.login.retry.backoff.ms = 100
	sasl.mechanism = GSSAPI
	sasl.oauthbearer.clock.skew.seconds = 30
	sasl.oauthbearer.expected.audience = null
	sasl.oauthbearer.expected.issuer = null
	sasl.oauthbearer.jwks.endpoint.refresh.ms = 3600000
	sasl.oauthbearer.jwks.endpoint.retry.backoff.max.ms = 10000
	sasl.oauthbearer.jwks.endpoint.retry.backoff.ms = 100
	sasl.oauthbearer.jwks.endpoint.url = null
	sasl.oauthbearer.scope.claim.name = scope
	sasl.oauthbearer.sub.claim.name = sub
	sasl.oauthbearer.token.endpoint.url = null
	security.protocol = PLAINTEXT
	security.providers = null
	send.buffer.bytes = 131072
	session.timeout.ms = 45000
	socket.connection.setup.timeout.max.ms = 30000
	socket.connection.setup.timeout.ms = 10000
	ssl.cipher.suites = null
	ssl.enabled.protocols = [TLSv1.2, TLSv1.3]
	ssl.endpoint.identification.algorithm = https
	ssl.engine.factory.class = null
	ssl.key.password = null
	ssl.keymanager.algorithm = SunX509
	ssl.keystore.certificate.chain = null
	ssl.keystore.key = null
	ssl.keystore.location = null
	ssl.keystore.password = null
	ssl.keystore.type = JKS
	ssl.protocol = TLSv1.3
	ssl.provider = null
	ssl.secure.random.implementation = null
	ssl.trustmanager.algorithm = PKIX
	ssl.truststore.certificates = null
	ssl.truststore.location = null
	ssl.truststore.password = null
	ssl.truststore.type = JKS
	value.deserializer = class org.apache.kafka.common.serialization.StringDeserializer

2025-02-11T16:47:58.181+06:00  INFO 27940 --- [flowable-saga-orchestrator-engine] [main] o.a.k.c.t.i.KafkaMetricsCollector        : initializing Kafka metrics collector
2025-02-11T16:47:58.294+06:00  INFO 27940 --- [flowable-saga-orchestrator-engine] [main] o.a.kafka.common.utils.AppInfoParser     : Kafka version: 3.8.1
2025-02-11T16:47:58.295+06:00  INFO 27940 --- [flowable-saga-orchestrator-engine] [main] o.a.kafka.common.utils.AppInfoParser     : Kafka commitId: 70d6ff42debf7e17
2025-02-11T16:47:58.295+06:00  INFO 27940 --- [flowable-saga-orchestrator-engine] [main] o.a.kafka.common.utils.AppInfoParser     : Kafka startTimeMs: 1739270878294
2025-02-11T16:47:58.298+06:00  INFO 27940 --- [flowable-saga-orchestrator-engine] [main] o.a.k.c.c.internals.LegacyKafkaConsumer  : [Consumer clientId=consumer-saga-group-1, groupId=saga-group] Subscribed to topic(s): saga-replies
2025-02-11T16:47:58.312+06:00  INFO 27940 --- [flowable-saga-orchestrator-engine] [main] lowableSagaOrchestratorEngineApplication : Started FlowableSagaOrchestratorEngineApplication in 6.015 seconds (process running for 6.456)
2025-02-11T16:47:58.559+06:00  INFO 27940 --- [flowable-saga-orchestrator-engine] [org.springframework.kafka.KafkaListenerEndpointContainer#0-0-C-1] org.apache.kafka.clients.Metadata        : [Consumer clientId=consumer-saga-group-1, groupId=saga-group] Cluster ID: XzrhhWtpQfK-3XwjysfkIg
2025-02-11T16:47:58.560+06:00  INFO 27940 --- [flowable-saga-orchestrator-engine] [org.springframework.kafka.KafkaListenerEndpointContainer#0-0-C-1] o.a.k.c.c.internals.ConsumerCoordinator  : [Consumer clientId=consumer-saga-group-1, groupId=saga-group] Discovered group coordinator localhost:9092 (id: 2147482646 rack: null)
2025-02-11T16:47:58.562+06:00  INFO 27940 --- [flowable-saga-orchestrator-engine] [org.springframework.kafka.KafkaListenerEndpointContainer#0-0-C-1] o.a.k.c.c.internals.ConsumerCoordinator  : [Consumer clientId=consumer-saga-group-1, groupId=saga-group] (Re-)joining group
2025-02-11T16:47:58.583+06:00  INFO 27940 --- [flowable-saga-orchestrator-engine] [org.springframework.kafka.KafkaListenerEndpointContainer#0-0-C-1] o.a.k.c.c.internals.ConsumerCoordinator  : [Consumer clientId=consumer-saga-group-1, groupId=saga-group] Request joining group due to: need to re-join with the given member-id: consumer-saga-group-1-b4e5e3fc-3c8b-4a8a-8eed-0a4de14a37e2
2025-02-11T16:47:58.584+06:00  INFO 27940 --- [flowable-saga-orchestrator-engine] [org.springframework.kafka.KafkaListenerEndpointContainer#0-0-C-1] o.a.k.c.c.internals.ConsumerCoordinator  : [Consumer clientId=consumer-saga-group-1, groupId=saga-group] (Re-)joining group
2025-02-11T16:47:58.599+06:00  INFO 27940 --- [flowable-saga-orchestrator-engine] [org.springframework.kafka.KafkaListenerEndpointContainer#0-0-C-1] o.a.k.c.c.internals.ConsumerCoordinator  : [Consumer clientId=consumer-saga-group-1, groupId=saga-group] Successfully joined group with generation Generation{generationId=3, memberId='consumer-saga-group-1-b4e5e3fc-3c8b-4a8a-8eed-0a4de14a37e2', protocol='range'}
2025-02-11T16:47:58.604+06:00  INFO 27940 --- [flowable-saga-orchestrator-engine] [org.springframework.kafka.KafkaListenerEndpointContainer#0-0-C-1] o.a.k.c.c.internals.ConsumerCoordinator  : [Consumer clientId=consumer-saga-group-1, groupId=saga-group] Finished assignment for group at generation 3: {consumer-saga-group-1-b4e5e3fc-3c8b-4a8a-8eed-0a4de14a37e2=Assignment(partitions=[saga-replies-0])}
2025-02-11T16:47:58.634+06:00  INFO 27940 --- [flowable-saga-orchestrator-engine] [org.springframework.kafka.KafkaListenerEndpointContainer#0-0-C-1] o.a.k.c.c.internals.ConsumerCoordinator  : [Consumer clientId=consumer-saga-group-1, groupId=saga-group] Successfully synced group in generation Generation{generationId=3, memberId='consumer-saga-group-1-b4e5e3fc-3c8b-4a8a-8eed-0a4de14a37e2', protocol='range'}
2025-02-11T16:47:58.639+06:00  INFO 27940 --- [flowable-saga-orchestrator-engine] [org.springframework.kafka.KafkaListenerEndpointContainer#0-0-C-1] o.a.k.c.c.internals.ConsumerCoordinator  : [Consumer clientId=consumer-saga-group-1, groupId=saga-group] Notifying assignor about the new Assignment(partitions=[saga-replies-0])
2025-02-11T16:47:58.646+06:00  INFO 27940 --- [flowable-saga-orchestrator-engine] [org.springframework.kafka.KafkaListenerEndpointContainer#0-0-C-1] k.c.c.i.ConsumerRebalanceListenerInvoker : [Consumer clientId=consumer-saga-group-1, groupId=saga-group] Adding newly assigned partitions: saga-replies-0
2025-02-11T16:47:58.695+06:00  INFO 27940 --- [flowable-saga-orchestrator-engine] [org.springframework.kafka.KafkaListenerEndpointContainer#0-0-C-1] o.a.k.c.c.internals.ConsumerUtils        : Setting offset for partition saga-replies-0 to the committed offset FetchPosition{offset=1, offsetEpoch=Optional.empty, currentLeader=LeaderAndEpoch{leader=Optional[localhost:9092 (id: 1001 rack: null)], epoch=0}}
2025-02-11T16:47:58.812+06:00  INFO 27940 --- [flowable-saga-orchestrator-engine] [org.springframework.kafka.KafkaListenerEndpointContainer#0-0-C-1] o.s.k.l.KafkaMessageListenerContainer    : saga-group: partitions assigned: [saga-replies-0]
2025-02-11T16:50:43.065+06:00  INFO 27940 --- [flowable-saga-orchestrator-engine] [http-nio-8080-exec-1] o.a.c.c.C.[Tomcat].[localhost].[/]       : Initializing Spring DispatcherServlet 'dispatcherServlet'
2025-02-11T16:50:43.074+06:00  INFO 27940 --- [flowable-saga-orchestrator-engine] [http-nio-8080-exec-1] o.s.web.servlet.DispatcherServlet        : Initializing Servlet 'dispatcherServlet'
2025-02-11T16:50:43.074+06:00  INFO 27940 --- [flowable-saga-orchestrator-engine] [http-nio-8080-exec-1] o.s.web.servlet.DispatcherServlet        : Completed initialization in 0 ms
2025-02-11T16:50:43.144+06:00  INFO 27940 --- [flowable-saga-orchestrator-engine] [http-nio-8080-exec-1] h.e.f.C.OrchestratorEngineController     : Starting Order Saga for orderId = 12345
2025-02-11T16:50:43.176+06:00  INFO 27940 --- [flowable-saga-orchestrator-engine] [http-nio-8080-exec-1] h.e.f.Service.Kafka.Producer             : ************** Received a new workflow service task. Sending relevant event to Kafka. OrderId: 12345, Message: {"orderId": "12345", "event": "sendCreateOrder"} **************
2025-02-11T16:50:43.192+06:00  INFO 27940 --- [flowable-saga-orchestrator-engine] [http-nio-8080-exec-1] o.a.k.clients.producer.ProducerConfig    : ProducerConfig values: 
	acks = -1
	auto.include.jmx.reporter = true
	batch.size = 16384
	bootstrap.servers = [localhost:9092]
	buffer.memory = 33554432
	client.dns.lookup = use_all_dns_ips
	client.id = flowable-saga-orchestrator-engine-producer-1
	compression.gzip.level = -1
	compression.lz4.level = 9
	compression.type = none
	compression.zstd.level = 3
	connections.max.idle.ms = 540000
	delivery.timeout.ms = 120000
	enable.idempotence = true
	enable.metrics.push = true
	interceptor.classes = []
	key.serializer = class org.apache.kafka.common.serialization.StringSerializer
	linger.ms = 0
	max.block.ms = 60000
	max.in.flight.requests.per.connection = 5
	max.request.size = 1048576
	metadata.max.age.ms = 300000
	metadata.max.idle.ms = 300000
	metadata.recovery.strategy = none
	metric.reporters = []
	metrics.num.samples = 2
	metrics.recording.level = INFO
	metrics.sample.window.ms = 30000
	partitioner.adaptive.partitioning.enable = true
	partitioner.availability.timeout.ms = 0
	partitioner.class = null
	partitioner.ignore.keys = false
	receive.buffer.bytes = 32768
	reconnect.backoff.max.ms = 1000
	reconnect.backoff.ms = 50
	request.timeout.ms = 30000
	retries = 2147483647
	retry.backoff.max.ms = 1000
	retry.backoff.ms = 100
	sasl.client.callback.handler.class = null
	sasl.jaas.config = null
	sasl.kerberos.kinit.cmd = /usr/bin/kinit
	sasl.kerberos.min.time.before.relogin = 60000
	sasl.kerberos.service.name = null
	sasl.kerberos.ticket.renew.jitter = 0.05
	sasl.kerberos.ticket.renew.window.factor = 0.8
	sasl.login.callback.handler.class = null
	sasl.login.class = null
	sasl.login.connect.timeout.ms = null
	sasl.login.read.timeout.ms = null
	sasl.login.refresh.buffer.seconds = 300
	sasl.login.refresh.min.period.seconds = 60
	sasl.login.refresh.window.factor = 0.8
	sasl.login.refresh.window.jitter = 0.05
	sasl.login.retry.backoff.max.ms = 10000
	sasl.login.retry.backoff.ms = 100
	sasl.mechanism = GSSAPI
	sasl.oauthbearer.clock.skew.seconds = 30
	sasl.oauthbearer.expected.audience = null
	sasl.oauthbearer.expected.issuer = null
	sasl.oauthbearer.jwks.endpoint.refresh.ms = 3600000
	sasl.oauthbearer.jwks.endpoint.retry.backoff.max.ms = 10000
	sasl.oauthbearer.jwks.endpoint.retry.backoff.ms = 100
	sasl.oauthbearer.jwks.endpoint.url = null
	sasl.oauthbearer.scope.claim.name = scope
	sasl.oauthbearer.sub.claim.name = sub
	sasl.oauthbearer.token.endpoint.url = null
	security.protocol = PLAINTEXT
	security.providers = null
	send.buffer.bytes = 131072
	socket.connection.setup.timeout.max.ms = 30000
	socket.connection.setup.timeout.ms = 10000
	ssl.cipher.suites = null
	ssl.enabled.protocols = [TLSv1.2, TLSv1.3]
	ssl.endpoint.identification.algorithm = https
	ssl.engine.factory.class = null
	ssl.key.password = null
	ssl.keymanager.algorithm = SunX509
	ssl.keystore.certificate.chain = null
	ssl.keystore.key = null
	ssl.keystore.location = null
	ssl.keystore.password = null
	ssl.keystore.type = JKS
	ssl.protocol = TLSv1.3
	ssl.provider = null
	ssl.secure.random.implementation = null
	ssl.trustmanager.algorithm = PKIX
	ssl.truststore.certificates = null
	ssl.truststore.location = null
	ssl.truststore.password = null
	ssl.truststore.type = JKS
	transaction.timeout.ms = 60000
	transactional.id = null
	value.serializer = class org.apache.kafka.common.serialization.StringSerializer

2025-02-11T16:50:43.192+06:00  INFO 27940 --- [flowable-saga-orchestrator-engine] [http-nio-8080-exec-1] o.a.k.c.t.i.KafkaMetricsCollector        : initializing Kafka metrics collector
2025-02-11T16:50:43.210+06:00  INFO 27940 --- [flowable-saga-orchestrator-engine] [http-nio-8080-exec-1] o.a.k.clients.producer.KafkaProducer     : [Producer clientId=flowable-saga-orchestrator-engine-producer-1] Instantiated an idempotent producer.
2025-02-11T16:50:43.240+06:00  INFO 27940 --- [flowable-saga-orchestrator-engine] [http-nio-8080-exec-1] o.a.kafka.common.utils.AppInfoParser     : Kafka version: 3.8.1
2025-02-11T16:50:43.240+06:00  INFO 27940 --- [flowable-saga-orchestrator-engine] [http-nio-8080-exec-1] o.a.kafka.common.utils.AppInfoParser     : Kafka commitId: 70d6ff42debf7e17
2025-02-11T16:50:43.240+06:00  INFO 27940 --- [flowable-saga-orchestrator-engine] [http-nio-8080-exec-1] o.a.kafka.common.utils.AppInfoParser     : Kafka startTimeMs: 1739271043240
2025-02-11T16:50:43.262+06:00  INFO 27940 --- [flowable-saga-orchestrator-engine] [kafka-producer-network-thread | flowable-saga-orchestrator-engine-producer-1] org.apache.kafka.clients.Metadata        : [Producer clientId=flowable-saga-orchestrator-engine-producer-1] Cluster ID: XzrhhWtpQfK-3XwjysfkIg
2025-02-11T16:50:43.263+06:00  INFO 27940 --- [flowable-saga-orchestrator-engine] [kafka-producer-network-thread | flowable-saga-orchestrator-engine-producer-1] o.a.k.c.p.internals.TransactionManager   : [Producer clientId=flowable-saga-orchestrator-engine-producer-1] ProducerId set to 2 with epoch 0
2025-02-11T16:50:43.308+06:00  INFO 27940 --- [flowable-saga-orchestrator-engine] [http-nio-8080-exec-1] h.e.f.C.OrchestratorEngineController     : Order Saga started. processInstanceId = 0a762de2-e866-11ef-884e-00155dc1d5fe
2025-02-11T16:50:43.475+06:00  INFO 27940 --- [flowable-saga-orchestrator-engine] [org.springframework.kafka.KafkaListenerEndpointContainer#0-0-C-1] h.e.f.Service.Kafka.Consumer             : ************** Received message from Kafka. Message: {"orderId": "12345", "event": "OrderInitiated"} **************
2025-02-11T16:50:43.521+06:00  INFO 27940 --- [flowable-saga-orchestrator-engine] [org.springframework.kafka.KafkaListenerEndpointContainer#0-0-C-1] h.e.f.Service.Kafka.Consumer             : Successfully correlated an event. OrderId: 12345, EventId: OrderInitiated, ProcessInstanceId: 0a762de2-e866-11ef-884e-00155dc1d5fe
2025-02-11T16:50:43.555+06:00  INFO 27940 --- [flowable-saga-orchestrator-engine] [org.springframework.kafka.KafkaListenerEndpointContainer#0-0-C-1] o.a.k.c.c.internals.LegacyKafkaConsumer  : [Consumer clientId=consumer-saga-group-1, groupId=saga-group] Seeking to offset 1 for partition saga-replies-0
2025-02-11T16:50:43.555+06:00  INFO 27940 --- [flowable-saga-orchestrator-engine] [org.springframework.kafka.KafkaListenerEndpointContainer#0-0-C-1] o.s.k.l.KafkaMessageListenerContainer    : Record in retry and not yet recovered
2025-02-11T16:50:43.968+06:00  INFO 27940 --- [flowable-saga-orchestrator-engine] [org.springframework.kafka.KafkaListenerEndpointContainer#0-0-C-1] h.e.f.Service.Kafka.Consumer             : ************** Received message from Kafka. Message: {"orderId": "12345", "event": "OrderInitiated"} **************
2025-02-11T16:50:43.974+06:00  INFO 27940 --- [flowable-saga-orchestrator-engine] [org.springframework.kafka.KafkaListenerEndpointContainer#0-0-C-1] h.e.f.Service.Kafka.Consumer             : Successfully correlated an event. OrderId: 12345, EventId: OrderInitiated, ProcessInstanceId: 0a762de2-e866-11ef-884e-00155dc1d5fe
2025-02-11T16:50:43.996+06:00  INFO 27940 --- [flowable-saga-orchestrator-engine] [org.springframework.kafka.KafkaListenerEndpointContainer#0-0-C-1] o.a.k.c.c.internals.LegacyKafkaConsumer  : [Consumer clientId=consumer-saga-group-1, groupId=saga-group] Seeking to offset 1 for partition saga-replies-0
2025-02-11T16:50:43.997+06:00  INFO 27940 --- [flowable-saga-orchestrator-engine] [org.springframework.kafka.KafkaListenerEndpointContainer#0-0-C-1] o.s.k.l.KafkaMessageListenerContainer    : Record in retry and not yet recovered
2025-02-11T16:50:44.474+06:00  INFO 27940 --- [flowable-saga-orchestrator-engine] [org.springframework.kafka.KafkaListenerEndpointContainer#0-0-C-1] h.e.f.Service.Kafka.Consumer             : ************** Received message from Kafka. Message: {"orderId": "12345", "event": "OrderInitiated"} **************
2025-02-11T16:50:44.484+06:00  INFO 27940 --- [flowable-saga-orchestrator-engine] [org.springframework.kafka.KafkaListenerEndpointContainer#0-0-C-1] h.e.f.Service.Kafka.Consumer             : Successfully correlated an event. OrderId: 12345, EventId: OrderInitiated, ProcessInstanceId: 0a762de2-e866-11ef-884e-00155dc1d5fe
2025-02-11T16:50:44.503+06:00  INFO 27940 --- [flowable-saga-orchestrator-engine] [org.springframework.kafka.KafkaListenerEndpointContainer#0-0-C-1] o.a.k.c.c.internals.LegacyKafkaConsumer  : [Consumer clientId=consumer-saga-group-1, groupId=saga-group] Seeking to offset 1 for partition saga-replies-0
2025-02-11T16:50:44.503+06:00  INFO 27940 --- [flowable-saga-orchestrator-engine] [org.springframework.kafka.KafkaListenerEndpointContainer#0-0-C-1] o.s.k.l.KafkaMessageListenerContainer    : Record in retry and not yet recovered
2025-02-11T16:50:44.985+06:00  INFO 27940 --- [flowable-saga-orchestrator-engine] [org.springframework.kafka.KafkaListenerEndpointContainer#0-0-C-1] h.e.f.Service.Kafka.Consumer             : ************** Received message from Kafka. Message: {"orderId": "12345", "event": "OrderInitiated"} **************
2025-02-11T16:50:44.991+06:00  INFO 27940 --- [flowable-saga-orchestrator-engine] [org.springframework.kafka.KafkaListenerEndpointContainer#0-0-C-1] h.e.f.Service.Kafka.Consumer             : Successfully correlated an event. OrderId: 12345, EventId: OrderInitiated, ProcessInstanceId: 0a762de2-e866-11ef-884e-00155dc1d5fe
2025-02-11T16:50:45.011+06:00  INFO 27940 --- [flowable-saga-orchestrator-engine] [org.springframework.kafka.KafkaListenerEndpointContainer#0-0-C-1] o.a.k.c.c.internals.LegacyKafkaConsumer  : [Consumer clientId=consumer-saga-group-1, groupId=saga-group] Seeking to offset 1 for partition saga-replies-0
2025-02-11T16:50:45.011+06:00  INFO 27940 --- [flowable-saga-orchestrator-engine] [org.springframework.kafka.KafkaListenerEndpointContainer#0-0-C-1] o.s.k.l.KafkaMessageListenerContainer    : Record in retry and not yet recovered
2025-02-11T16:50:45.494+06:00  INFO 27940 --- [flowable-saga-orchestrator-engine] [org.springframework.kafka.KafkaListenerEndpointContainer#0-0-C-1] h.e.f.Service.Kafka.Consumer             : ************** Received message from Kafka. Message: {"orderId": "12345", "event": "OrderInitiated"} **************
2025-02-11T16:50:45.507+06:00  INFO 27940 --- [flowable-saga-orchestrator-engine] [org.springframework.kafka.KafkaListenerEndpointContainer#0-0-C-1] h.e.f.Service.Kafka.Consumer             : Successfully correlated an event. OrderId: 12345, EventId: OrderInitiated, ProcessInstanceId: 0a762de2-e866-11ef-884e-00155dc1d5fe
2025-02-11T16:50:45.532+06:00  INFO 27940 --- [flowable-saga-orchestrator-engine] [org.springframework.kafka.KafkaListenerEndpointContainer#0-0-C-1] o.a.k.c.c.internals.LegacyKafkaConsumer  : [Consumer clientId=consumer-saga-group-1, groupId=saga-group] Seeking to offset 1 for partition saga-replies-0
2025-02-11T16:50:45.532+06:00  INFO 27940 --- [flowable-saga-orchestrator-engine] [org.springframework.kafka.KafkaListenerEndpointContainer#0-0-C-1] o.s.k.l.KafkaMessageListenerContainer    : Record in retry and not yet recovered
2025-02-11T16:50:46.008+06:00  INFO 27940 --- [flowable-saga-orchestrator-engine] [org.springframework.kafka.KafkaListenerEndpointContainer#0-0-C-1] h.e.f.Service.Kafka.Consumer             : ************** Received message from Kafka. Message: {"orderId": "12345", "event": "OrderInitiated"} **************
2025-02-11T16:50:46.014+06:00  INFO 27940 --- [flowable-saga-orchestrator-engine] [org.springframework.kafka.KafkaListenerEndpointContainer#0-0-C-1] h.e.f.Service.Kafka.Consumer             : Successfully correlated an event. OrderId: 12345, EventId: OrderInitiated, ProcessInstanceId: 0a762de2-e866-11ef-884e-00155dc1d5fe
2025-02-11T16:50:46.038+06:00  INFO 27940 --- [flowable-saga-orchestrator-engine] [org.springframework.kafka.KafkaListenerEndpointContainer#0-0-C-1] o.a.k.c.c.internals.LegacyKafkaConsumer  : [Consumer clientId=consumer-saga-group-1, groupId=saga-group] Seeking to offset 1 for partition saga-replies-0
2025-02-11T16:50:46.038+06:00  INFO 27940 --- [flowable-saga-orchestrator-engine] [org.springframework.kafka.KafkaListenerEndpointContainer#0-0-C-1] o.s.k.l.KafkaMessageListenerContainer    : Record in retry and not yet recovered
2025-02-11T16:50:46.516+06:00  INFO 27940 --- [flowable-saga-orchestrator-engine] [org.springframework.kafka.KafkaListenerEndpointContainer#0-0-C-1] h.e.f.Service.Kafka.Consumer             : ************** Received message from Kafka. Message: {"orderId": "12345", "event": "OrderInitiated"} **************
2025-02-11T16:50:46.516+06:00  INFO 27940 --- [flowable-saga-orchestrator-engine] [org.springframework.kafka.KafkaListenerEndpointContainer#0-0-C-1] h.e.f.Service.Kafka.Consumer             : Successfully correlated an event. OrderId: 12345, EventId: OrderInitiated, ProcessInstanceId: 0a762de2-e866-11ef-884e-00155dc1d5fe
2025-02-11T16:50:46.547+06:00  INFO 27940 --- [flowable-saga-orchestrator-engine] [org.springframework.kafka.KafkaListenerEndpointContainer#0-0-C-1] o.a.k.c.c.internals.LegacyKafkaConsumer  : [Consumer clientId=consumer-saga-group-1, groupId=saga-group] Seeking to offset 1 for partition saga-replies-0
2025-02-11T16:50:46.547+06:00  INFO 27940 --- [flowable-saga-orchestrator-engine] [org.springframework.kafka.KafkaListenerEndpointContainer#0-0-C-1] o.s.k.l.KafkaMessageListenerContainer    : Record in retry and not yet recovered
2025-02-11T16:50:47.023+06:00  INFO 27940 --- [flowable-saga-orchestrator-engine] [org.springframework.kafka.KafkaListenerEndpointContainer#0-0-C-1] h.e.f.Service.Kafka.Consumer             : ************** Received message from Kafka. Message: {"orderId": "12345", "event": "OrderInitiated"} **************
2025-02-11T16:50:47.030+06:00  INFO 27940 --- [flowable-saga-orchestrator-engine] [org.springframework.kafka.KafkaListenerEndpointContainer#0-0-C-1] h.e.f.Service.Kafka.Consumer             : Successfully correlated an event. OrderId: 12345, EventId: OrderInitiated, ProcessInstanceId: 0a762de2-e866-11ef-884e-00155dc1d5fe
2025-02-11T16:50:47.056+06:00  INFO 27940 --- [flowable-saga-orchestrator-engine] [org.springframework.kafka.KafkaListenerEndpointContainer#0-0-C-1] o.a.k.c.c.internals.LegacyKafkaConsumer  : [Consumer clientId=consumer-saga-group-1, groupId=saga-group] Seeking to offset 1 for partition saga-replies-0
2025-02-11T16:50:47.056+06:00  INFO 27940 --- [flowable-saga-orchestrator-engine] [org.springframework.kafka.KafkaListenerEndpointContainer#0-0-C-1] o.s.k.l.KafkaMessageListenerContainer    : Record in retry and not yet recovered
2025-02-11T16:50:47.528+06:00  INFO 27940 --- [flowable-saga-orchestrator-engine] [org.springframework.kafka.KafkaListenerEndpointContainer#0-0-C-1] h.e.f.Service.Kafka.Consumer             : ************** Received message from Kafka. Message: {"orderId": "12345", "event": "OrderInitiated"} **************
2025-02-11T16:50:47.533+06:00  INFO 27940 --- [flowable-saga-orchestrator-engine] [org.springframework.kafka.KafkaListenerEndpointContainer#0-0-C-1] h.e.f.Service.Kafka.Consumer             : Successfully correlated an event. OrderId: 12345, EventId: OrderInitiated, ProcessInstanceId: 0a762de2-e866-11ef-884e-00155dc1d5fe
2025-02-11T16:50:47.560+06:00  INFO 27940 --- [flowable-saga-orchestrator-engine] [org.springframework.kafka.KafkaListenerEndpointContainer#0-0-C-1] o.a.k.c.c.internals.LegacyKafkaConsumer  : [Consumer clientId=consumer-saga-group-1, groupId=saga-group] Seeking to offset 1 for partition saga-replies-0
2025-02-11T16:50:47.560+06:00  INFO 27940 --- [flowable-saga-orchestrator-engine] [org.springframework.kafka.KafkaListenerEndpointContainer#0-0-C-1] o.s.k.l.KafkaMessageListenerContainer    : Record in retry and not yet recovered
2025-02-11T16:50:48.040+06:00  INFO 27940 --- [flowable-saga-orchestrator-engine] [org.springframework.kafka.KafkaListenerEndpointContainer#0-0-C-1] h.e.f.Service.Kafka.Consumer             : ************** Received message from Kafka. Message: {"orderId": "12345", "event": "OrderInitiated"} **************
2025-02-11T16:50:48.046+06:00  INFO 27940 --- [flowable-saga-orchestrator-engine] [org.springframework.kafka.KafkaListenerEndpointContainer#0-0-C-1] h.e.f.Service.Kafka.Consumer             : Successfully correlated an event. OrderId: 12345, EventId: OrderInitiated, ProcessInstanceId: 0a762de2-e866-11ef-884e-00155dc1d5fe
2025-02-11T16:50:48.059+06:00 ERROR 27940 --- [flowable-saga-orchestrator-engine] [org.springframework.kafka.KafkaListenerEndpointContainer#0-0-C-1] o.s.kafka.listener.DefaultErrorHandler   : Backoff FixedBackOff{interval=0, currentAttempts=10, maxAttempts=9} exhausted for saga-replies-0@1

org.springframework.kafka.listener.ListenerExecutionFailedException: Listener method 'public void halfbloodpro.example.flowable_saga_orchestrator_engine.Service.Kafka.Consumer.listen(java.lang.String)' threw exception
	at org.springframework.kafka.listener.KafkaMessageListenerContainer$ListenerConsumer.decorateException(KafkaMessageListenerContainer.java:2989) ~[spring-kafka-3.3.2.jar:3.3.2]
	at org.springframework.kafka.listener.KafkaMessageListenerContainer$ListenerConsumer.doInvokeOnMessage(KafkaMessageListenerContainer.java:2896) ~[spring-kafka-3.3.2.jar:3.3.2]
	at org.springframework.kafka.listener.KafkaMessageListenerContainer$ListenerConsumer.invokeOnMessage(KafkaMessageListenerContainer.java:2860) ~[spring-kafka-3.3.2.jar:3.3.2]
	at org.springframework.kafka.listener.KafkaMessageListenerContainer$ListenerConsumer.doInvokeRecordListener(KafkaMessageListenerContainer.java:2772) ~[spring-kafka-3.3.2.jar:3.3.2]
	at org.springframework.kafka.listener.KafkaMessageListenerContainer$ListenerConsumer.doInvokeWithRecords(KafkaMessageListenerContainer.java:2609) ~[spring-kafka-3.3.2.jar:3.3.2]
	at org.springframework.kafka.listener.KafkaMessageListenerContainer$ListenerConsumer.invokeRecordListener(KafkaMessageListenerContainer.java:2498) ~[spring-kafka-3.3.2.jar:3.3.2]
	at org.springframework.kafka.listener.KafkaMessageListenerContainer$ListenerConsumer.invokeListener(KafkaMessageListenerContainer.java:2149) ~[spring-kafka-3.3.2.jar:3.3.2]
	at org.springframework.kafka.listener.KafkaMessageListenerContainer$ListenerConsumer.invokeIfHaveRecords(KafkaMessageListenerContainer.java:1525) ~[spring-kafka-3.3.2.jar:3.3.2]
	at org.springframework.kafka.listener.KafkaMessageListenerContainer$ListenerConsumer.pollAndInvoke(KafkaMessageListenerContainer.java:1463) ~[spring-kafka-3.3.2.jar:3.3.2]
	at org.springframework.kafka.listener.KafkaMessageListenerContainer$ListenerConsumer.run(KafkaMessageListenerContainer.java:1332) ~[spring-kafka-3.3.2.jar:3.3.2]
	at java.base/java.util.concurrent.CompletableFuture$AsyncRun.run(CompletableFuture.java:1804) ~[na:na]
	at java.base/java.lang.Thread.run(Thread.java:1583) ~[na:na]
	Suppressed: org.springframework.kafka.listener.ListenerExecutionFailedException: Restored Stack Trace
		at org.springframework.kafka.listener.adapter.MessagingMessageListenerAdapter.invokeHandler(MessagingMessageListenerAdapter.java:489) ~[spring-kafka-3.3.2.jar:3.3.2]
		at org.springframework.kafka.listener.adapter.MessagingMessageListenerAdapter.invoke(MessagingMessageListenerAdapter.java:421) ~[spring-kafka-3.3.2.jar:3.3.2]
		at org.springframework.kafka.listener.adapter.RecordMessagingMessageListenerAdapter.onMessage(RecordMessagingMessageListenerAdapter.java:85) ~[spring-kafka-3.3.2.jar:3.3.2]
		at org.springframework.kafka.listener.adapter.RecordMessagingMessageListenerAdapter.onMessage(RecordMessagingMessageListenerAdapter.java:50) ~[spring-kafka-3.3.2.jar:3.3.2]
		at org.springframework.kafka.listener.KafkaMessageListenerContainer$ListenerConsumer.doInvokeOnMessage(KafkaMessageListenerContainer.java:2882) ~[spring-kafka-3.3.2.jar:3.3.2]
Caused by: org.flowable.common.engine.api.FlowableException: Execution with id '0a762de2-e866-11ef-884e-00155dc1d5fe' does not have a subscription to a message event with name 'OrderInitiated'
	at org.flowable.engine.impl.cmd.MessageEventReceivedCmd.execute(MessageEventReceivedCmd.java:82) ~[flowable-engine-7.0.0.jar:7.0.0]
	at org.flowable.engine.impl.cmd.MessageEventReceivedCmd.execute(MessageEventReceivedCmd.java:37) ~[flowable-engine-7.0.0.jar:7.0.0]
	at org.flowable.engine.impl.cmd.NeedsActiveExecutionCmd.execute(NeedsActiveExecutionCmd.java:55) ~[flowable-engine-7.0.0.jar:7.0.0]
	at org.flowable.engine.impl.interceptor.CommandInvoker$1.run(CommandInvoker.java:67) ~[flowable-engine-7.0.0.jar:7.0.0]
	at org.flowable.engine.impl.interceptor.CommandInvoker.executeOperation(CommandInvoker.java:140) ~[flowable-engine-7.0.0.jar:7.0.0]
	at org.flowable.engine.impl.interceptor.CommandInvoker.executeOperations(CommandInvoker.java:114) ~[flowable-engine-7.0.0.jar:7.0.0]
	at org.flowable.engine.impl.interceptor.CommandInvoker.execute(CommandInvoker.java:72) ~[flowable-engine-7.0.0.jar:7.0.0]
	at org.flowable.engine.impl.interceptor.BpmnOverrideContextInterceptor.execute(BpmnOverrideContextInterceptor.java:26) ~[flowable-engine-7.0.0.jar:7.0.0]
	at org.flowable.common.engine.impl.interceptor.TransactionContextInterceptor.execute(TransactionContextInterceptor.java:53) ~[flowable-engine-common-7.0.0.jar:7.0.0]
	at org.flowable.common.engine.impl.interceptor.CommandContextInterceptor.execute(CommandContextInterceptor.java:105) ~[flowable-engine-common-7.0.0.jar:7.0.0]
	at org.flowable.common.spring.SpringTransactionInterceptor.lambda$execute$0(SpringTransactionInterceptor.java:57) ~[flowable-spring-common-7.0.0.jar:7.0.0]
	at org.springframework.transaction.support.TransactionTemplate.execute(TransactionTemplate.java:140) ~[spring-tx-6.2.2.jar:6.2.2]
	at org.flowable.common.spring.SpringTransactionInterceptor.execute(SpringTransactionInterceptor.java:57) ~[flowable-spring-common-7.0.0.jar:7.0.0]
	at org.flowable.common.engine.impl.interceptor.LogInterceptor.execute(LogInterceptor.java:30) ~[flowable-engine-common-7.0.0.jar:7.0.0]
	at org.flowable.common.engine.impl.cfg.CommandExecutorImpl.execute(CommandExecutorImpl.java:56) ~[flowable-engine-common-7.0.0.jar:7.0.0]
	at org.flowable.common.engine.impl.cfg.CommandExecutorImpl.execute(CommandExecutorImpl.java:51) ~[flowable-engine-common-7.0.0.jar:7.0.0]
	at org.flowable.engine.impl.RuntimeServiceImpl.messageEventReceived(RuntimeServiceImpl.java:697) ~[flowable-engine-7.0.0.jar:7.0.0]
	at halfbloodpro.example.flowable_saga_orchestrator_engine.Service.Kafka.Consumer.listen(Consumer.java:38) ~[classes/:na]
	at java.base/jdk.internal.reflect.DirectMethodHandleAccessor.invoke(DirectMethodHandleAccessor.java:103) ~[na:na]
	at java.base/java.lang.reflect.Method.invoke(Method.java:580) ~[na:na]
	at org.springframework.messaging.handler.invocation.InvocableHandlerMethod.doInvoke(InvocableHandlerMethod.java:169) ~[spring-messaging-6.2.2.jar:6.2.2]
	at org.springframework.kafka.listener.adapter.KotlinAwareInvocableHandlerMethod.doInvoke(KotlinAwareInvocableHandlerMethod.java:45) ~[spring-kafka-3.3.2.jar:3.3.2]
	at org.springframework.messaging.handler.invocation.InvocableHandlerMethod.invoke(InvocableHandlerMethod.java:119) ~[spring-messaging-6.2.2.jar:6.2.2]
	at org.springframework.kafka.listener.adapter.HandlerAdapter.invoke(HandlerAdapter.java:71) ~[spring-kafka-3.3.2.jar:3.3.2]
	at org.springframework.kafka.listener.adapter.MessagingMessageListenerAdapter.invokeHandler(MessagingMessageListenerAdapter.java:474) ~[spring-kafka-3.3.2.jar:3.3.2]
	at org.springframework.kafka.listener.adapter.MessagingMessageListenerAdapter.invoke(MessagingMessageListenerAdapter.java:421) ~[spring-kafka-3.3.2.jar:3.3.2]
	at org.springframework.kafka.listener.adapter.RecordMessagingMessageListenerAdapter.onMessage(RecordMessagingMessageListenerAdapter.java:85) ~[spring-kafka-3.3.2.jar:3.3.2]
	at org.springframework.kafka.listener.adapter.RecordMessagingMessageListenerAdapter.onMessage(RecordMessagingMessageListenerAdapter.java:50) ~[spring-kafka-3.3.2.jar:3.3.2]
	at org.springframework.kafka.listener.KafkaMessageListenerContainer$ListenerConsumer.doInvokeOnMessage(KafkaMessageListenerContainer.java:2882) ~[spring-kafka-3.3.2.jar:3.3.2]
	... 10 common frames omitted

2025-02-11T16:56:58.659+06:00  INFO 27940 --- [flowable-saga-orchestrator-engine] [org.springframework.kafka.KafkaListenerEndpointContainer#0-0-C-1] org.apache.kafka.clients.NetworkClient   : [Consumer clientId=consumer-saga-group-1, groupId=saga-group] Node -1 disconnected.
2025-02-11T16:59:43.321+06:00  INFO 27940 --- [flowable-saga-orchestrator-engine] [kafka-producer-network-thread | flowable-saga-orchestrator-engine-producer-1] org.apache.kafka.clients.NetworkClient   : [Producer clientId=flowable-saga-orchestrator-engine-producer-1] Node -1 disconnected.
2025-02-11T17:06:58.885+06:00  INFO 27940 --- [flowable-saga-orchestrator-engine] [org.springframework.kafka.KafkaListenerEndpointContainer#0-0-C-1] org.apache.kafka.clients.NetworkClient   : [Consumer clientId=consumer-saga-group-1, groupId=saga-group] Node -1 disconnected.
2025-02-11T17:09:43.332+06:00  INFO 27940 --- [flowable-saga-orchestrator-engine] [kafka-producer-network-thread | flowable-saga-orchestrator-engine-producer-1] org.apache.kafka.clients.NetworkClient   : [Producer clientId=flowable-saga-orchestrator-engine-producer-1] Node -1 disconnected.
2025-02-11T17:49:05.924+06:00  INFO 27940 --- [flowable-saga-orchestrator-engine] [org.springframework.kafka.KafkaListenerEndpointContainer#0-0-C-1] org.apache.kafka.clients.NetworkClient   : [Consumer clientId=consumer-saga-group-1, groupId=saga-group] Node 2147482646 disconnected.
2025-02-11T17:49:05.960+06:00  INFO 27940 --- [flowable-saga-orchestrator-engine] [kafka-coordinator-heartbeat-thread | saga-group] o.a.k.c.c.internals.ConsumerCoordinator  : [Consumer clientId=consumer-saga-group-1, groupId=saga-group] Group coordinator localhost:9092 (id: 2147482646 rack: null) is unavailable or invalid due to cause: coordinator unavailable. isDisconnected: true. Rediscovery will be attempted.
2025-02-11T17:49:06.118+06:00  INFO 27940 --- [flowable-saga-orchestrator-engine] [org.springframework.kafka.KafkaListenerEndpointContainer#0-0-C-1] o.a.k.c.c.internals.ConsumerCoordinator  : [Consumer clientId=consumer-saga-group-1, groupId=saga-group] Discovered group coordinator localhost:9092 (id: 2147482646 rack: null)
2025-02-11T17:49:08.965+06:00  INFO 27940 --- [flowable-saga-orchestrator-engine] [kafka-producer-network-thread | flowable-saga-orchestrator-engine-producer-1] org.apache.kafka.clients.NetworkClient   : [Producer clientId=flowable-saga-orchestrator-engine-producer-1] Node 1001 disconnected.
2025-02-11T18:00:10.580+06:00  INFO 27940 --- [flowable-saga-orchestrator-engine] [org.springframework.kafka.KafkaListenerEndpointContainer#0-0-C-1] org.apache.kafka.clients.NetworkClient   : [Consumer clientId=consumer-saga-group-1, groupId=saga-group] Node 2147482646 disconnected.
2025-02-11T18:00:10.583+06:00  INFO 27940 --- [flowable-saga-orchestrator-engine] [kafka-coordinator-heartbeat-thread | saga-group] o.a.k.c.c.internals.ConsumerCoordinator  : [Consumer clientId=consumer-saga-group-1, groupId=saga-group] Group coordinator localhost:9092 (id: 2147482646 rack: null) is unavailable or invalid due to cause: coordinator unavailable. isDisconnected: true. Rediscovery will be attempted.
2025-02-11T18:00:10.590+06:00  INFO 27940 --- [flowable-saga-orchestrator-engine] [org.springframework.kafka.KafkaListenerEndpointContainer#0-0-C-1] o.a.k.c.c.internals.ConsumerCoordinator  : [Consumer clientId=consumer-saga-group-1, groupId=saga-group] Discovered group coordinator localhost:9092 (id: 2147482646 rack: null)
2025-02-11T18:00:10.591+06:00  INFO 27940 --- [flowable-saga-orchestrator-engine] [org.springframework.kafka.KafkaListenerEndpointContainer#0-0-C-1] o.a.k.c.c.internals.ConsumerCoordinator  : [Consumer clientId=consumer-saga-group-1, groupId=saga-group] Group coordinator localhost:9092 (id: 2147482646 rack: null) is unavailable or invalid due to cause: coordinator unavailable. isDisconnected: false. Rediscovery will be attempted.
2025-02-11T18:00:10.592+06:00  INFO 27940 --- [flowable-saga-orchestrator-engine] [org.springframework.kafka.KafkaListenerEndpointContainer#0-0-C-1] o.a.k.c.c.internals.ConsumerCoordinator  : [Consumer clientId=consumer-saga-group-1, groupId=saga-group] Requesting disconnect from last known coordinator localhost:9092 (id: 2147482646 rack: null)
2025-02-11T18:00:10.748+06:00  INFO 27940 --- [flowable-saga-orchestrator-engine] [org.springframework.kafka.KafkaListenerEndpointContainer#0-0-C-1] o.a.k.c.c.internals.ConsumerCoordinator  : [Consumer clientId=consumer-saga-group-1, groupId=saga-group] Discovered group coordinator localhost:9092 (id: 2147482646 rack: null)
2025-02-11T18:09:59.392+06:00  INFO 27940 --- [flowable-saga-orchestrator-engine] [org.springframework.kafka.KafkaListenerEndpointContainer#0-0-C-1] org.apache.kafka.clients.NetworkClient   : [Consumer clientId=consumer-saga-group-1, groupId=saga-group] Node 2147482646 disconnected.
2025-02-11T18:09:59.394+06:00  INFO 27940 --- [flowable-saga-orchestrator-engine] [kafka-coordinator-heartbeat-thread | saga-group] o.a.k.c.c.internals.ConsumerCoordinator  : [Consumer clientId=consumer-saga-group-1, groupId=saga-group] Group coordinator localhost:9092 (id: 2147482646 rack: null) is unavailable or invalid due to cause: coordinator unavailable. isDisconnected: true. Rediscovery will be attempted.
2025-02-11T18:09:59.399+06:00  INFO 27940 --- [flowable-saga-orchestrator-engine] [org.springframework.kafka.KafkaListenerEndpointContainer#0-0-C-1] o.a.k.c.c.internals.ConsumerCoordinator  : [Consumer clientId=consumer-saga-group-1, groupId=saga-group] Discovered group coordinator localhost:9092 (id: 2147482646 rack: null)
2025-02-11T18:09:59.403+06:00  INFO 27940 --- [flowable-saga-orchestrator-engine] [org.springframework.kafka.KafkaListenerEndpointContainer#0-0-C-1] o.a.k.c.c.internals.ConsumerCoordinator  : [Consumer clientId=consumer-saga-group-1, groupId=saga-group] Group coordinator localhost:9092 (id: 2147482646 rack: null) is unavailable or invalid due to cause: coordinator unavailable. isDisconnected: false. Rediscovery will be attempted.
2025-02-11T18:09:59.405+06:00  INFO 27940 --- [flowable-saga-orchestrator-engine] [org.springframework.kafka.KafkaListenerEndpointContainer#0-0-C-1] o.a.k.c.c.internals.ConsumerCoordinator  : [Consumer clientId=consumer-saga-group-1, groupId=saga-group] Requesting disconnect from last known coordinator localhost:9092 (id: 2147482646 rack: null)
2025-02-11T18:09:59.519+06:00  INFO 27940 --- [flowable-saga-orchestrator-engine] [org.springframework.kafka.KafkaListenerEndpointContainer#0-0-C-1] o.a.k.c.c.internals.ConsumerCoordinator  : [Consumer clientId=consumer-saga-group-1, groupId=saga-group] Discovered group coordinator localhost:9092 (id: 2147482646 rack: null)
2025-02-11T18:10:02.031+06:00  WARN 27940 --- [flowable-saga-orchestrator-engine] [HikariPool-1 housekeeper] com.zaxxer.hikari.pool.HikariPool        : HikariPool-1 - Thread starvation or clock leap detected (housekeeper delta=37m36s426ms849s200ns).
2025-02-11T18:10:19.917+06:00  INFO 27940 --- [flowable-saga-orchestrator-engine] [kafka-producer-network-thread | flowable-saga-orchestrator-engine-producer-1] org.apache.kafka.clients.NetworkClient   : [Producer clientId=flowable-saga-orchestrator-engine-producer-1] Node 1001 disconnected.
2025-02-11T18:10:22.028+06:00  INFO 27940 --- [flowable-saga-orchestrator-engine] [org.springframework.kafka.KafkaListenerEndpointContainer#0-0-C-1] k.c.c.i.ConsumerRebalanceListenerInvoker : [Consumer clientId=consumer-saga-group-1, groupId=saga-group] Revoke previously assigned partitions saga-replies-0
2025-02-11T18:10:22.028+06:00  INFO 27940 --- [flowable-saga-orchestrator-engine] [org.springframework.kafka.KafkaListenerEndpointContainer#0-0-C-1] o.s.k.l.KafkaMessageListenerContainer    : saga-group: partitions revoked: [saga-replies-0]
2025-02-11T18:10:22.028+06:00  INFO 27940 --- [flowable-saga-orchestrator-engine] [org.springframework.kafka.KafkaListenerEndpointContainer#0-0-C-1] o.a.k.c.c.internals.ConsumerCoordinator  : [Consumer clientId=consumer-saga-group-1, groupId=saga-group] Member consumer-saga-group-1-b4e5e3fc-3c8b-4a8a-8eed-0a4de14a37e2 sending LeaveGroup request to coordinator localhost:9092 (id: 2147482646 rack: null) due to the consumer unsubscribed from all topics
2025-02-11T18:10:22.028+06:00  INFO 27940 --- [flowable-saga-orchestrator-engine] [org.springframework.kafka.KafkaListenerEndpointContainer#0-0-C-1] o.a.k.c.c.internals.ConsumerCoordinator  : [Consumer clientId=consumer-saga-group-1, groupId=saga-group] Resetting generation and member id due to: consumer pro-actively leaving the group
2025-02-11T18:10:22.028+06:00  INFO 27940 --- [flowable-saga-orchestrator-engine] [org.springframework.kafka.KafkaListenerEndpointContainer#0-0-C-1] o.a.k.c.c.internals.ConsumerCoordinator  : [Consumer clientId=consumer-saga-group-1, groupId=saga-group] Request joining group due to: consumer pro-actively leaving the group
2025-02-11T18:10:22.028+06:00  INFO 27940 --- [flowable-saga-orchestrator-engine] [org.springframework.kafka.KafkaListenerEndpointContainer#0-0-C-1] o.a.k.c.c.internals.LegacyKafkaConsumer  : [Consumer clientId=consumer-saga-group-1, groupId=saga-group] Unsubscribed all topics or patterns and assigned partitions
2025-02-11T18:10:22.028+06:00  INFO 27940 --- [flowable-saga-orchestrator-engine] [org.springframework.kafka.KafkaListenerEndpointContainer#0-0-C-1] o.a.k.c.c.internals.ConsumerCoordinator  : [Consumer clientId=consumer-saga-group-1, groupId=saga-group] Resetting generation and member id due to: consumer pro-actively leaving the group
2025-02-11T18:10:22.028+06:00  INFO 27940 --- [flowable-saga-orchestrator-engine] [org.springframework.kafka.KafkaListenerEndpointContainer#0-0-C-1] o.a.k.c.c.internals.ConsumerCoordinator  : [Consumer clientId=consumer-saga-group-1, groupId=saga-group] Request joining group due to: consumer pro-actively leaving the group
2025-02-11T18:10:22.516+06:00  INFO 27940 --- [flowable-saga-orchestrator-engine] [org.springframework.kafka.KafkaListenerEndpointContainer#0-0-C-1] o.apache.kafka.common.metrics.Metrics    : Metrics scheduler closed
2025-02-11T18:10:22.517+06:00  INFO 27940 --- [flowable-saga-orchestrator-engine] [org.springframework.kafka.KafkaListenerEndpointContainer#0-0-C-1] o.apache.kafka.common.metrics.Metrics    : Closing reporter org.apache.kafka.common.metrics.JmxReporter
2025-02-11T18:10:22.520+06:00  INFO 27940 --- [flowable-saga-orchestrator-engine] [org.springframework.kafka.KafkaListenerEndpointContainer#0-0-C-1] o.apache.kafka.common.metrics.Metrics    : Closing reporter org.apache.kafka.common.telemetry.internals.ClientTelemetryReporter
2025-02-11T18:10:22.520+06:00  INFO 27940 --- [flowable-saga-orchestrator-engine] [org.springframework.kafka.KafkaListenerEndpointContainer#0-0-C-1] o.apache.kafka.common.metrics.Metrics    : Metrics reporters closed
2025-02-11T18:10:22.523+06:00  INFO 27940 --- [flowable-saga-orchestrator-engine] [org.springframework.kafka.KafkaListenerEndpointContainer#0-0-C-1] o.a.kafka.common.utils.AppInfoParser     : App info kafka.consumer for consumer-saga-group-1 unregistered
2025-02-11T18:10:22.523+06:00  INFO 27940 --- [flowable-saga-orchestrator-engine] [org.springframework.kafka.KafkaListenerEndpointContainer#0-0-C-1] o.s.k.l.KafkaMessageListenerContainer    : saga-group: Consumer stopped
2025-02-11T18:10:22.528+06:00  INFO 27940 --- [flowable-saga-orchestrator-engine] [SpringApplicationShutdownHook] o.s.b.w.e.tomcat.GracefulShutdown        : Commencing graceful shutdown. Waiting for active requests to complete
2025-02-11T18:10:22.531+06:00  INFO 27940 --- [flowable-saga-orchestrator-engine] [tomcat-shutdown] o.s.b.w.e.tomcat.GracefulShutdown        : Graceful shutdown complete
2025-02-11T18:10:22.531+06:00  INFO 27940 --- [flowable-saga-orchestrator-engine] [SpringApplicationShutdownHook] o.a.k.clients.producer.KafkaProducer     : [Producer clientId=flowable-saga-orchestrator-engine-producer-1] Closing the Kafka producer with timeoutMillis = 30000 ms.
2025-02-11T18:10:22.545+06:00  INFO 27940 --- [flowable-saga-orchestrator-engine] [SpringApplicationShutdownHook] o.apache.kafka.common.metrics.Metrics    : Metrics scheduler closed
2025-02-11T18:10:22.545+06:00  INFO 27940 --- [flowable-saga-orchestrator-engine] [SpringApplicationShutdownHook] o.apache.kafka.common.metrics.Metrics    : Closing reporter org.apache.kafka.common.metrics.JmxReporter
2025-02-11T18:10:22.545+06:00  INFO 27940 --- [flowable-saga-orchestrator-engine] [SpringApplicationShutdownHook] o.apache.kafka.common.metrics.Metrics    : Closing reporter org.apache.kafka.common.telemetry.internals.ClientTelemetryReporter
2025-02-11T18:10:22.545+06:00  INFO 27940 --- [flowable-saga-orchestrator-engine] [SpringApplicationShutdownHook] o.apache.kafka.common.metrics.Metrics    : Metrics reporters closed
2025-02-11T18:10:22.545+06:00  INFO 27940 --- [flowable-saga-orchestrator-engine] [SpringApplicationShutdownHook] o.a.kafka.common.utils.AppInfoParser     : App info kafka.producer for flowable-saga-orchestrator-engine-producer-1 unregistered
2025-02-11T18:10:22.547+06:00  INFO 27940 --- [flowable-saga-orchestrator-engine] [SpringApplicationShutdownHook] o.f.j.s.i.a.AbstractAsyncExecutor        : Shutting down the async job executor [org.flowable.spring.job.service.SpringAsyncExecutor] for engine cmmn
2025-02-11T18:10:22.547+06:00  INFO 27940 --- [flowable-saga-orchestrator-engine] [flowable-cmmn-reset-expired-jobs] o.f.j.s.i.a.ResetExpiredJobsRunnable     : stopped resetting expired jobs for engine cmmn
2025-02-11T18:10:22.547+06:00  INFO 27940 --- [flowable-saga-orchestrator-engine] [flowable-cmmn-acquire-async-jobs] o.f.j.s.i.a.AcquireAsyncJobsDueRunnable  : stopped async job due acquisition for engine cmmn
2025-02-11T18:10:22.547+06:00  INFO 27940 --- [flowable-saga-orchestrator-engine] [flowable-cmmn-acquire-timer-jobs] o.f.j.s.i.a.AcquireTimerJobsRunnable     : stopped async job due acquisition for engine cmmn
2025-02-11T18:10:22.547+06:00  INFO 27940 --- [flowable-saga-orchestrator-engine] [SpringApplicationShutdownHook] o.f.j.s.i.a.AbstractAsyncExecutor        : Shutting down the async job executor [org.flowable.spring.job.service.SpringAsyncExecutor] for engine bpmn
2025-02-11T18:10:22.547+06:00  INFO 27940 --- [flowable-saga-orchestrator-engine] [flowable-bpmn-acquire-async-jobs] o.f.j.s.i.a.AcquireAsyncJobsDueRunnable  : stopped async job due acquisition for engine bpmn
2025-02-11T18:10:22.547+06:00  INFO 27940 --- [flowable-saga-orchestrator-engine] [flowable-bpmn-reset-expired-jobs] o.f.j.s.i.a.ResetExpiredJobsRunnable     : stopped resetting expired jobs for engine bpmn
2025-02-11T18:10:22.547+06:00  INFO 27940 --- [flowable-saga-orchestrator-engine] [flowable-bpmn-acquire-timer-jobs] o.f.j.s.i.a.AcquireTimerJobsRunnable     : stopped async job due acquisition for engine bpmn
2025-02-11T18:10:22.547+06:00  INFO 27940 --- [flowable-saga-orchestrator-engine] [SpringApplicationShutdownHook] com.zaxxer.hikari.HikariDataSource       : HikariPool-1 - Shutdown initiated...
2025-02-11T18:10:22.547+06:00  INFO 27940 --- [flowable-saga-orchestrator-engine] [SpringApplicationShutdownHook] com.zaxxer.hikari.HikariDataSource       : HikariPool-1 - Shutdown completed.
