2025-02-11T12:38:19.601+06:00  INFO 21652 --- [shipping-service] [main] h.f.s.ShippingServiceApplication         : Starting ShippingServiceApplication using Java 21.0.6 with PID 21652 (D:\Projects\Code\spring-flowable-microservice-event-driven-example\shipping-service\target\classes started by anirudhya.sarker in D:\Projects\Code\spring-flowable-microservice-event-driven-example\shipping-service)
2025-02-11T12:38:19.604+06:00  INFO 21652 --- [shipping-service] [main] h.f.s.ShippingServiceApplication         : No active profile set, falling back to 1 default profile: "default"
2025-02-11T12:38:20.462+06:00  INFO 21652 --- [shipping-service] [main] o.s.b.w.embedded.tomcat.TomcatWebServer  : Tomcat initialized with port 8083 (http)
2025-02-11T12:38:20.532+06:00  INFO 21652 --- [shipping-service] [main] o.apache.catalina.core.StandardService   : Starting service [Tomcat]
2025-02-11T12:38:20.535+06:00  INFO 21652 --- [shipping-service] [main] o.apache.catalina.core.StandardEngine    : Starting Servlet engine: [Apache Tomcat/10.1.34]
2025-02-11T12:38:20.588+06:00  INFO 21652 --- [shipping-service] [main] o.a.c.c.C.[Tomcat].[localhost].[/]       : Initializing Spring embedded WebApplicationContext
2025-02-11T12:38:20.643+06:00  INFO 21652 --- [shipping-service] [main] w.s.c.ServletWebServerApplicationContext : Root WebApplicationContext: initialization completed in 998 ms
2025-02-11T12:38:21.003+06:00  INFO 21652 --- [shipping-service] [main] o.f.s.b.app.AppEngineAutoConfiguration   : No deployment resources were found for autodeployment
2025-02-11T12:38:21.079+06:00  INFO 21652 --- [shipping-service] [main] o.f.s.b.ProcessEngineAutoConfiguration   : No deployment resources were found for autodeployment
2025-02-11T12:38:21.175+06:00  INFO 21652 --- [shipping-service] [main] o.f.s.b.c.CmmnEngineAutoConfiguration    : No deployment resources were found for autodeployment
2025-02-11T12:38:21.221+06:00  INFO 21652 --- [shipping-service] [main] o.f.s.b.dmn.DmnEngineAutoConfiguration   : No deployment resources were found for autodeployment
2025-02-11T12:38:21.282+06:00  INFO 21652 --- [shipping-service] [main] o.f.s.b.e.EventRegistryAutoConfiguration : No deployment resources were found for autodeployment
2025-02-11T12:38:21.311+06:00  INFO 21652 --- [shipping-service] [main] o.f.a.s.SpringAppEngineConfiguration     : Found 5 Engine Configurators in total:
2025-02-11T12:38:21.312+06:00  INFO 21652 --- [shipping-service] [main] o.f.a.s.SpringAppEngineConfiguration     : class org.flowable.engine.spring.configurator.SpringProcessEngineConfigurator (priority:50000)
2025-02-11T12:38:21.313+06:00  INFO 21652 --- [shipping-service] [main] o.f.a.s.SpringAppEngineConfiguration     : class org.flowable.eventregistry.spring.configurator.SpringEventRegistryConfigurator (priority:100000)
2025-02-11T12:38:21.313+06:00  INFO 21652 --- [shipping-service] [main] o.f.a.s.SpringAppEngineConfiguration     : class org.flowable.idm.spring.configurator.SpringIdmEngineConfigurator (priority:150000)
2025-02-11T12:38:21.314+06:00  INFO 21652 --- [shipping-service] [main] o.f.a.s.SpringAppEngineConfiguration     : class org.flowable.dmn.spring.configurator.SpringDmnEngineConfigurator (priority:200000)
2025-02-11T12:38:21.315+06:00  INFO 21652 --- [shipping-service] [main] o.f.a.s.SpringAppEngineConfiguration     : class org.flowable.cmmn.spring.configurator.SpringCmmnEngineConfigurator (priority:500000)
2025-02-11T12:38:21.315+06:00  INFO 21652 --- [shipping-service] [main] o.f.a.s.SpringAppEngineConfiguration     : Executing beforeInit() of class org.flowable.engine.spring.configurator.SpringProcessEngineConfigurator (priority:50000)
2025-02-11T12:38:21.344+06:00  INFO 21652 --- [shipping-service] [main] o.f.a.s.SpringAppEngineConfiguration     : Executing beforeInit() of class org.flowable.eventregistry.spring.configurator.SpringEventRegistryConfigurator (priority:100000)
2025-02-11T12:38:21.347+06:00  INFO 21652 --- [shipping-service] [main] o.f.a.s.SpringAppEngineConfiguration     : Executing beforeInit() of class org.flowable.idm.spring.configurator.SpringIdmEngineConfigurator (priority:150000)
2025-02-11T12:38:21.352+06:00  INFO 21652 --- [shipping-service] [main] o.f.a.s.SpringAppEngineConfiguration     : Executing beforeInit() of class org.flowable.dmn.spring.configurator.SpringDmnEngineConfigurator (priority:200000)
2025-02-11T12:38:21.356+06:00  INFO 21652 --- [shipping-service] [main] o.f.a.s.SpringAppEngineConfiguration     : Executing beforeInit() of class org.flowable.cmmn.spring.configurator.SpringCmmnEngineConfigurator (priority:500000)
2025-02-11T12:38:21.381+06:00  INFO 21652 --- [shipping-service] [main] com.zaxxer.hikari.HikariDataSource       : HikariPool-1 - Starting...
2025-02-11T12:38:21.517+06:00  INFO 21652 --- [shipping-service] [main] com.zaxxer.hikari.pool.HikariPool        : HikariPool-1 - Added connection conn0: url=jdbc:h2:mem:9cfc9216-3809-4a79-8407-8f24f8dd1eaf user=SA
2025-02-11T12:38:21.519+06:00  INFO 21652 --- [shipping-service] [main] com.zaxxer.hikari.HikariDataSource       : HikariPool-1 - Start completed.
2025-02-11T12:38:22.212+06:00  INFO 21652 --- [shipping-service] [main] o.f.a.s.SpringAppEngineConfiguration     : Executing configure() of class org.flowable.engine.spring.configurator.SpringProcessEngineConfigurator (priority:50000)
2025-02-11T12:38:22.370+06:00  INFO 21652 --- [shipping-service] [main] o.f.c.e.impl.db.CommonDbSchemaManager    : performing create on common with resource org/flowable/common/db/create/flowable.h2.create.common.sql
2025-02-11T12:38:22.381+06:00  INFO 21652 --- [shipping-service] [main] o.f.i.s.i.d.IdentityLinkDbSchemaManager  : performing create on identitylink with resource org/flowable/identitylink/service/db/create/flowable.h2.create.identitylink.sql
2025-02-11T12:38:22.386+06:00  INFO 21652 --- [shipping-service] [main] o.f.i.s.i.d.IdentityLinkDbSchemaManager  : performing create on identitylink.history with resource org/flowable/identitylink/service/db/create/flowable.h2.create.identitylink.history.sql
2025-02-11T12:38:22.391+06:00  INFO 21652 --- [shipping-service] [main] o.f.e.s.i.db.EntityLinkDbSchemaManager   : performing create on entitylink with resource org/flowable/entitylink/service/db/create/flowable.h2.create.entitylink.sql
2025-02-11T12:38:22.394+06:00  INFO 21652 --- [shipping-service] [main] o.f.e.s.i.db.EntityLinkDbSchemaManager   : performing create on entitylink.history with resource org/flowable/entitylink/service/db/create/flowable.h2.create.entitylink.history.sql
2025-02-11T12:38:22.397+06:00  INFO 21652 --- [shipping-service] [main] e.s.i.d.EventSubscriptionDbSchemaManager : performing create on eventsubscription with resource org/flowable/eventsubscription/service/db/create/flowable.h2.create.eventsubscription.sql
2025-02-11T12:38:22.402+06:00  INFO 21652 --- [shipping-service] [main] o.f.t.s.impl.db.TaskDbSchemaManager      : performing create on task with resource org/flowable/task/service/db/create/flowable.h2.create.task.sql
2025-02-11T12:38:22.406+06:00  INFO 21652 --- [shipping-service] [main] o.f.t.s.impl.db.TaskDbSchemaManager      : performing create on task.history with resource org/flowable/task/service/db/create/flowable.h2.create.task.history.sql
2025-02-11T12:38:22.420+06:00  INFO 21652 --- [shipping-service] [main] o.f.v.s.impl.db.VariableDbSchemaManager  : performing create on variable with resource org/flowable/variable/service/db/create/flowable.h2.create.variable.sql
2025-02-11T12:38:22.439+06:00  INFO 21652 --- [shipping-service] [main] o.f.v.s.impl.db.VariableDbSchemaManager  : performing create on variable.history with resource org/flowable/variable/service/db/create/flowable.h2.create.variable.history.sql
2025-02-11T12:38:22.448+06:00  INFO 21652 --- [shipping-service] [main] o.f.j.s.impl.db.JobDbSchemaManager       : performing create on job with resource org/flowable/job/service/db/create/flowable.h2.create.job.sql
2025-02-11T12:38:22.484+06:00  INFO 21652 --- [shipping-service] [main] o.f.b.s.impl.db.BatchDbSchemaManager     : performing create on batch with resource org/flowable/batch/service/db/create/flowable.h2.create.batch.sql
2025-02-11T12:38:22.496+06:00  INFO 21652 --- [shipping-service] [main] o.f.e.impl.db.ProcessDbSchemaManager     : performing create on engine with resource org/flowable/db/create/flowable.h2.create.engine.sql
2025-02-11T12:38:22.570+06:00  INFO 21652 --- [shipping-service] [main] o.f.e.impl.db.ProcessDbSchemaManager     : performing create on history with resource org/flowable/db/create/flowable.h2.create.history.sql
2025-02-11T12:38:22.584+06:00  INFO 21652 --- [shipping-service] [main] o.f.engine.impl.ProcessEngineImpl        : ProcessEngine default created
2025-02-11T12:38:22.621+06:00  INFO 21652 --- [shipping-service] [main] o.f.e.impl.cmd.ValidateV5EntitiesCmd     : Total of v5 deployments found: 0
2025-02-11T12:38:22.629+06:00  INFO 21652 --- [shipping-service] [main] o.f.a.s.SpringAppEngineConfiguration     : Executing configure() of class org.flowable.eventregistry.spring.configurator.SpringEventRegistryConfigurator (priority:100000)
2025-02-11T12:38:22.728+06:00  INFO 21652 --- [shipping-service] [main] liquibase.database                       : Set default schema name to PUBLIC
2025-02-11T12:38:23.033+06:00  INFO 21652 --- [shipping-service] [main] liquibase.changelog                      : Creating database history table with name: PUBLIC.FLW_EV_DATABASECHANGELOG
2025-02-11T12:38:23.102+06:00  INFO 21652 --- [shipping-service] [main] liquibase.changelog                      : Reading from PUBLIC.FLW_EV_DATABASECHANGELOG
2025-02-11T12:38:23.161+06:00  INFO 21652 --- [shipping-service] [main] liquibase.lockservice                    : Successfully acquired change log lock
2025-02-11T12:38:23.162+06:00  INFO 21652 --- [shipping-service] [main] liquibase.command                        : Using deploymentId: 9255903162
2025-02-11T12:38:23.163+06:00  INFO 21652 --- [shipping-service] [main] liquibase.changelog                      : Reading from PUBLIC.FLW_EV_DATABASECHANGELOG
2025-02-11T12:38:23.202+06:00  INFO 21652 --- [shipping-service] [main] liquibase.changelog                      : Table FLW_EVENT_DEPLOYMENT created
2025-02-11T12:38:23.203+06:00  INFO 21652 --- [shipping-service] [main] liquibase.changelog                      : Table FLW_EVENT_RESOURCE created
2025-02-11T12:38:23.206+06:00  INFO 21652 --- [shipping-service] [main] liquibase.changelog                      : Table FLW_EVENT_DEFINITION created
2025-02-11T12:38:23.208+06:00  INFO 21652 --- [shipping-service] [main] liquibase.changelog                      : Index ACT_IDX_EVENT_DEF_UNIQ created
2025-02-11T12:38:23.210+06:00  INFO 21652 --- [shipping-service] [main] liquibase.changelog                      : Table FLW_CHANNEL_DEFINITION created
2025-02-11T12:38:23.211+06:00  INFO 21652 --- [shipping-service] [main] liquibase.changelog                      : Index ACT_IDX_CHANNEL_DEF_UNIQ created
2025-02-11T12:38:23.212+06:00  INFO 21652 --- [shipping-service] [main] liquibase.changelog                      : ChangeSet org/flowable/eventregistry/db/liquibase/flowable-eventregistry-db-changelog.xml::1::flowable ran successfully in 14ms
2025-02-11T12:38:23.223+06:00  INFO 21652 --- [shipping-service] [main] liquibase.changelog                      : Columns TYPE_(varchar(255)) added to FLW_CHANNEL_DEFINITION
2025-02-11T12:38:23.226+06:00  INFO 21652 --- [shipping-service] [main] liquibase.changelog                      : Columns IMPLEMENTATION_(varchar(255)) added to FLW_CHANNEL_DEFINITION
2025-02-11T12:38:23.227+06:00  INFO 21652 --- [shipping-service] [main] liquibase.changelog                      : ChangeSet org/flowable/eventregistry/db/liquibase/flowable-eventregistry-db-changelog.xml::2::flowable ran successfully in 11ms
2025-02-11T12:38:23.238+06:00  INFO 21652 --- [shipping-service] [main] liquibase.changelog                      : Set Channel Definition type and implementation columns
2025-02-11T12:38:23.239+06:00  INFO 21652 --- [shipping-service] [main] liquibase.changelog                      : ChangeSet org/flowable/eventregistry/db/liquibase/flowable-eventregistry-db-changelog.xml::3::flowable ran successfully in 8ms
2025-02-11T12:38:23.245+06:00  INFO 21652 --- [shipping-service] [main] liquibase.util                           : UPDATE SUMMARY
2025-02-11T12:38:23.245+06:00  INFO 21652 --- [shipping-service] [main] liquibase.util                           : Run:                          3
2025-02-11T12:38:23.246+06:00  INFO 21652 --- [shipping-service] [main] liquibase.util                           : Previously run:               0
2025-02-11T12:38:23.247+06:00  INFO 21652 --- [shipping-service] [main] liquibase.util                           : Filtered out:                 0
2025-02-11T12:38:23.247+06:00  INFO 21652 --- [shipping-service] [main] liquibase.util                           : -------------------------------
2025-02-11T12:38:23.247+06:00  INFO 21652 --- [shipping-service] [main] liquibase.util                           : Total change sets:            3
2025-02-11T12:38:23.249+06:00  INFO 21652 --- [shipping-service] [main] liquibase.util                           : Update summary generated
2025-02-11T12:38:23.260+06:00  INFO 21652 --- [shipping-service] [main] liquibase.command                        : Update command completed successfully.
2025-02-11T12:38:23.264+06:00  INFO 21652 --- [shipping-service] [main] liquibase.lockservice                    : Successfully released change log lock
2025-02-11T12:38:23.266+06:00  INFO 21652 --- [shipping-service] [main] liquibase.command                        : Command execution complete
2025-02-11T12:38:23.267+06:00  INFO 21652 --- [shipping-service] [main] o.f.e.impl.EventRegistryEngineImpl       : EventRegistryEngine default created
2025-02-11T12:38:23.269+06:00  INFO 21652 --- [shipping-service] [main] o.f.a.s.SpringAppEngineConfiguration     : Executing configure() of class org.flowable.idm.spring.configurator.SpringIdmEngineConfigurator (priority:150000)
2025-02-11T12:38:23.283+06:00  INFO 21652 --- [shipping-service] [main] o.f.i.engine.impl.db.IdmDbSchemaManager  : performing create on identity with resource org/flowable/idm/db/create/flowable.h2.create.identity.sql
2025-02-11T12:38:23.289+06:00  INFO 21652 --- [shipping-service] [main] o.f.idm.engine.impl.IdmEngineImpl        : IdmEngine default created
2025-02-11T12:38:23.290+06:00  INFO 21652 --- [shipping-service] [main] o.f.a.s.SpringAppEngineConfiguration     : Executing configure() of class org.flowable.dmn.spring.configurator.SpringDmnEngineConfigurator (priority:200000)
2025-02-11T12:38:23.302+06:00  INFO 21652 --- [shipping-service] [main] liquibase.database                       : Set default schema name to PUBLIC
2025-02-11T12:38:23.325+06:00  INFO 21652 --- [shipping-service] [main] liquibase.changelog                      : Creating database history table with name: PUBLIC.ACT_DMN_DATABASECHANGELOG
2025-02-11T12:38:23.328+06:00  INFO 21652 --- [shipping-service] [main] liquibase.changelog                      : Reading from PUBLIC.ACT_DMN_DATABASECHANGELOG
2025-02-11T12:38:23.351+06:00  INFO 21652 --- [shipping-service] [main] liquibase.lockservice                    : Successfully acquired change log lock
2025-02-11T12:38:23.352+06:00  INFO 21652 --- [shipping-service] [main] liquibase.command                        : Using deploymentId: 9255903352
2025-02-11T12:38:23.353+06:00  INFO 21652 --- [shipping-service] [main] liquibase.changelog                      : Reading from PUBLIC.ACT_DMN_DATABASECHANGELOG
2025-02-11T12:38:23.367+06:00  INFO 21652 --- [shipping-service] [main] liquibase.changelog                      : Table ACT_DMN_DEPLOYMENT created
2025-02-11T12:38:23.368+06:00  INFO 21652 --- [shipping-service] [main] liquibase.changelog                      : Table ACT_DMN_DEPLOYMENT_RESOURCE created
2025-02-11T12:38:23.370+06:00  INFO 21652 --- [shipping-service] [main] liquibase.changelog                      : Table ACT_DMN_DECISION_TABLE created
2025-02-11T12:38:23.370+06:00  INFO 21652 --- [shipping-service] [main] liquibase.changelog                      : ChangeSet org/flowable/dmn/db/liquibase/flowable-dmn-db-changelog.xml::1::activiti ran successfully in 5ms
2025-02-11T12:38:23.387+06:00  INFO 21652 --- [shipping-service] [main] liquibase.changelog                      : Table ACT_DMN_HI_DECISION_EXECUTION created
2025-02-11T12:38:23.388+06:00  INFO 21652 --- [shipping-service] [main] liquibase.changelog                      : ChangeSet org/flowable/dmn/db/liquibase/flowable-dmn-db-changelog.xml::2::flowable ran successfully in 3ms
2025-02-11T12:38:23.396+06:00  INFO 21652 --- [shipping-service] [main] liquibase.changelog                      : Columns SCOPE_TYPE_(varchar(255)) added to ACT_DMN_HI_DECISION_EXECUTION
2025-02-11T12:38:23.397+06:00  INFO 21652 --- [shipping-service] [main] liquibase.changelog                      : ChangeSet org/flowable/dmn/db/liquibase/flowable-dmn-db-changelog.xml::3::flowable ran successfully in 7ms
2025-02-11T12:38:23.403+06:00  INFO 21652 --- [shipping-service] [main] liquibase.changelog                      : Column ACT_DMN_DECISION_TABLE.PARENT_DEPLOYMENT_ID_ dropped
2025-02-11T12:38:23.403+06:00  INFO 21652 --- [shipping-service] [main] liquibase.changelog                      : ChangeSet org/flowable/dmn/db/liquibase/flowable-dmn-db-changelog.xml::4::flowable ran successfully in 3ms
2025-02-11T12:38:23.407+06:00  INFO 21652 --- [shipping-service] [main] liquibase.changelog                      : Index ACT_IDX_DEC_TBL_UNIQ created
2025-02-11T12:38:23.419+06:00  INFO 21652 --- [shipping-service] [main] liquibase.changelog                      : ChangeSet org/flowable/dmn/db/liquibase/flowable-dmn-db-changelog.xml::6::flowable ran successfully in 13ms
2025-02-11T12:38:23.423+06:00  INFO 21652 --- [shipping-service] [main] liquibase.changelog                      : Index ACT_IDX_DEC_TBL_UNIQ dropped from table ACT_DMN_DECISION_TABLE
2025-02-11T12:38:23.424+06:00  INFO 21652 --- [shipping-service] [main] liquibase.changelog                      : Table ACT_DMN_DECISION_TABLE renamed to ACT_DMN_DECISION
2025-02-11T12:38:23.425+06:00  INFO 21652 --- [shipping-service] [main] liquibase.changelog                      : Index ACT_IDX_DMN_DEC_UNIQ created
2025-02-11T12:38:23.425+06:00  INFO 21652 --- [shipping-service] [main] liquibase.changelog                      : ChangeSet org/flowable/dmn/db/liquibase/flowable-dmn-db-changelog.xml::7::flowable ran successfully in 3ms
2025-02-11T12:38:23.430+06:00  INFO 21652 --- [shipping-service] [main] liquibase.changelog                      : Columns DECISION_TYPE_(varchar(255)) added to ACT_DMN_DECISION
2025-02-11T12:38:23.430+06:00  INFO 21652 --- [shipping-service] [main] liquibase.changelog                      : ChangeSet org/flowable/dmn/db/liquibase/flowable-dmn-db-changelog.xml::8::flowable ran successfully in 3ms
2025-02-11T12:38:23.433+06:00  INFO 21652 --- [shipping-service] [main] liquibase.changelog                      : Index ACT_IDX_DMN_INSTANCE_ID created
2025-02-11T12:38:23.433+06:00  INFO 21652 --- [shipping-service] [main] liquibase.changelog                      : ChangeSet org/flowable/dmn/db/liquibase/flowable-dmn-db-changelog.xml::9::flowable ran successfully in 1ms
2025-02-11T12:38:23.441+06:00  INFO 21652 --- [shipping-service] [main] liquibase.util                           : UPDATE SUMMARY
2025-02-11T12:38:23.441+06:00  INFO 21652 --- [shipping-service] [main] liquibase.util                           : Run:                          8
2025-02-11T12:38:23.441+06:00  INFO 21652 --- [shipping-service] [main] liquibase.util                           : Previously run:               0
2025-02-11T12:38:23.442+06:00  INFO 21652 --- [shipping-service] [main] liquibase.util                           : Filtered out:                 1
2025-02-11T12:38:23.442+06:00  INFO 21652 --- [shipping-service] [main] liquibase.util                           : -------------------------------
2025-02-11T12:38:23.442+06:00  INFO 21652 --- [shipping-service] [main] liquibase.util                           : Total change sets:            9
2025-02-11T12:38:23.442+06:00  INFO 21652 --- [shipping-service] [main] liquibase.util                           : FILTERED CHANGE SETS SUMMARY
2025-02-11T12:38:23.443+06:00  INFO 21652 --- [shipping-service] [main] liquibase.util                           : DBMS mismatch:                1
2025-02-11T12:38:23.444+06:00  INFO 21652 --- [shipping-service] [main] liquibase.util                           : Update summary generated
2025-02-11T12:38:23.445+06:00  INFO 21652 --- [shipping-service] [main] liquibase.command                        : Update command completed successfully.
2025-02-11T12:38:23.447+06:00  INFO 21652 --- [shipping-service] [main] liquibase.lockservice                    : Successfully released change log lock
2025-02-11T12:38:23.447+06:00  INFO 21652 --- [shipping-service] [main] liquibase.command                        : Command execution complete
2025-02-11T12:38:23.447+06:00  INFO 21652 --- [shipping-service] [main] o.f.dmn.engine.impl.DmnEngineImpl        : DmnEngine default created
2025-02-11T12:38:23.449+06:00  INFO 21652 --- [shipping-service] [main] o.f.a.s.SpringAppEngineConfiguration     : Executing configure() of class org.flowable.cmmn.spring.configurator.SpringCmmnEngineConfigurator (priority:500000)
2025-02-11T12:38:23.535+06:00  INFO 21652 --- [shipping-service] [main] liquibase.database                       : Set default schema name to PUBLIC
2025-02-11T12:38:23.568+06:00  INFO 21652 --- [shipping-service] [main] liquibase.changelog                      : Creating database history table with name: PUBLIC.ACT_CMMN_DATABASECHANGELOG
2025-02-11T12:38:23.571+06:00  INFO 21652 --- [shipping-service] [main] liquibase.changelog                      : Reading from PUBLIC.ACT_CMMN_DATABASECHANGELOG
2025-02-11T12:38:23.619+06:00  INFO 21652 --- [shipping-service] [main] liquibase.lockservice                    : Successfully acquired change log lock
2025-02-11T12:38:23.619+06:00  INFO 21652 --- [shipping-service] [main] liquibase.command                        : Using deploymentId: 9255903619
2025-02-11T12:38:23.620+06:00  INFO 21652 --- [shipping-service] [main] liquibase.changelog                      : Reading from PUBLIC.ACT_CMMN_DATABASECHANGELOG
2025-02-11T12:38:23.676+06:00  INFO 21652 --- [shipping-service] [main] liquibase.changelog                      : Table ACT_CMMN_DEPLOYMENT created
2025-02-11T12:38:23.678+06:00  INFO 21652 --- [shipping-service] [main] liquibase.changelog                      : Table ACT_CMMN_DEPLOYMENT_RESOURCE created
2025-02-11T12:38:23.679+06:00  INFO 21652 --- [shipping-service] [main] liquibase.changelog                      : Foreign key constraint added to ACT_CMMN_DEPLOYMENT_RESOURCE (DEPLOYMENT_ID_)
2025-02-11T12:38:23.680+06:00  INFO 21652 --- [shipping-service] [main] liquibase.changelog                      : Index ACT_IDX_CMMN_RSRC_DPL created
2025-02-11T12:38:23.682+06:00  INFO 21652 --- [shipping-service] [main] liquibase.changelog                      : Table ACT_CMMN_CASEDEF created
2025-02-11T12:38:23.684+06:00  INFO 21652 --- [shipping-service] [main] liquibase.changelog                      : Foreign key constraint added to ACT_CMMN_CASEDEF (DEPLOYMENT_ID_)
2025-02-11T12:38:23.685+06:00  INFO 21652 --- [shipping-service] [main] liquibase.changelog                      : Index ACT_IDX_CASE_DEF_DPLY created
2025-02-11T12:38:23.686+06:00  INFO 21652 --- [shipping-service] [main] liquibase.changelog                      : Table ACT_CMMN_RU_CASE_INST created
2025-02-11T12:38:23.688+06:00  INFO 21652 --- [shipping-service] [main] liquibase.changelog                      : Foreign key constraint added to ACT_CMMN_RU_CASE_INST (CASE_DEF_ID_)
2025-02-11T12:38:23.688+06:00  INFO 21652 --- [shipping-service] [main] liquibase.changelog                      : Index ACT_IDX_CASE_INST_CASE_DEF created
2025-02-11T12:38:23.690+06:00  INFO 21652 --- [shipping-service] [main] liquibase.changelog                      : Index ACT_IDX_CASE_INST_PARENT created
2025-02-11T12:38:23.692+06:00  INFO 21652 --- [shipping-service] [main] liquibase.changelog                      : Table ACT_CMMN_RU_PLAN_ITEM_INST created
2025-02-11T12:38:23.694+06:00  INFO 21652 --- [shipping-service] [main] liquibase.changelog                      : Foreign key constraint added to ACT_CMMN_RU_PLAN_ITEM_INST (CASE_DEF_ID_)
2025-02-11T12:38:23.695+06:00  INFO 21652 --- [shipping-service] [main] liquibase.changelog                      : Index ACT_IDX_PLAN_ITEM_CASE_DEF created
2025-02-11T12:38:23.697+06:00  INFO 21652 --- [shipping-service] [main] liquibase.changelog                      : Foreign key constraint added to ACT_CMMN_RU_PLAN_ITEM_INST (CASE_INST_ID_)
2025-02-11T12:38:23.698+06:00  INFO 21652 --- [shipping-service] [main] liquibase.changelog                      : Index ACT_IDX_PLAN_ITEM_CASE_INST created
2025-02-11T12:38:23.700+06:00  INFO 21652 --- [shipping-service] [main] liquibase.changelog                      : Table ACT_CMMN_RU_SENTRY_PART_INST created
2025-02-11T12:38:23.702+06:00  INFO 21652 --- [shipping-service] [main] liquibase.changelog                      : Foreign key constraint added to ACT_CMMN_RU_SENTRY_PART_INST (CASE_DEF_ID_)
2025-02-11T12:38:23.703+06:00  INFO 21652 --- [shipping-service] [main] liquibase.changelog                      : Index ACT_IDX_SENTRY_CASE_DEF created
2025-02-11T12:38:23.705+06:00  INFO 21652 --- [shipping-service] [main] liquibase.changelog                      : Foreign key constraint added to ACT_CMMN_RU_SENTRY_PART_INST (CASE_INST_ID_)
2025-02-11T12:38:23.707+06:00  INFO 21652 --- [shipping-service] [main] liquibase.changelog                      : Index ACT_IDX_SENTRY_CASE_INST created
2025-02-11T12:38:23.717+06:00  INFO 21652 --- [shipping-service] [main] liquibase.changelog                      : Foreign key constraint added to ACT_CMMN_RU_SENTRY_PART_INST (PLAN_ITEM_INST_ID_)
2025-02-11T12:38:23.721+06:00  INFO 21652 --- [shipping-service] [main] liquibase.changelog                      : Index ACT_IDX_SENTRY_PLAN_ITEM created
2025-02-11T12:38:23.723+06:00  INFO 21652 --- [shipping-service] [main] liquibase.changelog                      : Table ACT_CMMN_RU_MIL_INST created
2025-02-11T12:38:23.725+06:00  INFO 21652 --- [shipping-service] [main] liquibase.changelog                      : Foreign key constraint added to ACT_CMMN_RU_MIL_INST (CASE_DEF_ID_)
2025-02-11T12:38:23.726+06:00  INFO 21652 --- [shipping-service] [main] liquibase.changelog                      : Index ACT_IDX_MIL_CASE_DEF created
2025-02-11T12:38:23.727+06:00  INFO 21652 --- [shipping-service] [main] liquibase.changelog                      : Foreign key constraint added to ACT_CMMN_RU_MIL_INST (CASE_INST_ID_)
2025-02-11T12:38:23.728+06:00  INFO 21652 --- [shipping-service] [main] liquibase.changelog                      : Index ACT_IDX_MIL_CASE_INST created
2025-02-11T12:38:23.729+06:00  INFO 21652 --- [shipping-service] [main] liquibase.changelog                      : Table ACT_CMMN_HI_CASE_INST created
2025-02-11T12:38:23.730+06:00  INFO 21652 --- [shipping-service] [main] liquibase.changelog                      : Table ACT_CMMN_HI_MIL_INST created
2025-02-11T12:38:23.731+06:00  INFO 21652 --- [shipping-service] [main] liquibase.changelog                      : ChangeSet org/flowable/cmmn/db/liquibase/flowable-cmmn-db-changelog.xml::1::flowable ran successfully in 58ms
2025-02-11T12:38:23.737+06:00  INFO 21652 --- [shipping-service] [main] liquibase.changelog                      : Columns DGRM_RESOURCE_NAME_(varchar(4000)),HAS_START_FORM_KEY_(boolean) added to ACT_CMMN_CASEDEF
2025-02-11T12:38:23.740+06:00  INFO 21652 --- [shipping-service] [main] liquibase.changelog                      : Columns GENERATED_(boolean) added to ACT_CMMN_DEPLOYMENT_RESOURCE
2025-02-11T12:38:23.743+06:00  INFO 21652 --- [shipping-service] [main] liquibase.changelog                      : Columns LOCK_TIME_(datetime) added to ACT_CMMN_RU_CASE_INST
2025-02-11T12:38:23.748+06:00  INFO 21652 --- [shipping-service] [main] liquibase.changelog                      : Columns ITEM_DEFINITION_ID_(varchar(255)),ITEM_DEFINITION_TYPE_(varchar(255)) added to ACT_CMMN_RU_PLAN_ITEM_INST
2025-02-11T12:38:23.748+06:00  INFO 21652 --- [shipping-service] [main] liquibase.changelog                      : ChangeSet org/flowable/cmmn/db/liquibase/flowable-cmmn-db-changelog.xml::2::flowable ran successfully in 15ms
2025-02-11T12:38:23.753+06:00  INFO 21652 --- [shipping-service] [main] liquibase.changelog                      : Columns IS_COMPLETEABLE_(boolean) added to ACT_CMMN_RU_PLAN_ITEM_INST
2025-02-11T12:38:23.755+06:00  INFO 21652 --- [shipping-service] [main] liquibase.changelog                      : Columns IS_COMPLETEABLE_(boolean) added to ACT_CMMN_RU_CASE_INST
2025-02-11T12:38:23.757+06:00  INFO 21652 --- [shipping-service] [main] liquibase.changelog                      : Index ACT_IDX_PLAN_ITEM_STAGE_INST created
2025-02-11T12:38:23.761+06:00  INFO 21652 --- [shipping-service] [main] liquibase.changelog                      : Columns IS_COUNT_ENABLED_(boolean) added to ACT_CMMN_RU_PLAN_ITEM_INST
2025-02-11T12:38:23.767+06:00  INFO 21652 --- [shipping-service] [main] liquibase.changelog                      : Columns VAR_COUNT_(integer) added to ACT_CMMN_RU_PLAN_ITEM_INST
2025-02-11T12:38:23.773+06:00  INFO 21652 --- [shipping-service] [main] liquibase.changelog                      : Columns SENTRY_PART_INST_COUNT_(integer) added to ACT_CMMN_RU_PLAN_ITEM_INST
2025-02-11T12:38:23.774+06:00  INFO 21652 --- [shipping-service] [main] liquibase.changelog                      : ChangeSet org/flowable/cmmn/db/liquibase/flowable-cmmn-db-changelog.xml::3::flowable ran successfully in 22ms
2025-02-11T12:38:23.782+06:00  INFO 21652 --- [shipping-service] [main] liquibase.changelog                      : Table ACT_CMMN_HI_PLAN_ITEM_INST created
2025-02-11T12:38:23.786+06:00  INFO 21652 --- [shipping-service] [main] liquibase.changelog                      : Columns TENANT_ID_(varchar(255)) added to ACT_CMMN_RU_MIL_INST
2025-02-11T12:38:23.788+06:00  INFO 21652 --- [shipping-service] [main] liquibase.changelog                      : Columns TENANT_ID_(varchar(255)) added to ACT_CMMN_HI_MIL_INST
2025-02-11T12:38:23.789+06:00  INFO 21652 --- [shipping-service] [main] liquibase.changelog                      : ChangeSet org/flowable/cmmn/db/liquibase/flowable-cmmn-db-changelog.xml::4::flowable ran successfully in 11ms
2025-02-11T12:38:23.792+06:00  INFO 21652 --- [shipping-service] [main] liquibase.changelog                      : Index ACT_IDX_CASE_DEF_UNIQ created
2025-02-11T12:38:23.792+06:00  INFO 21652 --- [shipping-service] [main] liquibase.changelog                      : ChangeSet org/flowable/cmmn/db/liquibase/flowable-cmmn-db-changelog.xml::6::flowable ran successfully in 1ms
2025-02-11T12:38:23.796+06:00  INFO 21652 --- [shipping-service] [main] liquibase.changelog                      : Column ACT_CMMN_RU_PLAN_ITEM_INST.START_TIME_ renamed to CREATE_TIME_
2025-02-11T12:38:23.798+06:00  INFO 21652 --- [shipping-service] [main] liquibase.changelog                      : Column ACT_CMMN_HI_PLAN_ITEM_INST.CREATED_TIME_ renamed to CREATE_TIME_
2025-02-11T12:38:23.841+06:00  INFO 21652 --- [shipping-service] [main] liquibase.changelog                      : Columns LAST_AVAILABLE_TIME_(datetime(3)),LAST_ENABLED_TIME_(datetime(3)),LAST_DISABLED_TIME_(datetime(3)),LAST_STARTED_TIME_(datetime(3)),LAST_SUSPENDED_TIME_(datetime(3)),COMPLETED_TIME_(datetime(3)),OCCURRED_TIME_(datetime(3)),TERMINATED_TIME_(datetime(3)),EXIT_TIME_(datetime(3)),ENDED_TIME_(datetime(3)),ENTRY_CRITERION_ID_(varchar(255)),EXIT_CRITERION_ID_(varchar(255)) added to ACT_CMMN_RU_PLAN_ITEM_INST
2025-02-11T12:38:23.845+06:00  INFO 21652 --- [shipping-service] [main] liquibase.changelog                      : Columns ENTRY_CRITERION_ID_(varchar(255)),EXIT_CRITERION_ID_(varchar(255)) added to ACT_CMMN_HI_PLAN_ITEM_INST
2025-02-11T12:38:23.845+06:00  INFO 21652 --- [shipping-service] [main] liquibase.changelog                      : ChangeSet org/flowable/cmmn/db/liquibase/flowable-cmmn-db-changelog.xml::7::flowable ran successfully in 50ms
2025-02-11T12:38:23.849+06:00  INFO 21652 --- [shipping-service] [main] liquibase.changelog                      : Columns SHOW_IN_OVERVIEW_(boolean) added to ACT_CMMN_HI_PLAN_ITEM_INST
2025-02-11T12:38:23.850+06:00  INFO 21652 --- [shipping-service] [main] liquibase.changelog                      : ChangeSet org/flowable/cmmn/db/liquibase/flowable-cmmn-db-changelog.xml::8::flowable ran successfully in 3ms
2025-02-11T12:38:23.854+06:00  INFO 21652 --- [shipping-service] [main] liquibase.changelog                      : Columns EXTRA_VALUE_(varchar(255)) added to ACT_CMMN_RU_PLAN_ITEM_INST
2025-02-11T12:38:23.857+06:00  INFO 21652 --- [shipping-service] [main] liquibase.changelog                      : Columns EXTRA_VALUE_(varchar(255)) added to ACT_CMMN_HI_PLAN_ITEM_INST
2025-02-11T12:38:23.857+06:00  INFO 21652 --- [shipping-service] [main] liquibase.changelog                      : ChangeSet org/flowable/cmmn/db/liquibase/flowable-cmmn-db-changelog.xml::9::flowable ran successfully in 5ms
2025-02-11T12:38:23.863+06:00  INFO 21652 --- [shipping-service] [main] liquibase.changelog                      : Columns REFERENCE_ID_(varchar(255)) added to ACT_CMMN_RU_CASE_INST
2025-02-11T12:38:23.867+06:00  INFO 21652 --- [shipping-service] [main] liquibase.changelog                      : Columns REFERENCE_TYPE_(varchar(255)) added to ACT_CMMN_RU_CASE_INST
2025-02-11T12:38:23.868+06:00  INFO 21652 --- [shipping-service] [main] liquibase.changelog                      : Index ACT_IDX_CASE_INST_REF_ID_ created
2025-02-11T12:38:23.869+06:00  INFO 21652 --- [shipping-service] [main] liquibase.changelog                      : Columns REFERENCE_ID_(varchar(255)) added to ACT_CMMN_HI_CASE_INST
2025-02-11T12:38:23.870+06:00  INFO 21652 --- [shipping-service] [main] liquibase.changelog                      : Columns REFERENCE_TYPE_(varchar(255)) added to ACT_CMMN_HI_CASE_INST
2025-02-11T12:38:23.871+06:00  INFO 21652 --- [shipping-service] [main] liquibase.changelog                      : ChangeSet org/flowable/cmmn/db/liquibase/flowable-cmmn-db-changelog.xml::10::flowable ran successfully in 12ms
2025-02-11T12:38:23.874+06:00  INFO 21652 --- [shipping-service] [main] liquibase.changelog                      : Columns DERIVED_CASE_DEF_ID_(varchar(255)) added to ACT_CMMN_RU_PLAN_ITEM_INST
2025-02-11T12:38:23.876+06:00  INFO 21652 --- [shipping-service] [main] liquibase.changelog                      : Columns DERIVED_CASE_DEF_ID_(varchar(255)) added to ACT_CMMN_HI_PLAN_ITEM_INST
2025-02-11T12:38:23.876+06:00  INFO 21652 --- [shipping-service] [main] liquibase.changelog                      : ChangeSet org/flowable/cmmn/db/liquibase/flowable-cmmn-db-changelog.xml::11::flowable ran successfully in 4ms
2025-02-11T12:38:23.883+06:00  INFO 21652 --- [shipping-service] [main] liquibase.changelog                      : Columns LOCK_OWNER_(varchar(255)) added to ACT_CMMN_RU_CASE_INST
2025-02-11T12:38:23.884+06:00  INFO 21652 --- [shipping-service] [main] liquibase.changelog                      : ChangeSet org/flowable/cmmn/db/liquibase/flowable-cmmn-db-changelog.xml::12::flowable ran successfully in 5ms
2025-02-11T12:38:23.893+06:00  INFO 21652 --- [shipping-service] [main] liquibase.changelog                      : Columns LAST_UNAVAILABLE_TIME_(datetime(3)) added to ACT_CMMN_RU_PLAN_ITEM_INST
2025-02-11T12:38:23.897+06:00  INFO 21652 --- [shipping-service] [main] liquibase.changelog                      : Columns LAST_UNAVAILABLE_TIME_(datetime(3)) added to ACT_CMMN_HI_PLAN_ITEM_INST
2025-02-11T12:38:23.898+06:00  INFO 21652 --- [shipping-service] [main] liquibase.changelog                      : ChangeSet org/flowable/cmmn/db/liquibase/flowable-cmmn-db-changelog.xml::13::flowable ran successfully in 9ms
2025-02-11T12:38:23.905+06:00  INFO 21652 --- [shipping-service] [main] liquibase.changelog                      : Columns LAST_REACTIVATION_TIME_(datetime(3)),LAST_REACTIVATION_USER_ID_(varchar(255)) added to ACT_CMMN_RU_CASE_INST
2025-02-11T12:38:23.914+06:00  INFO 21652 --- [shipping-service] [main] liquibase.changelog                      : Columns LAST_REACTIVATION_TIME_(datetime(3)),LAST_REACTIVATION_USER_ID_(varchar(255)) added to ACT_CMMN_HI_CASE_INST
2025-02-11T12:38:23.915+06:00  INFO 21652 --- [shipping-service] [main] liquibase.changelog                      : ChangeSet org/flowable/cmmn/db/liquibase/flowable-cmmn-db-changelog.xml::14::flowable ran successfully in 14ms
2025-02-11T12:38:23.919+06:00  INFO 21652 --- [shipping-service] [main] liquibase.changelog                      : Columns BUSINESS_STATUS_(varchar(255)) added to ACT_CMMN_RU_CASE_INST
2025-02-11T12:38:23.920+06:00  INFO 21652 --- [shipping-service] [main] liquibase.changelog                      : Columns BUSINESS_STATUS_(varchar(255)) added to ACT_CMMN_HI_CASE_INST
2025-02-11T12:38:23.920+06:00  INFO 21652 --- [shipping-service] [main] liquibase.changelog                      : ChangeSet org/flowable/cmmn/db/liquibase/flowable-cmmn-db-changelog.xml::16::flowable ran successfully in 4ms
2025-02-11T12:38:23.927+06:00  INFO 21652 --- [shipping-service] [main] liquibase.changelog                      : Index ACT_IDX_HI_CASE_INST_END created
2025-02-11T12:38:23.928+06:00  INFO 21652 --- [shipping-service] [main] liquibase.changelog                      : ChangeSet org/flowable/cmmn/db/liquibase/flowable-cmmn-db-changelog.xml::17::flowable ran successfully in 2ms
2025-02-11T12:38:23.933+06:00  INFO 21652 --- [shipping-service] [main] liquibase.util                           : UPDATE SUMMARY
2025-02-11T12:38:23.933+06:00  INFO 21652 --- [shipping-service] [main] liquibase.util                           : Run:                         15
2025-02-11T12:38:23.934+06:00  INFO 21652 --- [shipping-service] [main] liquibase.util                           : Previously run:               0
2025-02-11T12:38:23.934+06:00  INFO 21652 --- [shipping-service] [main] liquibase.util                           : Filtered out:                 2
2025-02-11T12:38:23.934+06:00  INFO 21652 --- [shipping-service] [main] liquibase.util                           : -------------------------------
2025-02-11T12:38:23.934+06:00  INFO 21652 --- [shipping-service] [main] liquibase.util                           : Total change sets:           17
2025-02-11T12:38:23.934+06:00  INFO 21652 --- [shipping-service] [main] liquibase.util                           : FILTERED CHANGE SETS SUMMARY
2025-02-11T12:38:23.935+06:00  INFO 21652 --- [shipping-service] [main] liquibase.util                           : DBMS mismatch:                2
2025-02-11T12:38:23.935+06:00  INFO 21652 --- [shipping-service] [main] liquibase.util                           : Update summary generated
2025-02-11T12:38:23.936+06:00  INFO 21652 --- [shipping-service] [main] liquibase.command                        : Update command completed successfully.
2025-02-11T12:38:23.937+06:00  INFO 21652 --- [shipping-service] [main] liquibase.lockservice                    : Successfully released change log lock
2025-02-11T12:38:23.938+06:00  INFO 21652 --- [shipping-service] [main] liquibase.command                        : Command execution complete
2025-02-11T12:38:23.938+06:00  INFO 21652 --- [shipping-service] [main] o.f.cmmn.engine.impl.CmmnEngineImpl      : CmmnEngine default created
2025-02-11T12:38:23.942+06:00  INFO 21652 --- [shipping-service] [main] liquibase.database                       : Set default schema name to PUBLIC
2025-02-11T12:38:23.965+06:00  INFO 21652 --- [shipping-service] [main] liquibase.changelog                      : Creating database history table with name: PUBLIC.ACT_APP_DATABASECHANGELOG
2025-02-11T12:38:23.968+06:00  INFO 21652 --- [shipping-service] [main] liquibase.changelog                      : Reading from PUBLIC.ACT_APP_DATABASECHANGELOG
2025-02-11T12:38:23.982+06:00  INFO 21652 --- [shipping-service] [main] liquibase.lockservice                    : Successfully acquired change log lock
2025-02-11T12:38:23.983+06:00  INFO 21652 --- [shipping-service] [main] liquibase.command                        : Using deploymentId: 9255903983
2025-02-11T12:38:23.984+06:00  INFO 21652 --- [shipping-service] [main] liquibase.changelog                      : Reading from PUBLIC.ACT_APP_DATABASECHANGELOG
2025-02-11T12:38:23.991+06:00  INFO 21652 --- [shipping-service] [main] liquibase.changelog                      : Table ACT_APP_DEPLOYMENT created
2025-02-11T12:38:23.993+06:00  INFO 21652 --- [shipping-service] [main] liquibase.changelog                      : Table ACT_APP_DEPLOYMENT_RESOURCE created
2025-02-11T12:38:23.994+06:00  INFO 21652 --- [shipping-service] [main] liquibase.changelog                      : Foreign key constraint added to ACT_APP_DEPLOYMENT_RESOURCE (DEPLOYMENT_ID_)
2025-02-11T12:38:23.995+06:00  INFO 21652 --- [shipping-service] [main] liquibase.changelog                      : Index ACT_IDX_APP_RSRC_DPL created
2025-02-11T12:38:23.997+06:00  INFO 21652 --- [shipping-service] [main] liquibase.changelog                      : Table ACT_APP_APPDEF created
2025-02-11T12:38:23.997+06:00  INFO 21652 --- [shipping-service] [main] liquibase.changelog                      : Foreign key constraint added to ACT_APP_APPDEF (DEPLOYMENT_ID_)
2025-02-11T12:38:23.998+06:00  INFO 21652 --- [shipping-service] [main] liquibase.changelog                      : Index ACT_IDX_APP_DEF_DPLY created
2025-02-11T12:38:23.999+06:00  INFO 21652 --- [shipping-service] [main] liquibase.changelog                      : ChangeSet org/flowable/app/db/liquibase/flowable-app-db-changelog.xml::1::flowable ran successfully in 10ms
2025-02-11T12:38:24.001+06:00  INFO 21652 --- [shipping-service] [main] liquibase.changelog                      : Index ACT_IDX_APP_DEF_UNIQ created
2025-02-11T12:38:24.001+06:00  INFO 21652 --- [shipping-service] [main] liquibase.changelog                      : ChangeSet org/flowable/app/db/liquibase/flowable-app-db-changelog.xml::3::flowable ran successfully in 0ms
2025-02-11T12:38:24.006+06:00  INFO 21652 --- [shipping-service] [main] liquibase.util                           : UPDATE SUMMARY
2025-02-11T12:38:24.006+06:00  INFO 21652 --- [shipping-service] [main] liquibase.util                           : Run:                          2
2025-02-11T12:38:24.007+06:00  INFO 21652 --- [shipping-service] [main] liquibase.util                           : Previously run:               0
2025-02-11T12:38:24.007+06:00  INFO 21652 --- [shipping-service] [main] liquibase.util                           : Filtered out:                 1
2025-02-11T12:38:24.008+06:00  INFO 21652 --- [shipping-service] [main] liquibase.util                           : -------------------------------
2025-02-11T12:38:24.008+06:00  INFO 21652 --- [shipping-service] [main] liquibase.util                           : Total change sets:            3
2025-02-11T12:38:24.008+06:00  INFO 21652 --- [shipping-service] [main] liquibase.util                           : FILTERED CHANGE SETS SUMMARY
2025-02-11T12:38:24.009+06:00  INFO 21652 --- [shipping-service] [main] liquibase.util                           : DBMS mismatch:                1
2025-02-11T12:38:24.009+06:00  INFO 21652 --- [shipping-service] [main] liquibase.util                           : Update summary generated
2025-02-11T12:38:24.010+06:00  INFO 21652 --- [shipping-service] [main] liquibase.command                        : Update command completed successfully.
2025-02-11T12:38:24.012+06:00  INFO 21652 --- [shipping-service] [main] liquibase.lockservice                    : Successfully released change log lock
2025-02-11T12:38:24.013+06:00  INFO 21652 --- [shipping-service] [main] liquibase.command                        : Command execution complete
2025-02-11T12:38:24.013+06:00  INFO 21652 --- [shipping-service] [main] o.f.app.engine.impl.AppEngineImpl        : AppEngine default created
2025-02-11T12:38:24.185+06:00  INFO 21652 --- [shipping-service] [main] o.f.j.s.i.a.AbstractAsyncExecutor        : Starting up the async job executor [org.flowable.spring.job.service.SpringAsyncExecutor] for engine cmmn
2025-02-11T12:38:24.192+06:00  INFO 21652 --- [shipping-service] [main] o.f.j.s.i.a.AbstractAsyncExecutor        : Starting up the async job executor [org.flowable.spring.job.service.SpringAsyncExecutor] for engine bpmn
2025-02-11T12:38:24.192+06:00  INFO 21652 --- [shipping-service] [Thread-3] o.f.j.s.i.a.ResetExpiredJobsRunnable     : starting to reset expired jobs for engine cmmn
2025-02-11T12:38:24.193+06:00  INFO 21652 --- [shipping-service] [Thread-2] o.f.j.s.i.a.AcquireTimerJobsRunnable     : starting to acquire async jobs due for engine cmmn
2025-02-11T12:38:24.193+06:00  INFO 21652 --- [shipping-service] [Thread-1] o.f.j.s.i.a.AcquireAsyncJobsDueRunnable  : starting to acquire async jobs due for engine cmmn
2025-02-11T12:38:24.195+06:00  INFO 21652 --- [shipping-service] [Thread-4] o.f.j.s.i.a.AcquireAsyncJobsDueRunnable  : starting to acquire async jobs due for engine bpmn
2025-02-11T12:38:24.195+06:00  INFO 21652 --- [shipping-service] [Thread-5] o.f.j.s.i.a.AcquireTimerJobsRunnable     : starting to acquire async jobs due for engine bpmn
2025-02-11T12:38:24.196+06:00  INFO 21652 --- [shipping-service] [Thread-6] o.f.j.s.i.a.ResetExpiredJobsRunnable     : starting to reset expired jobs for engine bpmn
2025-02-11T12:38:24.218+06:00  INFO 21652 --- [shipping-service] [main] o.s.b.w.embedded.tomcat.TomcatWebServer  : Tomcat started on port 8083 (http) with context path '/'
2025-02-11T12:38:24.248+06:00  INFO 21652 --- [shipping-service] [main] o.a.k.clients.consumer.ConsumerConfig    : ConsumerConfig values: 
	allow.auto.create.topics = true
	auto.commit.interval.ms = 5000
	auto.include.jmx.reporter = true
	auto.offset.reset = earliest
	bootstrap.servers = [localhost:9092]
	check.crcs = true
	client.dns.lookup = use_all_dns_ips
	client.id = consumer-shipping-group-1
	client.rack = 
	connections.max.idle.ms = 540000
	default.api.timeout.ms = 60000
	enable.auto.commit = false
	enable.metrics.push = true
	exclude.internal.topics = true
	fetch.max.bytes = 52428800
	fetch.max.wait.ms = 500
	fetch.min.bytes = 1
	group.id = shipping-group
	group.instance.id = null
	group.protocol = classic
	group.remote.assignor = null
	heartbeat.interval.ms = 3000
	interceptor.classes = []
	internal.leave.group.on.close = true
	internal.throw.on.fetch.stable.offset.unsupported = false
	isolation.level = read_uncommitted
	key.deserializer = class org.apache.kafka.common.serialization.StringDeserializer
	max.partition.fetch.bytes = 1048576
	max.poll.interval.ms = 300000
	max.poll.records = 500
	metadata.max.age.ms = 300000
	metadata.recovery.strategy = none
	metric.reporters = []
	metrics.num.samples = 2
	metrics.recording.level = INFO
	metrics.sample.window.ms = 30000
	partition.assignment.strategy = [class org.apache.kafka.clients.consumer.RangeAssignor, class org.apache.kafka.clients.consumer.CooperativeStickyAssignor]
	receive.buffer.bytes = 65536
	reconnect.backoff.max.ms = 1000
	reconnect.backoff.ms = 50
	request.timeout.ms = 30000
	retry.backoff.max.ms = 1000
	retry.backoff.ms = 100
	sasl.client.callback.handler.class = null
	sasl.jaas.config = null
	sasl.kerberos.kinit.cmd = /usr/bin/kinit
	sasl.kerberos.min.time.before.relogin = 60000
	sasl.kerberos.service.name = null
	sasl.kerberos.ticket.renew.jitter = 0.05
	sasl.kerberos.ticket.renew.window.factor = 0.8
	sasl.login.callback.handler.class = null
	sasl.login.class = null
	sasl.login.connect.timeout.ms = null
	sasl.login.read.timeout.ms = null
	sasl.login.refresh.buffer.seconds = 300
	sasl.login.refresh.min.period.seconds = 60
	sasl.login.refresh.window.factor = 0.8
	sasl.login.refresh.window.jitter = 0.05
	sasl.login.retry.backoff.max.ms = 10000
	sasl.login.retry.backoff.ms = 100
	sasl.mechanism = GSSAPI
	sasl.oauthbearer.clock.skew.seconds = 30
	sasl.oauthbearer.expected.audience = null
	sasl.oauthbearer.expected.issuer = null
	sasl.oauthbearer.jwks.endpoint.refresh.ms = 3600000
	sasl.oauthbearer.jwks.endpoint.retry.backoff.max.ms = 10000
	sasl.oauthbearer.jwks.endpoint.retry.backoff.ms = 100
	sasl.oauthbearer.jwks.endpoint.url = null
	sasl.oauthbearer.scope.claim.name = scope
	sasl.oauthbearer.sub.claim.name = sub
	sasl.oauthbearer.token.endpoint.url = null
	security.protocol = PLAINTEXT
	security.providers = null
	send.buffer.bytes = 131072
	session.timeout.ms = 45000
	socket.connection.setup.timeout.max.ms = 30000
	socket.connection.setup.timeout.ms = 10000
	ssl.cipher.suites = null
	ssl.enabled.protocols = [TLSv1.2, TLSv1.3]
	ssl.endpoint.identification.algorithm = https
	ssl.engine.factory.class = null
	ssl.key.password = null
	ssl.keymanager.algorithm = SunX509
	ssl.keystore.certificate.chain = null
	ssl.keystore.key = null
	ssl.keystore.location = null
	ssl.keystore.password = null
	ssl.keystore.type = JKS
	ssl.protocol = TLSv1.3
	ssl.provider = null
	ssl.secure.random.implementation = null
	ssl.trustmanager.algorithm = PKIX
	ssl.truststore.certificates = null
	ssl.truststore.location = null
	ssl.truststore.password = null
	ssl.truststore.type = JKS
	value.deserializer = class org.apache.kafka.common.serialization.StringDeserializer

2025-02-11T12:38:24.290+06:00  INFO 21652 --- [shipping-service] [main] o.a.k.c.t.i.KafkaMetricsCollector        : initializing Kafka metrics collector
2025-02-11T12:38:24.397+06:00  INFO 21652 --- [shipping-service] [main] o.a.kafka.common.utils.AppInfoParser     : Kafka version: 3.8.1
2025-02-11T12:38:24.398+06:00  INFO 21652 --- [shipping-service] [main] o.a.kafka.common.utils.AppInfoParser     : Kafka commitId: 70d6ff42debf7e17
2025-02-11T12:38:24.398+06:00  INFO 21652 --- [shipping-service] [main] o.a.kafka.common.utils.AppInfoParser     : Kafka startTimeMs: 1739255904397
2025-02-11T12:38:24.401+06:00  INFO 21652 --- [shipping-service] [main] o.a.k.c.c.internals.LegacyKafkaConsumer  : [Consumer clientId=consumer-shipping-group-1, groupId=shipping-group] Subscribed to topic(s): saga-events
2025-02-11T12:38:24.414+06:00  INFO 21652 --- [shipping-service] [main] h.f.s.ShippingServiceApplication         : Started ShippingServiceApplication in 5.123 seconds (process running for 5.387)
2025-02-11T12:38:24.639+06:00  INFO 21652 --- [shipping-service] [org.springframework.kafka.KafkaListenerEndpointContainer#0-0-C-1] org.apache.kafka.clients.Metadata        : [Consumer clientId=consumer-shipping-group-1, groupId=shipping-group] Cluster ID: XzrhhWtpQfK-3XwjysfkIg
2025-02-11T12:38:24.640+06:00  INFO 21652 --- [shipping-service] [org.springframework.kafka.KafkaListenerEndpointContainer#0-0-C-1] o.a.k.c.c.internals.ConsumerCoordinator  : [Consumer clientId=consumer-shipping-group-1, groupId=shipping-group] Discovered group coordinator localhost:9092 (id: 2147482646 rack: null)
2025-02-11T12:38:24.643+06:00  INFO 21652 --- [shipping-service] [org.springframework.kafka.KafkaListenerEndpointContainer#0-0-C-1] o.a.k.c.c.internals.ConsumerCoordinator  : [Consumer clientId=consumer-shipping-group-1, groupId=shipping-group] (Re-)joining group
2025-02-11T12:38:24.655+06:00  INFO 21652 --- [shipping-service] [org.springframework.kafka.KafkaListenerEndpointContainer#0-0-C-1] o.a.k.c.c.internals.ConsumerCoordinator  : [Consumer clientId=consumer-shipping-group-1, groupId=shipping-group] Request joining group due to: need to re-join with the given member-id: consumer-shipping-group-1-de0f5bf8-ba69-42db-b187-d9a54dd54c1c
2025-02-11T12:38:24.655+06:00  INFO 21652 --- [shipping-service] [org.springframework.kafka.KafkaListenerEndpointContainer#0-0-C-1] o.a.k.c.c.internals.ConsumerCoordinator  : [Consumer clientId=consumer-shipping-group-1, groupId=shipping-group] (Re-)joining group
2025-02-11T12:38:24.658+06:00  INFO 21652 --- [shipping-service] [org.springframework.kafka.KafkaListenerEndpointContainer#0-0-C-1] o.a.k.c.c.internals.ConsumerCoordinator  : [Consumer clientId=consumer-shipping-group-1, groupId=shipping-group] Successfully joined group with generation Generation{generationId=1, memberId='consumer-shipping-group-1-de0f5bf8-ba69-42db-b187-d9a54dd54c1c', protocol='range'}
2025-02-11T12:38:24.663+06:00  INFO 21652 --- [shipping-service] [org.springframework.kafka.KafkaListenerEndpointContainer#0-0-C-1] o.a.k.c.c.internals.ConsumerCoordinator  : [Consumer clientId=consumer-shipping-group-1, groupId=shipping-group] Finished assignment for group at generation 1: {consumer-shipping-group-1-de0f5bf8-ba69-42db-b187-d9a54dd54c1c=Assignment(partitions=[saga-events-0])}
2025-02-11T12:38:24.669+06:00  INFO 21652 --- [shipping-service] [org.springframework.kafka.KafkaListenerEndpointContainer#0-0-C-1] o.a.k.c.c.internals.ConsumerCoordinator  : [Consumer clientId=consumer-shipping-group-1, groupId=shipping-group] Successfully synced group in generation Generation{generationId=1, memberId='consumer-shipping-group-1-de0f5bf8-ba69-42db-b187-d9a54dd54c1c', protocol='range'}
2025-02-11T12:38:24.669+06:00  INFO 21652 --- [shipping-service] [org.springframework.kafka.KafkaListenerEndpointContainer#0-0-C-1] o.a.k.c.c.internals.ConsumerCoordinator  : [Consumer clientId=consumer-shipping-group-1, groupId=shipping-group] Notifying assignor about the new Assignment(partitions=[saga-events-0])
2025-02-11T12:38:24.670+06:00  INFO 21652 --- [shipping-service] [org.springframework.kafka.KafkaListenerEndpointContainer#0-0-C-1] k.c.c.i.ConsumerRebalanceListenerInvoker : [Consumer clientId=consumer-shipping-group-1, groupId=shipping-group] Adding newly assigned partitions: saga-events-0
2025-02-11T12:38:24.676+06:00  INFO 21652 --- [shipping-service] [org.springframework.kafka.KafkaListenerEndpointContainer#0-0-C-1] o.a.k.c.c.internals.ConsumerCoordinator  : [Consumer clientId=consumer-shipping-group-1, groupId=shipping-group] Found no committed offset for partition saga-events-0
2025-02-11T12:38:24.692+06:00  INFO 21652 --- [shipping-service] [org.springframework.kafka.KafkaListenerEndpointContainer#0-0-C-1] o.a.k.c.c.internals.SubscriptionState    : [Consumer clientId=consumer-shipping-group-1, groupId=shipping-group] Resetting offset for partition saga-events-0 to position FetchPosition{offset=0, offsetEpoch=Optional.empty, currentLeader=LeaderAndEpoch{leader=Optional[localhost:9092 (id: 1001 rack: null)], epoch=0}}.
2025-02-11T12:38:24.692+06:00  INFO 21652 --- [shipping-service] [org.springframework.kafka.KafkaListenerEndpointContainer#0-0-C-1] o.s.k.l.KafkaMessageListenerContainer    : shipping-group: partitions assigned: [saga-events-0]
2025-02-11T12:38:55.109+06:00  INFO 21652 --- [shipping-service] [org.springframework.kafka.KafkaListenerEndpointContainer#0-0-C-1] h.f.s.Service.KafkaConsumer              : ************** Received message from Kafka. Message: {"orderId": "12345", "event": "ProcessPayment"} **************
2025-02-11T12:44:29.082+06:00  INFO 21652 --- [shipping-service] [org.springframework.kafka.KafkaListenerEndpointContainer#0-0-C-1] k.c.c.i.ConsumerRebalanceListenerInvoker : [Consumer clientId=consumer-shipping-group-1, groupId=shipping-group] Revoke previously assigned partitions saga-events-0
2025-02-11T12:44:29.082+06:00  INFO 21652 --- [shipping-service] [org.springframework.kafka.KafkaListenerEndpointContainer#0-0-C-1] o.s.k.l.KafkaMessageListenerContainer    : shipping-group: partitions revoked: [saga-events-0]
2025-02-11T12:44:29.082+06:00  INFO 21652 --- [shipping-service] [org.springframework.kafka.KafkaListenerEndpointContainer#0-0-C-1] o.a.k.c.c.internals.ConsumerCoordinator  : [Consumer clientId=consumer-shipping-group-1, groupId=shipping-group] Member consumer-shipping-group-1-de0f5bf8-ba69-42db-b187-d9a54dd54c1c sending LeaveGroup request to coordinator localhost:9092 (id: 2147482646 rack: null) due to the consumer unsubscribed from all topics
2025-02-11T12:44:29.082+06:00  INFO 21652 --- [shipping-service] [org.springframework.kafka.KafkaListenerEndpointContainer#0-0-C-1] o.a.k.c.c.internals.ConsumerCoordinator  : [Consumer clientId=consumer-shipping-group-1, groupId=shipping-group] Resetting generation and member id due to: consumer pro-actively leaving the group
2025-02-11T12:44:29.082+06:00  INFO 21652 --- [shipping-service] [org.springframework.kafka.KafkaListenerEndpointContainer#0-0-C-1] o.a.k.c.c.internals.ConsumerCoordinator  : [Consumer clientId=consumer-shipping-group-1, groupId=shipping-group] Request joining group due to: consumer pro-actively leaving the group
2025-02-11T12:44:29.082+06:00  INFO 21652 --- [shipping-service] [org.springframework.kafka.KafkaListenerEndpointContainer#0-0-C-1] o.a.k.c.c.internals.LegacyKafkaConsumer  : [Consumer clientId=consumer-shipping-group-1, groupId=shipping-group] Unsubscribed all topics or patterns and assigned partitions
2025-02-11T12:44:29.097+06:00  INFO 21652 --- [shipping-service] [org.springframework.kafka.KafkaListenerEndpointContainer#0-0-C-1] o.a.k.c.c.internals.ConsumerCoordinator  : [Consumer clientId=consumer-shipping-group-1, groupId=shipping-group] Resetting generation and member id due to: consumer pro-actively leaving the group
2025-02-11T12:44:29.097+06:00  INFO 21652 --- [shipping-service] [org.springframework.kafka.KafkaListenerEndpointContainer#0-0-C-1] o.a.k.c.c.internals.ConsumerCoordinator  : [Consumer clientId=consumer-shipping-group-1, groupId=shipping-group] Request joining group due to: consumer pro-actively leaving the group
2025-02-11T12:44:29.586+06:00  INFO 21652 --- [shipping-service] [org.springframework.kafka.KafkaListenerEndpointContainer#0-0-C-1] o.apache.kafka.common.metrics.Metrics    : Metrics scheduler closed
2025-02-11T12:44:29.586+06:00  INFO 21652 --- [shipping-service] [org.springframework.kafka.KafkaListenerEndpointContainer#0-0-C-1] o.apache.kafka.common.metrics.Metrics    : Closing reporter org.apache.kafka.common.metrics.JmxReporter
2025-02-11T12:44:29.586+06:00  INFO 21652 --- [shipping-service] [org.springframework.kafka.KafkaListenerEndpointContainer#0-0-C-1] o.apache.kafka.common.metrics.Metrics    : Closing reporter org.apache.kafka.common.telemetry.internals.ClientTelemetryReporter
2025-02-11T12:44:29.586+06:00  INFO 21652 --- [shipping-service] [org.springframework.kafka.KafkaListenerEndpointContainer#0-0-C-1] o.apache.kafka.common.metrics.Metrics    : Metrics reporters closed
2025-02-11T12:44:29.591+06:00  INFO 21652 --- [shipping-service] [org.springframework.kafka.KafkaListenerEndpointContainer#0-0-C-1] o.a.kafka.common.utils.AppInfoParser     : App info kafka.consumer for consumer-shipping-group-1 unregistered
2025-02-11T12:44:29.594+06:00  INFO 21652 --- [shipping-service] [org.springframework.kafka.KafkaListenerEndpointContainer#0-0-C-1] o.s.k.l.KafkaMessageListenerContainer    : shipping-group: Consumer stopped
2025-02-11T12:44:29.597+06:00  INFO 21652 --- [shipping-service] [SpringApplicationShutdownHook] o.s.b.w.e.tomcat.GracefulShutdown        : Commencing graceful shutdown. Waiting for active requests to complete
2025-02-11T12:44:29.607+06:00  INFO 21652 --- [shipping-service] [tomcat-shutdown] o.s.b.w.e.tomcat.GracefulShutdown        : Graceful shutdown complete
2025-02-11T12:44:29.613+06:00  INFO 21652 --- [shipping-service] [SpringApplicationShutdownHook] o.f.j.s.i.a.AbstractAsyncExecutor        : Shutting down the async job executor [org.flowable.spring.job.service.SpringAsyncExecutor] for engine cmmn
2025-02-11T12:44:29.613+06:00  INFO 21652 --- [shipping-service] [flowable-cmmn-acquire-async-jobs] o.f.j.s.i.a.AcquireAsyncJobsDueRunnable  : stopped async job due acquisition for engine cmmn
2025-02-11T12:44:29.613+06:00  INFO 21652 --- [shipping-service] [flowable-cmmn-acquire-timer-jobs] o.f.j.s.i.a.AcquireTimerJobsRunnable     : stopped async job due acquisition for engine cmmn
2025-02-11T12:44:29.613+06:00  INFO 21652 --- [shipping-service] [flowable-cmmn-reset-expired-jobs] o.f.j.s.i.a.ResetExpiredJobsRunnable     : stopped resetting expired jobs for engine cmmn
2025-02-11T12:44:29.613+06:00  INFO 21652 --- [shipping-service] [SpringApplicationShutdownHook] o.f.j.s.i.a.AbstractAsyncExecutor        : Shutting down the async job executor [org.flowable.spring.job.service.SpringAsyncExecutor] for engine bpmn
2025-02-11T12:44:29.620+06:00  INFO 21652 --- [shipping-service] [flowable-bpmn-acquire-async-jobs] o.f.j.s.i.a.AcquireAsyncJobsDueRunnable  : stopped async job due acquisition for engine bpmn
2025-02-11T12:44:29.620+06:00  INFO 21652 --- [shipping-service] [flowable-bpmn-reset-expired-jobs] o.f.j.s.i.a.ResetExpiredJobsRunnable     : stopped resetting expired jobs for engine bpmn
2025-02-11T12:44:29.620+06:00  INFO 21652 --- [shipping-service] [flowable-bpmn-acquire-timer-jobs] o.f.j.s.i.a.AcquireTimerJobsRunnable     : stopped async job due acquisition for engine bpmn
2025-02-11T12:44:29.620+06:00  INFO 21652 --- [shipping-service] [SpringApplicationShutdownHook] com.zaxxer.hikari.HikariDataSource       : HikariPool-1 - Shutdown initiated...
2025-02-11T12:44:29.620+06:00  INFO 21652 --- [shipping-service] [SpringApplicationShutdownHook] com.zaxxer.hikari.HikariDataSource       : HikariPool-1 - Shutdown completed.
2025-02-11T16:49:36.499+06:00  INFO 10100 --- [shipping-service] [main] h.f.s.ShippingServiceApplication         : Starting ShippingServiceApplication using Java 21.0.6 with PID 10100 (D:\Projects\Code\spring-flowable-microservice-event-driven-example\shipping-service\target\classes started by anirudhya.sarker in D:\Projects\Code\spring-flowable-microservice-event-driven-example\shipping-service)
2025-02-11T16:49:36.502+06:00  INFO 10100 --- [shipping-service] [main] h.f.s.ShippingServiceApplication         : No active profile set, falling back to 1 default profile: "default"
2025-02-11T16:49:37.267+06:00  INFO 10100 --- [shipping-service] [main] o.s.b.w.embedded.tomcat.TomcatWebServer  : Tomcat initialized with port 8084 (http)
2025-02-11T16:49:37.292+06:00  INFO 10100 --- [shipping-service] [main] o.apache.catalina.core.StandardService   : Starting service [Tomcat]
2025-02-11T16:49:37.292+06:00  INFO 10100 --- [shipping-service] [main] o.apache.catalina.core.StandardEngine    : Starting Servlet engine: [Apache Tomcat/10.1.34]
2025-02-11T16:49:37.335+06:00  INFO 10100 --- [shipping-service] [main] o.a.c.c.C.[Tomcat].[localhost].[/]       : Initializing Spring embedded WebApplicationContext
2025-02-11T16:49:37.335+06:00  INFO 10100 --- [shipping-service] [main] w.s.c.ServletWebServerApplicationContext : Root WebApplicationContext: initialization completed in 792 ms
2025-02-11T16:49:37.752+06:00  INFO 10100 --- [shipping-service] [main] o.s.b.w.embedded.tomcat.TomcatWebServer  : Tomcat started on port 8084 (http) with context path '/'
2025-02-11T16:49:37.785+06:00  INFO 10100 --- [shipping-service] [main] o.a.k.clients.consumer.ConsumerConfig    : ConsumerConfig values: 
	allow.auto.create.topics = true
	auto.commit.interval.ms = 5000
	auto.include.jmx.reporter = true
	auto.offset.reset = earliest
	bootstrap.servers = [localhost:9092]
	check.crcs = true
	client.dns.lookup = use_all_dns_ips
	client.id = consumer-shipping-group-1
	client.rack = 
	connections.max.idle.ms = 540000
	default.api.timeout.ms = 60000
	enable.auto.commit = false
	enable.metrics.push = true
	exclude.internal.topics = true
	fetch.max.bytes = 52428800
	fetch.max.wait.ms = 500
	fetch.min.bytes = 1
	group.id = shipping-group
	group.instance.id = null
	group.protocol = classic
	group.remote.assignor = null
	heartbeat.interval.ms = 3000
	interceptor.classes = []
	internal.leave.group.on.close = true
	internal.throw.on.fetch.stable.offset.unsupported = false
	isolation.level = read_uncommitted
	key.deserializer = class org.apache.kafka.common.serialization.StringDeserializer
	max.partition.fetch.bytes = 1048576
	max.poll.interval.ms = 300000
	max.poll.records = 500
	metadata.max.age.ms = 300000
	metadata.recovery.strategy = none
	metric.reporters = []
	metrics.num.samples = 2
	metrics.recording.level = INFO
	metrics.sample.window.ms = 30000
	partition.assignment.strategy = [class org.apache.kafka.clients.consumer.RangeAssignor, class org.apache.kafka.clients.consumer.CooperativeStickyAssignor]
	receive.buffer.bytes = 65536
	reconnect.backoff.max.ms = 1000
	reconnect.backoff.ms = 50
	request.timeout.ms = 30000
	retry.backoff.max.ms = 1000
	retry.backoff.ms = 100
	sasl.client.callback.handler.class = null
	sasl.jaas.config = null
	sasl.kerberos.kinit.cmd = /usr/bin/kinit
	sasl.kerberos.min.time.before.relogin = 60000
	sasl.kerberos.service.name = null
	sasl.kerberos.ticket.renew.jitter = 0.05
	sasl.kerberos.ticket.renew.window.factor = 0.8
	sasl.login.callback.handler.class = null
	sasl.login.class = null
	sasl.login.connect.timeout.ms = null
	sasl.login.read.timeout.ms = null
	sasl.login.refresh.buffer.seconds = 300
	sasl.login.refresh.min.period.seconds = 60
	sasl.login.refresh.window.factor = 0.8
	sasl.login.refresh.window.jitter = 0.05
	sasl.login.retry.backoff.max.ms = 10000
	sasl.login.retry.backoff.ms = 100
	sasl.mechanism = GSSAPI
	sasl.oauthbearer.clock.skew.seconds = 30
	sasl.oauthbearer.expected.audience = null
	sasl.oauthbearer.expected.issuer = null
	sasl.oauthbearer.jwks.endpoint.refresh.ms = 3600000
	sasl.oauthbearer.jwks.endpoint.retry.backoff.max.ms = 10000
	sasl.oauthbearer.jwks.endpoint.retry.backoff.ms = 100
	sasl.oauthbearer.jwks.endpoint.url = null
	sasl.oauthbearer.scope.claim.name = scope
	sasl.oauthbearer.sub.claim.name = sub
	sasl.oauthbearer.token.endpoint.url = null
	security.protocol = PLAINTEXT
	security.providers = null
	send.buffer.bytes = 131072
	session.timeout.ms = 45000
	socket.connection.setup.timeout.max.ms = 30000
	socket.connection.setup.timeout.ms = 10000
	ssl.cipher.suites = null
	ssl.enabled.protocols = [TLSv1.2, TLSv1.3]
	ssl.endpoint.identification.algorithm = https
	ssl.engine.factory.class = null
	ssl.key.password = null
	ssl.keymanager.algorithm = SunX509
	ssl.keystore.certificate.chain = null
	ssl.keystore.key = null
	ssl.keystore.location = null
	ssl.keystore.password = null
	ssl.keystore.type = JKS
	ssl.protocol = TLSv1.3
	ssl.provider = null
	ssl.secure.random.implementation = null
	ssl.trustmanager.algorithm = PKIX
	ssl.truststore.certificates = null
	ssl.truststore.location = null
	ssl.truststore.password = null
	ssl.truststore.type = JKS
	value.deserializer = class org.apache.kafka.common.serialization.StringDeserializer

2025-02-11T16:49:37.831+06:00  INFO 10100 --- [shipping-service] [main] o.a.k.c.t.i.KafkaMetricsCollector        : initializing Kafka metrics collector
2025-02-11T16:49:37.950+06:00  INFO 10100 --- [shipping-service] [main] o.a.kafka.common.utils.AppInfoParser     : Kafka version: 3.8.1
2025-02-11T16:49:37.960+06:00  INFO 10100 --- [shipping-service] [main] o.a.kafka.common.utils.AppInfoParser     : Kafka commitId: 70d6ff42debf7e17
2025-02-11T16:49:37.967+06:00  INFO 10100 --- [shipping-service] [main] o.a.kafka.common.utils.AppInfoParser     : Kafka startTimeMs: 1739270977949
2025-02-11T16:49:37.973+06:00  INFO 10100 --- [shipping-service] [main] o.a.k.c.c.internals.LegacyKafkaConsumer  : [Consumer clientId=consumer-shipping-group-1, groupId=shipping-group] Subscribed to topic(s): saga-events
2025-02-11T16:49:37.984+06:00  INFO 10100 --- [shipping-service] [main] h.f.s.ShippingServiceApplication         : Started ShippingServiceApplication in 1.943 seconds (process running for 2.244)
2025-02-11T16:49:38.196+06:00  INFO 10100 --- [shipping-service] [org.springframework.kafka.KafkaListenerEndpointContainer#0-0-C-1] org.apache.kafka.clients.Metadata        : [Consumer clientId=consumer-shipping-group-1, groupId=shipping-group] Cluster ID: XzrhhWtpQfK-3XwjysfkIg
2025-02-11T16:49:38.198+06:00  INFO 10100 --- [shipping-service] [org.springframework.kafka.KafkaListenerEndpointContainer#0-0-C-1] o.a.k.c.c.internals.ConsumerCoordinator  : [Consumer clientId=consumer-shipping-group-1, groupId=shipping-group] Discovered group coordinator localhost:9092 (id: 2147482646 rack: null)
2025-02-11T16:49:38.199+06:00  INFO 10100 --- [shipping-service] [org.springframework.kafka.KafkaListenerEndpointContainer#0-0-C-1] o.a.k.c.c.internals.ConsumerCoordinator  : [Consumer clientId=consumer-shipping-group-1, groupId=shipping-group] (Re-)joining group
2025-02-11T16:49:38.212+06:00  INFO 10100 --- [shipping-service] [org.springframework.kafka.KafkaListenerEndpointContainer#0-0-C-1] o.a.k.c.c.internals.ConsumerCoordinator  : [Consumer clientId=consumer-shipping-group-1, groupId=shipping-group] Request joining group due to: need to re-join with the given member-id: consumer-shipping-group-1-6936fc1c-8cbd-46a2-b210-97e90569a753
2025-02-11T16:49:38.213+06:00  INFO 10100 --- [shipping-service] [org.springframework.kafka.KafkaListenerEndpointContainer#0-0-C-1] o.a.k.c.c.internals.ConsumerCoordinator  : [Consumer clientId=consumer-shipping-group-1, groupId=shipping-group] (Re-)joining group
2025-02-11T16:49:38.217+06:00  INFO 10100 --- [shipping-service] [org.springframework.kafka.KafkaListenerEndpointContainer#0-0-C-1] o.a.k.c.c.internals.ConsumerCoordinator  : [Consumer clientId=consumer-shipping-group-1, groupId=shipping-group] Successfully joined group with generation Generation{generationId=3, memberId='consumer-shipping-group-1-6936fc1c-8cbd-46a2-b210-97e90569a753', protocol='range'}
2025-02-11T16:49:38.221+06:00  INFO 10100 --- [shipping-service] [org.springframework.kafka.KafkaListenerEndpointContainer#0-0-C-1] o.a.k.c.c.internals.ConsumerCoordinator  : [Consumer clientId=consumer-shipping-group-1, groupId=shipping-group] Finished assignment for group at generation 3: {consumer-shipping-group-1-6936fc1c-8cbd-46a2-b210-97e90569a753=Assignment(partitions=[saga-events-0])}
2025-02-11T16:49:38.228+06:00  INFO 10100 --- [shipping-service] [org.springframework.kafka.KafkaListenerEndpointContainer#0-0-C-1] o.a.k.c.c.internals.ConsumerCoordinator  : [Consumer clientId=consumer-shipping-group-1, groupId=shipping-group] Successfully synced group in generation Generation{generationId=3, memberId='consumer-shipping-group-1-6936fc1c-8cbd-46a2-b210-97e90569a753', protocol='range'}
2025-02-11T16:49:38.229+06:00  INFO 10100 --- [shipping-service] [org.springframework.kafka.KafkaListenerEndpointContainer#0-0-C-1] o.a.k.c.c.internals.ConsumerCoordinator  : [Consumer clientId=consumer-shipping-group-1, groupId=shipping-group] Notifying assignor about the new Assignment(partitions=[saga-events-0])
2025-02-11T16:49:38.231+06:00  INFO 10100 --- [shipping-service] [org.springframework.kafka.KafkaListenerEndpointContainer#0-0-C-1] k.c.c.i.ConsumerRebalanceListenerInvoker : [Consumer clientId=consumer-shipping-group-1, groupId=shipping-group] Adding newly assigned partitions: saga-events-0
2025-02-11T16:49:38.237+06:00  INFO 10100 --- [shipping-service] [org.springframework.kafka.KafkaListenerEndpointContainer#0-0-C-1] o.a.k.c.c.internals.ConsumerUtils        : Setting offset for partition saga-events-0 to the committed offset FetchPosition{offset=1, offsetEpoch=Optional.empty, currentLeader=LeaderAndEpoch{leader=Optional[localhost:9092 (id: 1001 rack: null)], epoch=0}}
2025-02-11T16:49:38.239+06:00  INFO 10100 --- [shipping-service] [org.springframework.kafka.KafkaListenerEndpointContainer#0-0-C-1] o.s.k.l.KafkaMessageListenerContainer    : shipping-group: partitions assigned: [saga-events-0]
2025-02-11T16:50:43.367+06:00  INFO 10100 --- [shipping-service] [org.springframework.kafka.KafkaListenerEndpointContainer#0-0-C-1] h.f.s.Service.KafkaConsumer              : ************** Received message from Kafka. Message: {"orderId": "12345", "event": "sendCreateOrder"} **************
2025-02-11T16:50:43.374+06:00  WARN 10100 --- [shipping-service] [org.springframework.kafka.KafkaListenerEndpointContainer#0-0-C-1] h.f.s.Service.KafkaConsumer              : Unknown event received from Kafka. Event: sendCreateOrder
2025-02-11T16:58:38.579+06:00  INFO 10100 --- [shipping-service] [org.springframework.kafka.KafkaListenerEndpointContainer#0-0-C-1] org.apache.kafka.clients.NetworkClient   : [Consumer clientId=consumer-shipping-group-1, groupId=shipping-group] Node -1 disconnected.
2025-02-11T17:08:38.389+06:00  INFO 10100 --- [shipping-service] [org.springframework.kafka.KafkaListenerEndpointContainer#0-0-C-1] org.apache.kafka.clients.NetworkClient   : [Consumer clientId=consumer-shipping-group-1, groupId=shipping-group] Node -1 disconnected.
2025-02-11T17:49:05.924+06:00  INFO 10100 --- [shipping-service] [org.springframework.kafka.KafkaListenerEndpointContainer#0-0-C-1] org.apache.kafka.clients.NetworkClient   : [Consumer clientId=consumer-shipping-group-1, groupId=shipping-group] Node 2147482646 disconnected.
2025-02-11T17:49:06.008+06:00  INFO 10100 --- [shipping-service] [kafka-coordinator-heartbeat-thread | shipping-group] o.a.k.c.c.internals.ConsumerCoordinator  : [Consumer clientId=consumer-shipping-group-1, groupId=shipping-group] Group coordinator localhost:9092 (id: 2147482646 rack: null) is unavailable or invalid due to cause: session timed out without receiving a heartbeat response. isDisconnected: false. Rediscovery will be attempted.
2025-02-11T17:49:06.112+06:00  INFO 10100 --- [shipping-service] [kafka-coordinator-heartbeat-thread | shipping-group] o.a.k.c.c.internals.ConsumerCoordinator  : [Consumer clientId=consumer-shipping-group-1, groupId=shipping-group] Requesting disconnect from last known coordinator localhost:9092 (id: 2147482646 rack: null)
2025-02-11T17:49:06.969+06:00  INFO 10100 --- [shipping-service] [org.springframework.kafka.KafkaListenerEndpointContainer#0-0-C-1] o.a.k.c.c.internals.ConsumerCoordinator  : [Consumer clientId=consumer-shipping-group-1, groupId=shipping-group] Discovered group coordinator localhost:9092 (id: 2147482646 rack: null)
2025-02-11T18:00:10.301+06:00  INFO 10100 --- [shipping-service] [org.springframework.kafka.KafkaListenerEndpointContainer#0-0-C-1] org.apache.kafka.clients.NetworkClient   : [Consumer clientId=consumer-shipping-group-1, groupId=shipping-group] Node 2147482646 disconnected.
2025-02-11T18:00:10.334+06:00  INFO 10100 --- [shipping-service] [org.springframework.kafka.KafkaListenerEndpointContainer#0-0-C-1] org.apache.kafka.clients.NetworkClient   : [Consumer clientId=consumer-shipping-group-1, groupId=shipping-group] Disconnecting from node 1001 due to request timeout.
2025-02-11T18:00:10.354+06:00  INFO 10100 --- [shipping-service] [org.springframework.kafka.KafkaListenerEndpointContainer#0-0-C-1] org.apache.kafka.clients.NetworkClient   : [Consumer clientId=consumer-shipping-group-1, groupId=shipping-group] Cancelled in-flight FETCH request with correlation id 6004 due to node 1001 being disconnected (elapsed time since creation: 659719ms, elapsed time since send: 659719ms, throttle time: 0ms, request timeout: 30000ms)
2025-02-11T18:00:10.381+06:00  INFO 10100 --- [shipping-service] [kafka-coordinator-heartbeat-thread | shipping-group] o.a.k.c.c.internals.ConsumerCoordinator  : [Consumer clientId=consumer-shipping-group-1, groupId=shipping-group] Group coordinator localhost:9092 (id: 2147482646 rack: null) is unavailable or invalid due to cause: session timed out without receiving a heartbeat response. isDisconnected: false. Rediscovery will be attempted.
2025-02-11T18:00:10.402+06:00  INFO 10100 --- [shipping-service] [kafka-coordinator-heartbeat-thread | shipping-group] o.a.k.c.c.internals.ConsumerCoordinator  : [Consumer clientId=consumer-shipping-group-1, groupId=shipping-group] Requesting disconnect from last known coordinator localhost:9092 (id: 2147482646 rack: null)
2025-02-11T18:00:10.381+06:00  INFO 10100 --- [shipping-service] [org.springframework.kafka.KafkaListenerEndpointContainer#0-0-C-1] o.a.kafka.clients.FetchSessionHandler    : [Consumer clientId=consumer-shipping-group-1, groupId=shipping-group] Error sending fetch request (sessionId=854933216, epoch=5112) to node 1001:

org.apache.kafka.common.errors.DisconnectException: null

2025-02-11T18:00:10.499+06:00  INFO 10100 --- [shipping-service] [org.springframework.kafka.KafkaListenerEndpointContainer#0-0-C-1] o.a.k.c.c.internals.ConsumerCoordinator  : [Consumer clientId=consumer-shipping-group-1, groupId=shipping-group] Discovered group coordinator localhost:9092 (id: 2147482646 rack: null)
2025-02-11T18:09:59.253+06:00  INFO 10100 --- [shipping-service] [org.springframework.kafka.KafkaListenerEndpointContainer#0-0-C-1] org.apache.kafka.clients.NetworkClient   : [Consumer clientId=consumer-shipping-group-1, groupId=shipping-group] Node 2147482646 disconnected.
2025-02-11T18:09:59.264+06:00  INFO 10100 --- [shipping-service] [kafka-coordinator-heartbeat-thread | shipping-group] o.a.k.c.c.internals.ConsumerCoordinator  : [Consumer clientId=consumer-shipping-group-1, groupId=shipping-group] Group coordinator localhost:9092 (id: 2147482646 rack: null) is unavailable or invalid due to cause: coordinator unavailable. isDisconnected: true. Rediscovery will be attempted.
2025-02-11T18:09:59.297+06:00  INFO 10100 --- [shipping-service] [org.springframework.kafka.KafkaListenerEndpointContainer#0-0-C-1] o.a.k.c.c.internals.ConsumerCoordinator  : [Consumer clientId=consumer-shipping-group-1, groupId=shipping-group] Discovered group coordinator localhost:9092 (id: 2147482646 rack: null)
2025-02-11T18:11:06.553+06:00  INFO 10100 --- [shipping-service] [org.springframework.kafka.KafkaListenerEndpointContainer#0-0-C-1] k.c.c.i.ConsumerRebalanceListenerInvoker : [Consumer clientId=consumer-shipping-group-1, groupId=shipping-group] Revoke previously assigned partitions saga-events-0
2025-02-11T18:11:06.553+06:00  INFO 10100 --- [shipping-service] [org.springframework.kafka.KafkaListenerEndpointContainer#0-0-C-1] o.s.k.l.KafkaMessageListenerContainer    : shipping-group: partitions revoked: [saga-events-0]
2025-02-11T18:11:06.569+06:00  INFO 10100 --- [shipping-service] [org.springframework.kafka.KafkaListenerEndpointContainer#0-0-C-1] o.a.k.c.c.internals.ConsumerCoordinator  : [Consumer clientId=consumer-shipping-group-1, groupId=shipping-group] Member consumer-shipping-group-1-6936fc1c-8cbd-46a2-b210-97e90569a753 sending LeaveGroup request to coordinator localhost:9092 (id: 2147482646 rack: null) due to the consumer unsubscribed from all topics
2025-02-11T18:11:06.569+06:00  INFO 10100 --- [shipping-service] [org.springframework.kafka.KafkaListenerEndpointContainer#0-0-C-1] o.a.k.c.c.internals.ConsumerCoordinator  : [Consumer clientId=consumer-shipping-group-1, groupId=shipping-group] Resetting generation and member id due to: consumer pro-actively leaving the group
2025-02-11T18:11:06.569+06:00  INFO 10100 --- [shipping-service] [org.springframework.kafka.KafkaListenerEndpointContainer#0-0-C-1] o.a.k.c.c.internals.ConsumerCoordinator  : [Consumer clientId=consumer-shipping-group-1, groupId=shipping-group] Request joining group due to: consumer pro-actively leaving the group
2025-02-11T18:11:06.569+06:00  INFO 10100 --- [shipping-service] [org.springframework.kafka.KafkaListenerEndpointContainer#0-0-C-1] o.a.k.c.c.internals.LegacyKafkaConsumer  : [Consumer clientId=consumer-shipping-group-1, groupId=shipping-group] Unsubscribed all topics or patterns and assigned partitions
2025-02-11T18:11:06.569+06:00  INFO 10100 --- [shipping-service] [org.springframework.kafka.KafkaListenerEndpointContainer#0-0-C-1] o.a.k.c.c.internals.ConsumerCoordinator  : [Consumer clientId=consumer-shipping-group-1, groupId=shipping-group] Resetting generation and member id due to: consumer pro-actively leaving the group
2025-02-11T18:11:06.569+06:00  INFO 10100 --- [shipping-service] [org.springframework.kafka.KafkaListenerEndpointContainer#0-0-C-1] o.a.k.c.c.internals.ConsumerCoordinator  : [Consumer clientId=consumer-shipping-group-1, groupId=shipping-group] Request joining group due to: consumer pro-actively leaving the group
2025-02-11T18:11:06.652+06:00  INFO 10100 --- [shipping-service] [org.springframework.kafka.KafkaListenerEndpointContainer#0-0-C-1] o.apache.kafka.common.metrics.Metrics    : Metrics scheduler closed
2025-02-11T18:11:06.652+06:00  INFO 10100 --- [shipping-service] [org.springframework.kafka.KafkaListenerEndpointContainer#0-0-C-1] o.apache.kafka.common.metrics.Metrics    : Closing reporter org.apache.kafka.common.metrics.JmxReporter
2025-02-11T18:11:06.652+06:00  INFO 10100 --- [shipping-service] [org.springframework.kafka.KafkaListenerEndpointContainer#0-0-C-1] o.apache.kafka.common.metrics.Metrics    : Closing reporter org.apache.kafka.common.telemetry.internals.ClientTelemetryReporter
2025-02-11T18:11:06.652+06:00  INFO 10100 --- [shipping-service] [org.springframework.kafka.KafkaListenerEndpointContainer#0-0-C-1] o.apache.kafka.common.metrics.Metrics    : Metrics reporters closed
2025-02-11T18:11:06.667+06:00  INFO 10100 --- [shipping-service] [org.springframework.kafka.KafkaListenerEndpointContainer#0-0-C-1] o.a.kafka.common.utils.AppInfoParser     : App info kafka.consumer for consumer-shipping-group-1 unregistered
2025-02-11T18:11:06.669+06:00  INFO 10100 --- [shipping-service] [org.springframework.kafka.KafkaListenerEndpointContainer#0-0-C-1] o.s.k.l.KafkaMessageListenerContainer    : shipping-group: Consumer stopped
2025-02-11T18:11:06.672+06:00  INFO 10100 --- [shipping-service] [SpringApplicationShutdownHook] o.s.b.w.e.tomcat.GracefulShutdown        : Commencing graceful shutdown. Waiting for active requests to complete
2025-02-11T18:11:06.699+06:00  INFO 10100 --- [shipping-service] [tomcat-shutdown] o.s.b.w.e.tomcat.GracefulShutdown        : Graceful shutdown complete
