2025-02-11T16:48:54.071+06:00  INFO 1724 --- [inventory-service] [main] h.f.i.InventoryServiceApplication        : Starting InventoryServiceApplication using Java 21.0.6 with PID 1724 (D:\Projects\Code\spring-flowable-microservice-event-driven-example\inventory-service\target\classes started by anirudhya.sarker in D:\Projects\Code\spring-flowable-microservice-event-driven-example\inventory-service)
2025-02-11T16:48:54.071+06:00  INFO 1724 --- [inventory-service] [main] h.f.i.InventoryServiceApplication        : No active profile set, falling back to 1 default profile: "default"
2025-02-11T16:48:54.572+06:00  INFO 1724 --- [inventory-service] [main] o.s.b.w.embedded.tomcat.TomcatWebServer  : Tomcat initialized with port 8082 (http)
2025-02-11T16:48:54.592+06:00  INFO 1724 --- [inventory-service] [main] o.apache.catalina.core.StandardService   : Starting service [Tomcat]
2025-02-11T16:48:54.592+06:00  INFO 1724 --- [inventory-service] [main] o.apache.catalina.core.StandardEngine    : Starting Servlet engine: [Apache Tomcat/10.1.34]
2025-02-11T16:48:54.624+06:00  INFO 1724 --- [inventory-service] [main] o.a.c.c.C.[Tomcat].[localhost].[/]       : Initializing Spring embedded WebApplicationContext
2025-02-11T16:48:54.624+06:00  INFO 1724 --- [inventory-service] [main] w.s.c.ServletWebServerApplicationContext : Root WebApplicationContext: initialization completed in 525 ms
2025-02-11T16:48:54.877+06:00  INFO 1724 --- [inventory-service] [main] o.s.b.w.embedded.tomcat.TomcatWebServer  : Tomcat started on port 8082 (http) with context path '/'
2025-02-11T16:48:54.899+06:00  INFO 1724 --- [inventory-service] [main] o.a.k.clients.consumer.ConsumerConfig    : ConsumerConfig values: 
	allow.auto.create.topics = true
	auto.commit.interval.ms = 5000
	auto.include.jmx.reporter = true
	auto.offset.reset = earliest
	bootstrap.servers = [localhost:9092]
	check.crcs = true
	client.dns.lookup = use_all_dns_ips
	client.id = consumer-inventory-group-1
	client.rack = 
	connections.max.idle.ms = 540000
	default.api.timeout.ms = 60000
	enable.auto.commit = false
	enable.metrics.push = true
	exclude.internal.topics = true
	fetch.max.bytes = 52428800
	fetch.max.wait.ms = 500
	fetch.min.bytes = 1
	group.id = inventory-group
	group.instance.id = null
	group.protocol = classic
	group.remote.assignor = null
	heartbeat.interval.ms = 3000
	interceptor.classes = []
	internal.leave.group.on.close = true
	internal.throw.on.fetch.stable.offset.unsupported = false
	isolation.level = read_uncommitted
	key.deserializer = class org.apache.kafka.common.serialization.StringDeserializer
	max.partition.fetch.bytes = 1048576
	max.poll.interval.ms = 300000
	max.poll.records = 500
	metadata.max.age.ms = 300000
	metadata.recovery.strategy = none
	metric.reporters = []
	metrics.num.samples = 2
	metrics.recording.level = INFO
	metrics.sample.window.ms = 30000
	partition.assignment.strategy = [class org.apache.kafka.clients.consumer.RangeAssignor, class org.apache.kafka.clients.consumer.CooperativeStickyAssignor]
	receive.buffer.bytes = 65536
	reconnect.backoff.max.ms = 1000
	reconnect.backoff.ms = 50
	request.timeout.ms = 30000
	retry.backoff.max.ms = 1000
	retry.backoff.ms = 100
	sasl.client.callback.handler.class = null
	sasl.jaas.config = null
	sasl.kerberos.kinit.cmd = /usr/bin/kinit
	sasl.kerberos.min.time.before.relogin = 60000
	sasl.kerberos.service.name = null
	sasl.kerberos.ticket.renew.jitter = 0.05
	sasl.kerberos.ticket.renew.window.factor = 0.8
	sasl.login.callback.handler.class = null
	sasl.login.class = null
	sasl.login.connect.timeout.ms = null
	sasl.login.read.timeout.ms = null
	sasl.login.refresh.buffer.seconds = 300
	sasl.login.refresh.min.period.seconds = 60
	sasl.login.refresh.window.factor = 0.8
	sasl.login.refresh.window.jitter = 0.05
	sasl.login.retry.backoff.max.ms = 10000
	sasl.login.retry.backoff.ms = 100
	sasl.mechanism = GSSAPI
	sasl.oauthbearer.clock.skew.seconds = 30
	sasl.oauthbearer.expected.audience = null
	sasl.oauthbearer.expected.issuer = null
	sasl.oauthbearer.jwks.endpoint.refresh.ms = 3600000
	sasl.oauthbearer.jwks.endpoint.retry.backoff.max.ms = 10000
	sasl.oauthbearer.jwks.endpoint.retry.backoff.ms = 100
	sasl.oauthbearer.jwks.endpoint.url = null
	sasl.oauthbearer.scope.claim.name = scope
	sasl.oauthbearer.sub.claim.name = sub
	sasl.oauthbearer.token.endpoint.url = null
	security.protocol = PLAINTEXT
	security.providers = null
	send.buffer.bytes = 131072
	session.timeout.ms = 45000
	socket.connection.setup.timeout.max.ms = 30000
	socket.connection.setup.timeout.ms = 10000
	ssl.cipher.suites = null
	ssl.enabled.protocols = [TLSv1.2, TLSv1.3]
	ssl.endpoint.identification.algorithm = https
	ssl.engine.factory.class = null
	ssl.key.password = null
	ssl.keymanager.algorithm = SunX509
	ssl.keystore.certificate.chain = null
	ssl.keystore.key = null
	ssl.keystore.location = null
	ssl.keystore.password = null
	ssl.keystore.type = JKS
	ssl.protocol = TLSv1.3
	ssl.provider = null
	ssl.secure.random.implementation = null
	ssl.trustmanager.algorithm = PKIX
	ssl.truststore.certificates = null
	ssl.truststore.location = null
	ssl.truststore.password = null
	ssl.truststore.type = JKS
	value.deserializer = class org.apache.kafka.common.serialization.StringDeserializer

2025-02-11T16:48:54.930+06:00  INFO 1724 --- [inventory-service] [main] o.a.k.c.t.i.KafkaMetricsCollector        : initializing Kafka metrics collector
2025-02-11T16:48:55.019+06:00  INFO 1724 --- [inventory-service] [main] o.a.kafka.common.utils.AppInfoParser     : Kafka version: 3.8.1
2025-02-11T16:48:55.020+06:00  INFO 1724 --- [inventory-service] [main] o.a.kafka.common.utils.AppInfoParser     : Kafka commitId: 70d6ff42debf7e17
2025-02-11T16:48:55.021+06:00  INFO 1724 --- [inventory-service] [main] o.a.kafka.common.utils.AppInfoParser     : Kafka startTimeMs: 1739270935019
2025-02-11T16:48:55.022+06:00  INFO 1724 --- [inventory-service] [main] o.a.k.c.c.internals.LegacyKafkaConsumer  : [Consumer clientId=consumer-inventory-group-1, groupId=inventory-group] Subscribed to topic(s): saga-events
2025-02-11T16:48:55.031+06:00  INFO 1724 --- [inventory-service] [main] h.f.i.InventoryServiceApplication        : Started InventoryServiceApplication in 1.402 seconds (process running for 1.587)
2025-02-11T16:48:55.192+06:00  INFO 1724 --- [inventory-service] [org.springframework.kafka.KafkaListenerEndpointContainer#0-0-C-1] org.apache.kafka.clients.Metadata        : [Consumer clientId=consumer-inventory-group-1, groupId=inventory-group] Cluster ID: XzrhhWtpQfK-3XwjysfkIg
2025-02-11T16:48:55.193+06:00  INFO 1724 --- [inventory-service] [org.springframework.kafka.KafkaListenerEndpointContainer#0-0-C-1] o.a.k.c.c.internals.ConsumerCoordinator  : [Consumer clientId=consumer-inventory-group-1, groupId=inventory-group] Discovered group coordinator localhost:9092 (id: 2147482646 rack: null)
2025-02-11T16:48:55.195+06:00  INFO 1724 --- [inventory-service] [org.springframework.kafka.KafkaListenerEndpointContainer#0-0-C-1] o.a.k.c.c.internals.ConsumerCoordinator  : [Consumer clientId=consumer-inventory-group-1, groupId=inventory-group] (Re-)joining group
2025-02-11T16:48:55.204+06:00  INFO 1724 --- [inventory-service] [org.springframework.kafka.KafkaListenerEndpointContainer#0-0-C-1] o.a.k.c.c.internals.ConsumerCoordinator  : [Consumer clientId=consumer-inventory-group-1, groupId=inventory-group] Request joining group due to: need to re-join with the given member-id: consumer-inventory-group-1-7f590835-ddb3-47de-a815-37cba8b5adf1
2025-02-11T16:48:55.204+06:00  INFO 1724 --- [inventory-service] [org.springframework.kafka.KafkaListenerEndpointContainer#0-0-C-1] o.a.k.c.c.internals.ConsumerCoordinator  : [Consumer clientId=consumer-inventory-group-1, groupId=inventory-group] (Re-)joining group
2025-02-11T16:48:55.207+06:00  INFO 1724 --- [inventory-service] [org.springframework.kafka.KafkaListenerEndpointContainer#0-0-C-1] o.a.k.c.c.internals.ConsumerCoordinator  : [Consumer clientId=consumer-inventory-group-1, groupId=inventory-group] Successfully joined group with generation Generation{generationId=3, memberId='consumer-inventory-group-1-7f590835-ddb3-47de-a815-37cba8b5adf1', protocol='range'}
2025-02-11T16:48:55.212+06:00  INFO 1724 --- [inventory-service] [org.springframework.kafka.KafkaListenerEndpointContainer#0-0-C-1] o.a.k.c.c.internals.ConsumerCoordinator  : [Consumer clientId=consumer-inventory-group-1, groupId=inventory-group] Finished assignment for group at generation 3: {consumer-inventory-group-1-7f590835-ddb3-47de-a815-37cba8b5adf1=Assignment(partitions=[saga-events-0])}
2025-02-11T16:48:55.217+06:00  INFO 1724 --- [inventory-service] [org.springframework.kafka.KafkaListenerEndpointContainer#0-0-C-1] o.a.k.c.c.internals.ConsumerCoordinator  : [Consumer clientId=consumer-inventory-group-1, groupId=inventory-group] Successfully synced group in generation Generation{generationId=3, memberId='consumer-inventory-group-1-7f590835-ddb3-47de-a815-37cba8b5adf1', protocol='range'}
2025-02-11T16:48:55.217+06:00  INFO 1724 --- [inventory-service] [org.springframework.kafka.KafkaListenerEndpointContainer#0-0-C-1] o.a.k.c.c.internals.ConsumerCoordinator  : [Consumer clientId=consumer-inventory-group-1, groupId=inventory-group] Notifying assignor about the new Assignment(partitions=[saga-events-0])
2025-02-11T16:48:55.219+06:00  INFO 1724 --- [inventory-service] [org.springframework.kafka.KafkaListenerEndpointContainer#0-0-C-1] k.c.c.i.ConsumerRebalanceListenerInvoker : [Consumer clientId=consumer-inventory-group-1, groupId=inventory-group] Adding newly assigned partitions: saga-events-0
2025-02-11T16:48:55.224+06:00  INFO 1724 --- [inventory-service] [org.springframework.kafka.KafkaListenerEndpointContainer#0-0-C-1] o.a.k.c.c.internals.ConsumerUtils        : Setting offset for partition saga-events-0 to the committed offset FetchPosition{offset=1, offsetEpoch=Optional.empty, currentLeader=LeaderAndEpoch{leader=Optional[localhost:9092 (id: 1001 rack: null)], epoch=0}}
2025-02-11T16:48:55.225+06:00  INFO 1724 --- [inventory-service] [org.springframework.kafka.KafkaListenerEndpointContainer#0-0-C-1] o.s.k.l.KafkaMessageListenerContainer    : inventory-group: partitions assigned: [saga-events-0]
2025-02-11T16:50:43.352+06:00  INFO 1724 --- [inventory-service] [org.springframework.kafka.KafkaListenerEndpointContainer#0-0-C-1] h.f.i.Service.KafkaConsumer              : ************** Received message from Kafka. Message: {"orderId": "12345", "event": "sendCreateOrder"} **************
2025-02-11T16:50:43.367+06:00  WARN 1724 --- [inventory-service] [org.springframework.kafka.KafkaListenerEndpointContainer#0-0-C-1] h.f.i.Service.KafkaConsumer              : Unknown event received from Kafka. Event: sendCreateOrder
2025-02-11T16:57:55.562+06:00  INFO 1724 --- [inventory-service] [org.springframework.kafka.KafkaListenerEndpointContainer#0-0-C-1] org.apache.kafka.clients.NetworkClient   : [Consumer clientId=consumer-inventory-group-1, groupId=inventory-group] Node -1 disconnected.
2025-02-11T17:07:55.357+06:00  INFO 1724 --- [inventory-service] [org.springframework.kafka.KafkaListenerEndpointContainer#0-0-C-1] org.apache.kafka.clients.NetworkClient   : [Consumer clientId=consumer-inventory-group-1, groupId=inventory-group] Node -1 disconnected.
2025-02-11T17:49:05.924+06:00  INFO 1724 --- [inventory-service] [org.springframework.kafka.KafkaListenerEndpointContainer#0-0-C-1] org.apache.kafka.clients.NetworkClient   : [Consumer clientId=consumer-inventory-group-1, groupId=inventory-group] Node 2147482646 disconnected.
2025-02-11T17:49:05.960+06:00  INFO 1724 --- [inventory-service] [kafka-coordinator-heartbeat-thread | inventory-group] o.a.k.c.c.internals.ConsumerCoordinator  : [Consumer clientId=consumer-inventory-group-1, groupId=inventory-group] Group coordinator localhost:9092 (id: 2147482646 rack: null) is unavailable or invalid due to cause: coordinator unavailable. isDisconnected: true. Rediscovery will be attempted.
2025-02-11T17:49:06.116+06:00  INFO 1724 --- [inventory-service] [org.springframework.kafka.KafkaListenerEndpointContainer#0-0-C-1] o.a.k.c.c.internals.ConsumerCoordinator  : [Consumer clientId=consumer-inventory-group-1, groupId=inventory-group] Discovered group coordinator localhost:9092 (id: 2147482646 rack: null)
2025-02-11T18:00:10.582+06:00  INFO 1724 --- [inventory-service] [org.springframework.kafka.KafkaListenerEndpointContainer#0-0-C-1] org.apache.kafka.clients.NetworkClient   : [Consumer clientId=consumer-inventory-group-1, groupId=inventory-group] Node 2147482646 disconnected.
2025-02-11T18:00:10.585+06:00  INFO 1724 --- [inventory-service] [kafka-coordinator-heartbeat-thread | inventory-group] o.a.k.c.c.internals.ConsumerCoordinator  : [Consumer clientId=consumer-inventory-group-1, groupId=inventory-group] Group coordinator localhost:9092 (id: 2147482646 rack: null) is unavailable or invalid due to cause: coordinator unavailable. isDisconnected: true. Rediscovery will be attempted.
2025-02-11T18:00:10.590+06:00  INFO 1724 --- [inventory-service] [org.springframework.kafka.KafkaListenerEndpointContainer#0-0-C-1] o.a.k.c.c.internals.ConsumerCoordinator  : [Consumer clientId=consumer-inventory-group-1, groupId=inventory-group] Discovered group coordinator localhost:9092 (id: 2147482646 rack: null)
2025-02-11T18:00:10.591+06:00  INFO 1724 --- [inventory-service] [org.springframework.kafka.KafkaListenerEndpointContainer#0-0-C-1] o.a.k.c.c.internals.ConsumerCoordinator  : [Consumer clientId=consumer-inventory-group-1, groupId=inventory-group] Group coordinator localhost:9092 (id: 2147482646 rack: null) is unavailable or invalid due to cause: coordinator unavailable. isDisconnected: false. Rediscovery will be attempted.
2025-02-11T18:00:10.592+06:00  INFO 1724 --- [inventory-service] [org.springframework.kafka.KafkaListenerEndpointContainer#0-0-C-1] o.a.k.c.c.internals.ConsumerCoordinator  : [Consumer clientId=consumer-inventory-group-1, groupId=inventory-group] Requesting disconnect from last known coordinator localhost:9092 (id: 2147482646 rack: null)
2025-02-11T18:00:10.731+06:00  INFO 1724 --- [inventory-service] [org.springframework.kafka.KafkaListenerEndpointContainer#0-0-C-1] o.a.k.c.c.internals.ConsumerCoordinator  : [Consumer clientId=consumer-inventory-group-1, groupId=inventory-group] Discovered group coordinator localhost:9092 (id: 2147482646 rack: null)
2025-02-11T18:09:59.392+06:00  INFO 1724 --- [inventory-service] [org.springframework.kafka.KafkaListenerEndpointContainer#0-0-C-1] org.apache.kafka.clients.NetworkClient   : [Consumer clientId=consumer-inventory-group-1, groupId=inventory-group] Node 2147482646 disconnected.
2025-02-11T18:09:59.395+06:00  INFO 1724 --- [inventory-service] [kafka-coordinator-heartbeat-thread | inventory-group] o.a.k.c.c.internals.ConsumerCoordinator  : [Consumer clientId=consumer-inventory-group-1, groupId=inventory-group] Group coordinator localhost:9092 (id: 2147482646 rack: null) is unavailable or invalid due to cause: coordinator unavailable. isDisconnected: true. Rediscovery will be attempted.
2025-02-11T18:09:59.401+06:00  INFO 1724 --- [inventory-service] [org.springframework.kafka.KafkaListenerEndpointContainer#0-0-C-1] o.a.k.c.c.internals.ConsumerCoordinator  : [Consumer clientId=consumer-inventory-group-1, groupId=inventory-group] Discovered group coordinator localhost:9092 (id: 2147482646 rack: null)
2025-02-11T18:09:59.405+06:00  INFO 1724 --- [inventory-service] [org.springframework.kafka.KafkaListenerEndpointContainer#0-0-C-1] o.a.k.c.c.internals.ConsumerCoordinator  : [Consumer clientId=consumer-inventory-group-1, groupId=inventory-group] Group coordinator localhost:9092 (id: 2147482646 rack: null) is unavailable or invalid due to cause: coordinator unavailable. isDisconnected: false. Rediscovery will be attempted.
2025-02-11T18:09:59.407+06:00  INFO 1724 --- [inventory-service] [org.springframework.kafka.KafkaListenerEndpointContainer#0-0-C-1] o.a.k.c.c.internals.ConsumerCoordinator  : [Consumer clientId=consumer-inventory-group-1, groupId=inventory-group] Requesting disconnect from last known coordinator localhost:9092 (id: 2147482646 rack: null)
2025-02-11T18:09:59.523+06:00  INFO 1724 --- [inventory-service] [org.springframework.kafka.KafkaListenerEndpointContainer#0-0-C-1] o.a.k.c.c.internals.ConsumerCoordinator  : [Consumer clientId=consumer-inventory-group-1, groupId=inventory-group] Discovered group coordinator localhost:9092 (id: 2147482646 rack: null)
2025-02-11T18:10:47.438+06:00  INFO 1724 --- [inventory-service] [org.springframework.kafka.KafkaListenerEndpointContainer#0-0-C-1] k.c.c.i.ConsumerRebalanceListenerInvoker : [Consumer clientId=consumer-inventory-group-1, groupId=inventory-group] Revoke previously assigned partitions saga-events-0
2025-02-11T18:10:47.440+06:00  INFO 1724 --- [inventory-service] [org.springframework.kafka.KafkaListenerEndpointContainer#0-0-C-1] o.s.k.l.KafkaMessageListenerContainer    : inventory-group: partitions revoked: [saga-events-0]
2025-02-11T18:10:47.441+06:00  INFO 1724 --- [inventory-service] [org.springframework.kafka.KafkaListenerEndpointContainer#0-0-C-1] o.a.k.c.c.internals.ConsumerCoordinator  : [Consumer clientId=consumer-inventory-group-1, groupId=inventory-group] Member consumer-inventory-group-1-7f590835-ddb3-47de-a815-37cba8b5adf1 sending LeaveGroup request to coordinator localhost:9092 (id: 2147482646 rack: null) due to the consumer unsubscribed from all topics
2025-02-11T18:10:47.441+06:00  INFO 1724 --- [inventory-service] [org.springframework.kafka.KafkaListenerEndpointContainer#0-0-C-1] o.a.k.c.c.internals.ConsumerCoordinator  : [Consumer clientId=consumer-inventory-group-1, groupId=inventory-group] Resetting generation and member id due to: consumer pro-actively leaving the group
2025-02-11T18:10:47.443+06:00  INFO 1724 --- [inventory-service] [org.springframework.kafka.KafkaListenerEndpointContainer#0-0-C-1] o.a.k.c.c.internals.ConsumerCoordinator  : [Consumer clientId=consumer-inventory-group-1, groupId=inventory-group] Request joining group due to: consumer pro-actively leaving the group
2025-02-11T18:10:47.443+06:00  INFO 1724 --- [inventory-service] [org.springframework.kafka.KafkaListenerEndpointContainer#0-0-C-1] o.a.k.c.c.internals.LegacyKafkaConsumer  : [Consumer clientId=consumer-inventory-group-1, groupId=inventory-group] Unsubscribed all topics or patterns and assigned partitions
2025-02-11T18:10:47.446+06:00  INFO 1724 --- [inventory-service] [org.springframework.kafka.KafkaListenerEndpointContainer#0-0-C-1] o.a.k.c.c.internals.ConsumerCoordinator  : [Consumer clientId=consumer-inventory-group-1, groupId=inventory-group] Resetting generation and member id due to: consumer pro-actively leaving the group
2025-02-11T18:10:47.446+06:00  INFO 1724 --- [inventory-service] [org.springframework.kafka.KafkaListenerEndpointContainer#0-0-C-1] o.a.k.c.c.internals.ConsumerCoordinator  : [Consumer clientId=consumer-inventory-group-1, groupId=inventory-group] Request joining group due to: consumer pro-actively leaving the group
2025-02-11T18:10:47.510+06:00  INFO 1724 --- [inventory-service] [org.springframework.kafka.KafkaListenerEndpointContainer#0-0-C-1] o.apache.kafka.common.metrics.Metrics    : Metrics scheduler closed
2025-02-11T18:10:47.512+06:00  INFO 1724 --- [inventory-service] [org.springframework.kafka.KafkaListenerEndpointContainer#0-0-C-1] o.apache.kafka.common.metrics.Metrics    : Closing reporter org.apache.kafka.common.metrics.JmxReporter
2025-02-11T18:10:47.512+06:00  INFO 1724 --- [inventory-service] [org.springframework.kafka.KafkaListenerEndpointContainer#0-0-C-1] o.apache.kafka.common.metrics.Metrics    : Closing reporter org.apache.kafka.common.telemetry.internals.ClientTelemetryReporter
2025-02-11T18:10:47.512+06:00  INFO 1724 --- [inventory-service] [org.springframework.kafka.KafkaListenerEndpointContainer#0-0-C-1] o.apache.kafka.common.metrics.Metrics    : Metrics reporters closed
2025-02-11T18:10:47.534+06:00  INFO 1724 --- [inventory-service] [org.springframework.kafka.KafkaListenerEndpointContainer#0-0-C-1] o.a.kafka.common.utils.AppInfoParser     : App info kafka.consumer for consumer-inventory-group-1 unregistered
2025-02-11T18:10:47.534+06:00  INFO 1724 --- [inventory-service] [org.springframework.kafka.KafkaListenerEndpointContainer#0-0-C-1] o.s.k.l.KafkaMessageListenerContainer    : inventory-group: Consumer stopped
2025-02-11T18:10:47.534+06:00  INFO 1724 --- [inventory-service] [SpringApplicationShutdownHook] o.s.b.w.e.tomcat.GracefulShutdown        : Commencing graceful shutdown. Waiting for active requests to complete
2025-02-11T18:10:47.566+06:00  INFO 1724 --- [inventory-service] [tomcat-shutdown] o.s.b.w.e.tomcat.GracefulShutdown        : Graceful shutdown complete
