2025-02-11T12:37:50.754+06:00  INFO 10904 --- [inventory-service] [main] h.f.i.InventoryServiceApplication        : Starting InventoryServiceApplication using Java 21.0.6 with PID 10904 (D:\Projects\Code\spring-flowable-microservice-event-driven-example\inventory-service\target\classes started by anirudhya.sarker in D:\Projects\Code\spring-flowable-microservice-event-driven-example\inventory-service)
2025-02-11T12:37:50.754+06:00  INFO 10904 --- [inventory-service] [main] h.f.i.InventoryServiceApplication        : No active profile set, falling back to 1 default profile: "default"
2025-02-11T12:37:51.455+06:00  INFO 10904 --- [inventory-service] [main] o.s.b.w.embedded.tomcat.TomcatWebServer  : Tomcat initialized with port 8081 (http)
2025-02-11T12:37:51.464+06:00  INFO 10904 --- [inventory-service] [main] o.apache.catalina.core.StandardService   : Starting service [Tomcat]
2025-02-11T12:37:51.465+06:00  INFO 10904 --- [inventory-service] [main] o.apache.catalina.core.StandardEngine    : Starting Servlet engine: [Apache Tomcat/10.1.34]
2025-02-11T12:37:51.506+06:00  INFO 10904 --- [inventory-service] [main] o.a.c.c.C.[Tomcat].[localhost].[/]       : Initializing Spring embedded WebApplicationContext
2025-02-11T12:37:51.506+06:00  INFO 10904 --- [inventory-service] [main] w.s.c.ServletWebServerApplicationContext : Root WebApplicationContext: initialization completed in 720 ms
2025-02-11T12:37:51.753+06:00  INFO 10904 --- [inventory-service] [main] o.f.s.b.app.AppEngineAutoConfiguration   : No deployment resources were found for autodeployment
2025-02-11T12:37:51.818+06:00  INFO 10904 --- [inventory-service] [main] o.f.s.b.ProcessEngineAutoConfiguration   : No deployment resources were found for autodeployment
2025-02-11T12:37:51.877+06:00  INFO 10904 --- [inventory-service] [main] o.f.s.b.c.CmmnEngineAutoConfiguration    : No deployment resources were found for autodeployment
2025-02-11T12:37:51.921+06:00  INFO 10904 --- [inventory-service] [main] o.f.s.b.dmn.DmnEngineAutoConfiguration   : No deployment resources were found for autodeployment
2025-02-11T12:37:51.961+06:00  INFO 10904 --- [inventory-service] [main] o.f.s.b.e.EventRegistryAutoConfiguration : No deployment resources were found for autodeployment
2025-02-11T12:37:51.977+06:00  INFO 10904 --- [inventory-service] [main] o.f.a.s.SpringAppEngineConfiguration     : Found 5 Engine Configurators in total:
2025-02-11T12:37:51.977+06:00  INFO 10904 --- [inventory-service] [main] o.f.a.s.SpringAppEngineConfiguration     : class org.flowable.engine.spring.configurator.SpringProcessEngineConfigurator (priority:50000)
2025-02-11T12:37:51.977+06:00  INFO 10904 --- [inventory-service] [main] o.f.a.s.SpringAppEngineConfiguration     : class org.flowable.eventregistry.spring.configurator.SpringEventRegistryConfigurator (priority:100000)
2025-02-11T12:37:51.977+06:00  INFO 10904 --- [inventory-service] [main] o.f.a.s.SpringAppEngineConfiguration     : class org.flowable.idm.spring.configurator.SpringIdmEngineConfigurator (priority:150000)
2025-02-11T12:37:51.977+06:00  INFO 10904 --- [inventory-service] [main] o.f.a.s.SpringAppEngineConfiguration     : class org.flowable.dmn.spring.configurator.SpringDmnEngineConfigurator (priority:200000)
2025-02-11T12:37:51.977+06:00  INFO 10904 --- [inventory-service] [main] o.f.a.s.SpringAppEngineConfiguration     : class org.flowable.cmmn.spring.configurator.SpringCmmnEngineConfigurator (priority:500000)
2025-02-11T12:37:51.977+06:00  INFO 10904 --- [inventory-service] [main] o.f.a.s.SpringAppEngineConfiguration     : Executing beforeInit() of class org.flowable.engine.spring.configurator.SpringProcessEngineConfigurator (priority:50000)
2025-02-11T12:37:51.996+06:00  INFO 10904 --- [inventory-service] [main] o.f.a.s.SpringAppEngineConfiguration     : Executing beforeInit() of class org.flowable.eventregistry.spring.configurator.SpringEventRegistryConfigurator (priority:100000)
2025-02-11T12:37:51.996+06:00  INFO 10904 --- [inventory-service] [main] o.f.a.s.SpringAppEngineConfiguration     : Executing beforeInit() of class org.flowable.idm.spring.configurator.SpringIdmEngineConfigurator (priority:150000)
2025-02-11T12:37:52.011+06:00  INFO 10904 --- [inventory-service] [main] o.f.a.s.SpringAppEngineConfiguration     : Executing beforeInit() of class org.flowable.dmn.spring.configurator.SpringDmnEngineConfigurator (priority:200000)
2025-02-11T12:37:52.014+06:00  INFO 10904 --- [inventory-service] [main] o.f.a.s.SpringAppEngineConfiguration     : Executing beforeInit() of class org.flowable.cmmn.spring.configurator.SpringCmmnEngineConfigurator (priority:500000)
2025-02-11T12:37:52.026+06:00  INFO 10904 --- [inventory-service] [main] com.zaxxer.hikari.HikariDataSource       : HikariPool-1 - Starting...
2025-02-11T12:37:52.138+06:00  INFO 10904 --- [inventory-service] [main] com.zaxxer.hikari.pool.HikariPool        : HikariPool-1 - Added connection conn0: url=jdbc:h2:mem:15a5b822-781a-4812-8bf4-e3245473db56 user=SA
2025-02-11T12:37:52.140+06:00  INFO 10904 --- [inventory-service] [main] com.zaxxer.hikari.HikariDataSource       : HikariPool-1 - Start completed.
2025-02-11T12:37:52.700+06:00  INFO 10904 --- [inventory-service] [main] o.f.a.s.SpringAppEngineConfiguration     : Executing configure() of class org.flowable.engine.spring.configurator.SpringProcessEngineConfigurator (priority:50000)
2025-02-11T12:37:52.791+06:00  INFO 10904 --- [inventory-service] [main] o.f.c.e.impl.db.CommonDbSchemaManager    : performing create on common with resource org/flowable/common/db/create/flowable.h2.create.common.sql
2025-02-11T12:37:52.799+06:00  INFO 10904 --- [inventory-service] [main] o.f.i.s.i.d.IdentityLinkDbSchemaManager  : performing create on identitylink with resource org/flowable/identitylink/service/db/create/flowable.h2.create.identitylink.sql
2025-02-11T12:37:52.802+06:00  INFO 10904 --- [inventory-service] [main] o.f.i.s.i.d.IdentityLinkDbSchemaManager  : performing create on identitylink.history with resource org/flowable/identitylink/service/db/create/flowable.h2.create.identitylink.history.sql
2025-02-11T12:37:52.806+06:00  INFO 10904 --- [inventory-service] [main] o.f.e.s.i.db.EntityLinkDbSchemaManager   : performing create on entitylink with resource org/flowable/entitylink/service/db/create/flowable.h2.create.entitylink.sql
2025-02-11T12:37:52.810+06:00  INFO 10904 --- [inventory-service] [main] o.f.e.s.i.db.EntityLinkDbSchemaManager   : performing create on entitylink.history with resource org/flowable/entitylink/service/db/create/flowable.h2.create.entitylink.history.sql
2025-02-11T12:37:52.813+06:00  INFO 10904 --- [inventory-service] [main] e.s.i.d.EventSubscriptionDbSchemaManager : performing create on eventsubscription with resource org/flowable/eventsubscription/service/db/create/flowable.h2.create.eventsubscription.sql
2025-02-11T12:37:52.815+06:00  INFO 10904 --- [inventory-service] [main] o.f.t.s.impl.db.TaskDbSchemaManager      : performing create on task with resource org/flowable/task/service/db/create/flowable.h2.create.task.sql
2025-02-11T12:37:52.818+06:00  INFO 10904 --- [inventory-service] [main] o.f.t.s.impl.db.TaskDbSchemaManager      : performing create on task.history with resource org/flowable/task/service/db/create/flowable.h2.create.task.history.sql
2025-02-11T12:37:52.824+06:00  INFO 10904 --- [inventory-service] [main] o.f.v.s.impl.db.VariableDbSchemaManager  : performing create on variable with resource org/flowable/variable/service/db/create/flowable.h2.create.variable.sql
2025-02-11T12:37:52.837+06:00  INFO 10904 --- [inventory-service] [main] o.f.v.s.impl.db.VariableDbSchemaManager  : performing create on variable.history with resource org/flowable/variable/service/db/create/flowable.h2.create.variable.history.sql
2025-02-11T12:37:52.840+06:00  INFO 10904 --- [inventory-service] [main] o.f.j.s.impl.db.JobDbSchemaManager       : performing create on job with resource org/flowable/job/service/db/create/flowable.h2.create.job.sql
2025-02-11T12:37:52.871+06:00  INFO 10904 --- [inventory-service] [main] o.f.b.s.impl.db.BatchDbSchemaManager     : performing create on batch with resource org/flowable/batch/service/db/create/flowable.h2.create.batch.sql
2025-02-11T12:37:52.873+06:00  INFO 10904 --- [inventory-service] [main] o.f.e.impl.db.ProcessDbSchemaManager     : performing create on engine with resource org/flowable/db/create/flowable.h2.create.engine.sql
2025-02-11T12:37:52.894+06:00  INFO 10904 --- [inventory-service] [main] o.f.e.impl.db.ProcessDbSchemaManager     : performing create on history with resource org/flowable/db/create/flowable.h2.create.history.sql
2025-02-11T12:37:52.900+06:00  INFO 10904 --- [inventory-service] [main] o.f.engine.impl.ProcessEngineImpl        : ProcessEngine default created
2025-02-11T12:37:52.927+06:00  INFO 10904 --- [inventory-service] [main] o.f.e.impl.cmd.ValidateV5EntitiesCmd     : Total of v5 deployments found: 0
2025-02-11T12:37:52.930+06:00  INFO 10904 --- [inventory-service] [main] o.f.a.s.SpringAppEngineConfiguration     : Executing configure() of class org.flowable.eventregistry.spring.configurator.SpringEventRegistryConfigurator (priority:100000)
2025-02-11T12:37:52.981+06:00  INFO 10904 --- [inventory-service] [main] liquibase.database                       : Set default schema name to PUBLIC
2025-02-11T12:37:53.189+06:00  INFO 10904 --- [inventory-service] [main] liquibase.changelog                      : Creating database history table with name: PUBLIC.FLW_EV_DATABASECHANGELOG
2025-02-11T12:37:53.239+06:00  INFO 10904 --- [inventory-service] [main] liquibase.changelog                      : Reading from PUBLIC.FLW_EV_DATABASECHANGELOG
2025-02-11T12:37:53.296+06:00  INFO 10904 --- [inventory-service] [main] liquibase.lockservice                    : Successfully acquired change log lock
2025-02-11T12:37:53.297+06:00  INFO 10904 --- [inventory-service] [main] liquibase.command                        : Using deploymentId: 9255873297
2025-02-11T12:37:53.299+06:00  INFO 10904 --- [inventory-service] [main] liquibase.changelog                      : Reading from PUBLIC.FLW_EV_DATABASECHANGELOG
2025-02-11T12:37:53.331+06:00  INFO 10904 --- [inventory-service] [main] liquibase.changelog                      : Table FLW_EVENT_DEPLOYMENT created
2025-02-11T12:37:53.333+06:00  INFO 10904 --- [inventory-service] [main] liquibase.changelog                      : Table FLW_EVENT_RESOURCE created
2025-02-11T12:37:53.334+06:00  INFO 10904 --- [inventory-service] [main] liquibase.changelog                      : Table FLW_EVENT_DEFINITION created
2025-02-11T12:37:53.336+06:00  INFO 10904 --- [inventory-service] [main] liquibase.changelog                      : Index ACT_IDX_EVENT_DEF_UNIQ created
2025-02-11T12:37:53.337+06:00  INFO 10904 --- [inventory-service] [main] liquibase.changelog                      : Table FLW_CHANNEL_DEFINITION created
2025-02-11T12:37:53.339+06:00  INFO 10904 --- [inventory-service] [main] liquibase.changelog                      : Index ACT_IDX_CHANNEL_DEF_UNIQ created
2025-02-11T12:37:53.339+06:00  INFO 10904 --- [inventory-service] [main] liquibase.changelog                      : ChangeSet org/flowable/eventregistry/db/liquibase/flowable-eventregistry-db-changelog.xml::1::flowable ran successfully in 13ms
2025-02-11T12:37:53.350+06:00  INFO 10904 --- [inventory-service] [main] liquibase.changelog                      : Columns TYPE_(varchar(255)) added to FLW_CHANNEL_DEFINITION
2025-02-11T12:37:53.352+06:00  INFO 10904 --- [inventory-service] [main] liquibase.changelog                      : Columns IMPLEMENTATION_(varchar(255)) added to FLW_CHANNEL_DEFINITION
2025-02-11T12:37:53.352+06:00  INFO 10904 --- [inventory-service] [main] liquibase.changelog                      : ChangeSet org/flowable/eventregistry/db/liquibase/flowable-eventregistry-db-changelog.xml::2::flowable ran successfully in 11ms
2025-02-11T12:37:53.358+06:00  INFO 10904 --- [inventory-service] [main] liquibase.changelog                      : Set Channel Definition type and implementation columns
2025-02-11T12:37:53.358+06:00  INFO 10904 --- [inventory-service] [main] liquibase.changelog                      : ChangeSet org/flowable/eventregistry/db/liquibase/flowable-eventregistry-db-changelog.xml::3::flowable ran successfully in 5ms
2025-02-11T12:37:53.364+06:00  INFO 10904 --- [inventory-service] [main] liquibase.util                           : UPDATE SUMMARY
2025-02-11T12:37:53.364+06:00  INFO 10904 --- [inventory-service] [main] liquibase.util                           : Run:                          3
2025-02-11T12:37:53.365+06:00  INFO 10904 --- [inventory-service] [main] liquibase.util                           : Previously run:               0
2025-02-11T12:37:53.365+06:00  INFO 10904 --- [inventory-service] [main] liquibase.util                           : Filtered out:                 0
2025-02-11T12:37:53.365+06:00  INFO 10904 --- [inventory-service] [main] liquibase.util                           : -------------------------------
2025-02-11T12:37:53.365+06:00  INFO 10904 --- [inventory-service] [main] liquibase.util                           : Total change sets:            3
2025-02-11T12:37:53.366+06:00  INFO 10904 --- [inventory-service] [main] liquibase.util                           : Update summary generated
2025-02-11T12:37:53.367+06:00  INFO 10904 --- [inventory-service] [main] liquibase.command                        : Update command completed successfully.
2025-02-11T12:37:53.368+06:00  INFO 10904 --- [inventory-service] [main] liquibase.lockservice                    : Successfully released change log lock
2025-02-11T12:37:53.369+06:00  INFO 10904 --- [inventory-service] [main] liquibase.command                        : Command execution complete
2025-02-11T12:37:53.370+06:00  INFO 10904 --- [inventory-service] [main] o.f.e.impl.EventRegistryEngineImpl       : EventRegistryEngine default created
2025-02-11T12:37:53.370+06:00  INFO 10904 --- [inventory-service] [main] o.f.a.s.SpringAppEngineConfiguration     : Executing configure() of class org.flowable.idm.spring.configurator.SpringIdmEngineConfigurator (priority:150000)
2025-02-11T12:37:53.374+06:00  INFO 10904 --- [inventory-service] [main] o.f.i.engine.impl.db.IdmDbSchemaManager  : performing create on identity with resource org/flowable/idm/db/create/flowable.h2.create.identity.sql
2025-02-11T12:37:53.377+06:00  INFO 10904 --- [inventory-service] [main] o.f.idm.engine.impl.IdmEngineImpl        : IdmEngine default created
2025-02-11T12:37:53.377+06:00  INFO 10904 --- [inventory-service] [main] o.f.a.s.SpringAppEngineConfiguration     : Executing configure() of class org.flowable.dmn.spring.configurator.SpringDmnEngineConfigurator (priority:200000)
2025-02-11T12:37:53.387+06:00  INFO 10904 --- [inventory-service] [main] liquibase.database                       : Set default schema name to PUBLIC
2025-02-11T12:37:53.393+06:00  INFO 10904 --- [inventory-service] [main] liquibase.changelog                      : Creating database history table with name: PUBLIC.ACT_DMN_DATABASECHANGELOG
2025-02-11T12:37:53.393+06:00  INFO 10904 --- [inventory-service] [main] liquibase.changelog                      : Reading from PUBLIC.ACT_DMN_DATABASECHANGELOG
2025-02-11T12:37:53.422+06:00  INFO 10904 --- [inventory-service] [main] liquibase.lockservice                    : Successfully acquired change log lock
2025-02-11T12:37:53.422+06:00  INFO 10904 --- [inventory-service] [main] liquibase.command                        : Using deploymentId: 9255873422
2025-02-11T12:37:53.423+06:00  INFO 10904 --- [inventory-service] [main] liquibase.changelog                      : Reading from PUBLIC.ACT_DMN_DATABASECHANGELOG
2025-02-11T12:37:53.430+06:00  INFO 10904 --- [inventory-service] [main] liquibase.changelog                      : Table ACT_DMN_DEPLOYMENT created
2025-02-11T12:37:53.434+06:00  INFO 10904 --- [inventory-service] [main] liquibase.changelog                      : Table ACT_DMN_DEPLOYMENT_RESOURCE created
2025-02-11T12:37:53.434+06:00  INFO 10904 --- [inventory-service] [main] liquibase.changelog                      : Table ACT_DMN_DECISION_TABLE created
2025-02-11T12:37:53.434+06:00  INFO 10904 --- [inventory-service] [main] liquibase.changelog                      : ChangeSet org/flowable/dmn/db/liquibase/flowable-dmn-db-changelog.xml::1::activiti ran successfully in 4ms
2025-02-11T12:37:53.438+06:00  INFO 10904 --- [inventory-service] [main] liquibase.changelog                      : Table ACT_DMN_HI_DECISION_EXECUTION created
2025-02-11T12:37:53.440+06:00  INFO 10904 --- [inventory-service] [main] liquibase.changelog                      : ChangeSet org/flowable/dmn/db/liquibase/flowable-dmn-db-changelog.xml::2::flowable ran successfully in 2ms
2025-02-11T12:37:53.445+06:00  INFO 10904 --- [inventory-service] [main] liquibase.changelog                      : Columns SCOPE_TYPE_(varchar(255)) added to ACT_DMN_HI_DECISION_EXECUTION
2025-02-11T12:37:53.445+06:00  INFO 10904 --- [inventory-service] [main] liquibase.changelog                      : ChangeSet org/flowable/dmn/db/liquibase/flowable-dmn-db-changelog.xml::3::flowable ran successfully in 4ms
2025-02-11T12:37:53.449+06:00  INFO 10904 --- [inventory-service] [main] liquibase.changelog                      : Column ACT_DMN_DECISION_TABLE.PARENT_DEPLOYMENT_ID_ dropped
2025-02-11T12:37:53.449+06:00  INFO 10904 --- [inventory-service] [main] liquibase.changelog                      : ChangeSet org/flowable/dmn/db/liquibase/flowable-dmn-db-changelog.xml::4::flowable ran successfully in 3ms
2025-02-11T12:37:53.449+06:00  INFO 10904 --- [inventory-service] [main] liquibase.changelog                      : Index ACT_IDX_DEC_TBL_UNIQ created
2025-02-11T12:37:53.449+06:00  INFO 10904 --- [inventory-service] [main] liquibase.changelog                      : ChangeSet org/flowable/dmn/db/liquibase/flowable-dmn-db-changelog.xml::6::flowable ran successfully in 0ms
2025-02-11T12:37:53.449+06:00  INFO 10904 --- [inventory-service] [main] liquibase.changelog                      : Index ACT_IDX_DEC_TBL_UNIQ dropped from table ACT_DMN_DECISION_TABLE
2025-02-11T12:37:53.455+06:00  INFO 10904 --- [inventory-service] [main] liquibase.changelog                      : Table ACT_DMN_DECISION_TABLE renamed to ACT_DMN_DECISION
2025-02-11T12:37:53.455+06:00  INFO 10904 --- [inventory-service] [main] liquibase.changelog                      : Index ACT_IDX_DMN_DEC_UNIQ created
2025-02-11T12:37:53.455+06:00  INFO 10904 --- [inventory-service] [main] liquibase.changelog                      : ChangeSet org/flowable/dmn/db/liquibase/flowable-dmn-db-changelog.xml::7::flowable ran successfully in 6ms
2025-02-11T12:37:53.459+06:00  INFO 10904 --- [inventory-service] [main] liquibase.changelog                      : Columns DECISION_TYPE_(varchar(255)) added to ACT_DMN_DECISION
2025-02-11T12:37:53.459+06:00  INFO 10904 --- [inventory-service] [main] liquibase.changelog                      : ChangeSet org/flowable/dmn/db/liquibase/flowable-dmn-db-changelog.xml::8::flowable ran successfully in 2ms
2025-02-11T12:37:53.464+06:00  INFO 10904 --- [inventory-service] [main] liquibase.changelog                      : Index ACT_IDX_DMN_INSTANCE_ID created
2025-02-11T12:37:53.464+06:00  INFO 10904 --- [inventory-service] [main] liquibase.changelog                      : ChangeSet org/flowable/dmn/db/liquibase/flowable-dmn-db-changelog.xml::9::flowable ran successfully in 5ms
2025-02-11T12:37:53.468+06:00  INFO 10904 --- [inventory-service] [main] liquibase.util                           : UPDATE SUMMARY
2025-02-11T12:37:53.468+06:00  INFO 10904 --- [inventory-service] [main] liquibase.util                           : Run:                          8
2025-02-11T12:37:53.468+06:00  INFO 10904 --- [inventory-service] [main] liquibase.util                           : Previously run:               0
2025-02-11T12:37:53.468+06:00  INFO 10904 --- [inventory-service] [main] liquibase.util                           : Filtered out:                 1
2025-02-11T12:37:53.469+06:00  INFO 10904 --- [inventory-service] [main] liquibase.util                           : -------------------------------
2025-02-11T12:37:53.469+06:00  INFO 10904 --- [inventory-service] [main] liquibase.util                           : Total change sets:            9
2025-02-11T12:37:53.469+06:00  INFO 10904 --- [inventory-service] [main] liquibase.util                           : FILTERED CHANGE SETS SUMMARY
2025-02-11T12:37:53.469+06:00  INFO 10904 --- [inventory-service] [main] liquibase.util                           : DBMS mismatch:                1
2025-02-11T12:37:53.471+06:00  INFO 10904 --- [inventory-service] [main] liquibase.util                           : Update summary generated
2025-02-11T12:37:53.471+06:00  INFO 10904 --- [inventory-service] [main] liquibase.command                        : Update command completed successfully.
2025-02-11T12:37:53.472+06:00  INFO 10904 --- [inventory-service] [main] liquibase.lockservice                    : Successfully released change log lock
2025-02-11T12:37:53.472+06:00  INFO 10904 --- [inventory-service] [main] liquibase.command                        : Command execution complete
2025-02-11T12:37:53.473+06:00  INFO 10904 --- [inventory-service] [main] o.f.dmn.engine.impl.DmnEngineImpl        : DmnEngine default created
2025-02-11T12:37:53.474+06:00  INFO 10904 --- [inventory-service] [main] o.f.a.s.SpringAppEngineConfiguration     : Executing configure() of class org.flowable.cmmn.spring.configurator.SpringCmmnEngineConfigurator (priority:500000)
2025-02-11T12:37:53.503+06:00  INFO 10904 --- [inventory-service] [main] liquibase.database                       : Set default schema name to PUBLIC
2025-02-11T12:37:53.529+06:00  INFO 10904 --- [inventory-service] [main] liquibase.changelog                      : Creating database history table with name: PUBLIC.ACT_CMMN_DATABASECHANGELOG
2025-02-11T12:37:53.531+06:00  INFO 10904 --- [inventory-service] [main] liquibase.changelog                      : Reading from PUBLIC.ACT_CMMN_DATABASECHANGELOG
2025-02-11T12:37:53.555+06:00  INFO 10904 --- [inventory-service] [main] liquibase.lockservice                    : Successfully acquired change log lock
2025-02-11T12:37:53.555+06:00  INFO 10904 --- [inventory-service] [main] liquibase.command                        : Using deploymentId: 9255873555
2025-02-11T12:37:53.555+06:00  INFO 10904 --- [inventory-service] [main] liquibase.changelog                      : Reading from PUBLIC.ACT_CMMN_DATABASECHANGELOG
2025-02-11T12:37:53.576+06:00  INFO 10904 --- [inventory-service] [main] liquibase.changelog                      : Table ACT_CMMN_DEPLOYMENT created
2025-02-11T12:37:53.577+06:00  INFO 10904 --- [inventory-service] [main] liquibase.changelog                      : Table ACT_CMMN_DEPLOYMENT_RESOURCE created
2025-02-11T12:37:53.579+06:00  INFO 10904 --- [inventory-service] [main] liquibase.changelog                      : Foreign key constraint added to ACT_CMMN_DEPLOYMENT_RESOURCE (DEPLOYMENT_ID_)
2025-02-11T12:37:53.579+06:00  INFO 10904 --- [inventory-service] [main] liquibase.changelog                      : Index ACT_IDX_CMMN_RSRC_DPL created
2025-02-11T12:37:53.580+06:00  INFO 10904 --- [inventory-service] [main] liquibase.changelog                      : Table ACT_CMMN_CASEDEF created
2025-02-11T12:37:53.581+06:00  INFO 10904 --- [inventory-service] [main] liquibase.changelog                      : Foreign key constraint added to ACT_CMMN_CASEDEF (DEPLOYMENT_ID_)
2025-02-11T12:37:53.582+06:00  INFO 10904 --- [inventory-service] [main] liquibase.changelog                      : Index ACT_IDX_CASE_DEF_DPLY created
2025-02-11T12:37:53.585+06:00  INFO 10904 --- [inventory-service] [main] liquibase.changelog                      : Table ACT_CMMN_RU_CASE_INST created
2025-02-11T12:37:53.586+06:00  INFO 10904 --- [inventory-service] [main] liquibase.changelog                      : Foreign key constraint added to ACT_CMMN_RU_CASE_INST (CASE_DEF_ID_)
2025-02-11T12:37:53.587+06:00  INFO 10904 --- [inventory-service] [main] liquibase.changelog                      : Index ACT_IDX_CASE_INST_CASE_DEF created
2025-02-11T12:37:53.588+06:00  INFO 10904 --- [inventory-service] [main] liquibase.changelog                      : Index ACT_IDX_CASE_INST_PARENT created
2025-02-11T12:37:53.589+06:00  INFO 10904 --- [inventory-service] [main] liquibase.changelog                      : Table ACT_CMMN_RU_PLAN_ITEM_INST created
2025-02-11T12:37:53.590+06:00  INFO 10904 --- [inventory-service] [main] liquibase.changelog                      : Foreign key constraint added to ACT_CMMN_RU_PLAN_ITEM_INST (CASE_DEF_ID_)
2025-02-11T12:37:53.591+06:00  INFO 10904 --- [inventory-service] [main] liquibase.changelog                      : Index ACT_IDX_PLAN_ITEM_CASE_DEF created
2025-02-11T12:37:53.591+06:00  INFO 10904 --- [inventory-service] [main] liquibase.changelog                      : Foreign key constraint added to ACT_CMMN_RU_PLAN_ITEM_INST (CASE_INST_ID_)
2025-02-11T12:37:53.592+06:00  INFO 10904 --- [inventory-service] [main] liquibase.changelog                      : Index ACT_IDX_PLAN_ITEM_CASE_INST created
2025-02-11T12:37:53.593+06:00  INFO 10904 --- [inventory-service] [main] liquibase.changelog                      : Table ACT_CMMN_RU_SENTRY_PART_INST created
2025-02-11T12:37:53.594+06:00  INFO 10904 --- [inventory-service] [main] liquibase.changelog                      : Foreign key constraint added to ACT_CMMN_RU_SENTRY_PART_INST (CASE_DEF_ID_)
2025-02-11T12:37:53.595+06:00  INFO 10904 --- [inventory-service] [main] liquibase.changelog                      : Index ACT_IDX_SENTRY_CASE_DEF created
2025-02-11T12:37:53.596+06:00  INFO 10904 --- [inventory-service] [main] liquibase.changelog                      : Foreign key constraint added to ACT_CMMN_RU_SENTRY_PART_INST (CASE_INST_ID_)
2025-02-11T12:37:53.596+06:00  INFO 10904 --- [inventory-service] [main] liquibase.changelog                      : Index ACT_IDX_SENTRY_CASE_INST created
2025-02-11T12:37:53.597+06:00  INFO 10904 --- [inventory-service] [main] liquibase.changelog                      : Foreign key constraint added to ACT_CMMN_RU_SENTRY_PART_INST (PLAN_ITEM_INST_ID_)
2025-02-11T12:37:53.598+06:00  INFO 10904 --- [inventory-service] [main] liquibase.changelog                      : Index ACT_IDX_SENTRY_PLAN_ITEM created
2025-02-11T12:37:53.599+06:00  INFO 10904 --- [inventory-service] [main] liquibase.changelog                      : Table ACT_CMMN_RU_MIL_INST created
2025-02-11T12:37:53.599+06:00  INFO 10904 --- [inventory-service] [main] liquibase.changelog                      : Foreign key constraint added to ACT_CMMN_RU_MIL_INST (CASE_DEF_ID_)
2025-02-11T12:37:53.600+06:00  INFO 10904 --- [inventory-service] [main] liquibase.changelog                      : Index ACT_IDX_MIL_CASE_DEF created
2025-02-11T12:37:53.601+06:00  INFO 10904 --- [inventory-service] [main] liquibase.changelog                      : Foreign key constraint added to ACT_CMMN_RU_MIL_INST (CASE_INST_ID_)
2025-02-11T12:37:53.602+06:00  INFO 10904 --- [inventory-service] [main] liquibase.changelog                      : Index ACT_IDX_MIL_CASE_INST created
2025-02-11T12:37:53.606+06:00  INFO 10904 --- [inventory-service] [main] liquibase.changelog                      : Table ACT_CMMN_HI_CASE_INST created
2025-02-11T12:37:53.607+06:00  INFO 10904 --- [inventory-service] [main] liquibase.changelog                      : Table ACT_CMMN_HI_MIL_INST created
2025-02-11T12:37:53.607+06:00  INFO 10904 --- [inventory-service] [main] liquibase.changelog                      : ChangeSet org/flowable/cmmn/db/liquibase/flowable-cmmn-db-changelog.xml::1::flowable ran successfully in 32ms
2025-02-11T12:37:53.613+06:00  INFO 10904 --- [inventory-service] [main] liquibase.changelog                      : Columns DGRM_RESOURCE_NAME_(varchar(4000)),HAS_START_FORM_KEY_(boolean) added to ACT_CMMN_CASEDEF
2025-02-11T12:37:53.613+06:00  INFO 10904 --- [inventory-service] [main] liquibase.changelog                      : Columns GENERATED_(boolean) added to ACT_CMMN_DEPLOYMENT_RESOURCE
2025-02-11T12:37:53.618+06:00  INFO 10904 --- [inventory-service] [main] liquibase.changelog                      : Columns LOCK_TIME_(datetime) added to ACT_CMMN_RU_CASE_INST
2025-02-11T12:37:53.627+06:00  INFO 10904 --- [inventory-service] [main] liquibase.changelog                      : Columns ITEM_DEFINITION_ID_(varchar(255)),ITEM_DEFINITION_TYPE_(varchar(255)) added to ACT_CMMN_RU_PLAN_ITEM_INST
2025-02-11T12:37:53.627+06:00  INFO 10904 --- [inventory-service] [main] liquibase.changelog                      : ChangeSet org/flowable/cmmn/db/liquibase/flowable-cmmn-db-changelog.xml::2::flowable ran successfully in 17ms
2025-02-11T12:37:53.630+06:00  INFO 10904 --- [inventory-service] [main] liquibase.changelog                      : Columns IS_COMPLETEABLE_(boolean) added to ACT_CMMN_RU_PLAN_ITEM_INST
2025-02-11T12:37:53.632+06:00  INFO 10904 --- [inventory-service] [main] liquibase.changelog                      : Columns IS_COMPLETEABLE_(boolean) added to ACT_CMMN_RU_CASE_INST
2025-02-11T12:37:53.632+06:00  INFO 10904 --- [inventory-service] [main] liquibase.changelog                      : Index ACT_IDX_PLAN_ITEM_STAGE_INST created
2025-02-11T12:37:53.634+06:00  INFO 10904 --- [inventory-service] [main] liquibase.changelog                      : Columns IS_COUNT_ENABLED_(boolean) added to ACT_CMMN_RU_PLAN_ITEM_INST
2025-02-11T12:37:53.636+06:00  INFO 10904 --- [inventory-service] [main] liquibase.changelog                      : Columns VAR_COUNT_(integer) added to ACT_CMMN_RU_PLAN_ITEM_INST
2025-02-11T12:37:53.638+06:00  INFO 10904 --- [inventory-service] [main] liquibase.changelog                      : Columns SENTRY_PART_INST_COUNT_(integer) added to ACT_CMMN_RU_PLAN_ITEM_INST
2025-02-11T12:37:53.638+06:00  INFO 10904 --- [inventory-service] [main] liquibase.changelog                      : ChangeSet org/flowable/cmmn/db/liquibase/flowable-cmmn-db-changelog.xml::3::flowable ran successfully in 9ms
2025-02-11T12:37:53.642+06:00  INFO 10904 --- [inventory-service] [main] liquibase.changelog                      : Table ACT_CMMN_HI_PLAN_ITEM_INST created
2025-02-11T12:37:53.642+06:00  INFO 10904 --- [inventory-service] [main] liquibase.changelog                      : Columns TENANT_ID_(varchar(255)) added to ACT_CMMN_RU_MIL_INST
2025-02-11T12:37:53.646+06:00  INFO 10904 --- [inventory-service] [main] liquibase.changelog                      : Columns TENANT_ID_(varchar(255)) added to ACT_CMMN_HI_MIL_INST
2025-02-11T12:37:53.646+06:00  INFO 10904 --- [inventory-service] [main] liquibase.changelog                      : ChangeSet org/flowable/cmmn/db/liquibase/flowable-cmmn-db-changelog.xml::4::flowable ran successfully in 6ms
2025-02-11T12:37:53.646+06:00  INFO 10904 --- [inventory-service] [main] liquibase.changelog                      : Index ACT_IDX_CASE_DEF_UNIQ created
2025-02-11T12:37:53.646+06:00  INFO 10904 --- [inventory-service] [main] liquibase.changelog                      : ChangeSet org/flowable/cmmn/db/liquibase/flowable-cmmn-db-changelog.xml::6::flowable ran successfully in 0ms
2025-02-11T12:37:53.646+06:00  INFO 10904 --- [inventory-service] [main] liquibase.changelog                      : Column ACT_CMMN_RU_PLAN_ITEM_INST.START_TIME_ renamed to CREATE_TIME_
2025-02-11T12:37:53.646+06:00  INFO 10904 --- [inventory-service] [main] liquibase.changelog                      : Column ACT_CMMN_HI_PLAN_ITEM_INST.CREATED_TIME_ renamed to CREATE_TIME_
2025-02-11T12:37:53.671+06:00  INFO 10904 --- [inventory-service] [main] liquibase.changelog                      : Columns LAST_AVAILABLE_TIME_(datetime(3)),LAST_ENABLED_TIME_(datetime(3)),LAST_DISABLED_TIME_(datetime(3)),LAST_STARTED_TIME_(datetime(3)),LAST_SUSPENDED_TIME_(datetime(3)),COMPLETED_TIME_(datetime(3)),OCCURRED_TIME_(datetime(3)),TERMINATED_TIME_(datetime(3)),EXIT_TIME_(datetime(3)),ENDED_TIME_(datetime(3)),ENTRY_CRITERION_ID_(varchar(255)),EXIT_CRITERION_ID_(varchar(255)) added to ACT_CMMN_RU_PLAN_ITEM_INST
2025-02-11T12:37:53.673+06:00  INFO 10904 --- [inventory-service] [main] liquibase.changelog                      : Columns ENTRY_CRITERION_ID_(varchar(255)),EXIT_CRITERION_ID_(varchar(255)) added to ACT_CMMN_HI_PLAN_ITEM_INST
2025-02-11T12:37:53.673+06:00  INFO 10904 --- [inventory-service] [main] liquibase.changelog                      : ChangeSet org/flowable/cmmn/db/liquibase/flowable-cmmn-db-changelog.xml::7::flowable ran successfully in 27ms
2025-02-11T12:37:53.676+06:00  INFO 10904 --- [inventory-service] [main] liquibase.changelog                      : Columns SHOW_IN_OVERVIEW_(boolean) added to ACT_CMMN_HI_PLAN_ITEM_INST
2025-02-11T12:37:53.676+06:00  INFO 10904 --- [inventory-service] [main] liquibase.changelog                      : ChangeSet org/flowable/cmmn/db/liquibase/flowable-cmmn-db-changelog.xml::8::flowable ran successfully in 2ms
2025-02-11T12:37:53.679+06:00  INFO 10904 --- [inventory-service] [main] liquibase.changelog                      : Columns EXTRA_VALUE_(varchar(255)) added to ACT_CMMN_RU_PLAN_ITEM_INST
2025-02-11T12:37:53.680+06:00  INFO 10904 --- [inventory-service] [main] liquibase.changelog                      : Columns EXTRA_VALUE_(varchar(255)) added to ACT_CMMN_HI_PLAN_ITEM_INST
2025-02-11T12:37:53.681+06:00  INFO 10904 --- [inventory-service] [main] liquibase.changelog                      : ChangeSet org/flowable/cmmn/db/liquibase/flowable-cmmn-db-changelog.xml::9::flowable ran successfully in 4ms
2025-02-11T12:37:53.684+06:00  INFO 10904 --- [inventory-service] [main] liquibase.changelog                      : Columns REFERENCE_ID_(varchar(255)) added to ACT_CMMN_RU_CASE_INST
2025-02-11T12:37:53.686+06:00  INFO 10904 --- [inventory-service] [main] liquibase.changelog                      : Columns REFERENCE_TYPE_(varchar(255)) added to ACT_CMMN_RU_CASE_INST
2025-02-11T12:37:53.686+06:00  INFO 10904 --- [inventory-service] [main] liquibase.changelog                      : Index ACT_IDX_CASE_INST_REF_ID_ created
2025-02-11T12:37:53.687+06:00  INFO 10904 --- [inventory-service] [main] liquibase.changelog                      : Columns REFERENCE_ID_(varchar(255)) added to ACT_CMMN_HI_CASE_INST
2025-02-11T12:37:53.688+06:00  INFO 10904 --- [inventory-service] [main] liquibase.changelog                      : Columns REFERENCE_TYPE_(varchar(255)) added to ACT_CMMN_HI_CASE_INST
2025-02-11T12:37:53.688+06:00  INFO 10904 --- [inventory-service] [main] liquibase.changelog                      : ChangeSet org/flowable/cmmn/db/liquibase/flowable-cmmn-db-changelog.xml::10::flowable ran successfully in 5ms
2025-02-11T12:37:53.690+06:00  INFO 10904 --- [inventory-service] [main] liquibase.changelog                      : Columns DERIVED_CASE_DEF_ID_(varchar(255)) added to ACT_CMMN_RU_PLAN_ITEM_INST
2025-02-11T12:37:53.691+06:00  INFO 10904 --- [inventory-service] [main] liquibase.changelog                      : Columns DERIVED_CASE_DEF_ID_(varchar(255)) added to ACT_CMMN_HI_PLAN_ITEM_INST
2025-02-11T12:37:53.691+06:00  INFO 10904 --- [inventory-service] [main] liquibase.changelog                      : ChangeSet org/flowable/cmmn/db/liquibase/flowable-cmmn-db-changelog.xml::11::flowable ran successfully in 2ms
2025-02-11T12:37:53.695+06:00  INFO 10904 --- [inventory-service] [main] liquibase.changelog                      : Columns LOCK_OWNER_(varchar(255)) added to ACT_CMMN_RU_CASE_INST
2025-02-11T12:37:53.695+06:00  INFO 10904 --- [inventory-service] [main] liquibase.changelog                      : ChangeSet org/flowable/cmmn/db/liquibase/flowable-cmmn-db-changelog.xml::12::flowable ran successfully in 2ms
2025-02-11T12:37:53.699+06:00  INFO 10904 --- [inventory-service] [main] liquibase.changelog                      : Columns LAST_UNAVAILABLE_TIME_(datetime(3)) added to ACT_CMMN_RU_PLAN_ITEM_INST
2025-02-11T12:37:53.700+06:00  INFO 10904 --- [inventory-service] [main] liquibase.changelog                      : Columns LAST_UNAVAILABLE_TIME_(datetime(3)) added to ACT_CMMN_HI_PLAN_ITEM_INST
2025-02-11T12:37:53.701+06:00  INFO 10904 --- [inventory-service] [main] liquibase.changelog                      : ChangeSet org/flowable/cmmn/db/liquibase/flowable-cmmn-db-changelog.xml::13::flowable ran successfully in 4ms
2025-02-11T12:37:53.706+06:00  INFO 10904 --- [inventory-service] [main] liquibase.changelog                      : Columns LAST_REACTIVATION_TIME_(datetime(3)),LAST_REACTIVATION_USER_ID_(varchar(255)) added to ACT_CMMN_RU_CASE_INST
2025-02-11T12:37:53.708+06:00  INFO 10904 --- [inventory-service] [main] liquibase.changelog                      : Columns LAST_REACTIVATION_TIME_(datetime(3)),LAST_REACTIVATION_USER_ID_(varchar(255)) added to ACT_CMMN_HI_CASE_INST
2025-02-11T12:37:53.708+06:00  INFO 10904 --- [inventory-service] [main] liquibase.changelog                      : ChangeSet org/flowable/cmmn/db/liquibase/flowable-cmmn-db-changelog.xml::14::flowable ran successfully in 5ms
2025-02-11T12:37:53.711+06:00  INFO 10904 --- [inventory-service] [main] liquibase.changelog                      : Columns BUSINESS_STATUS_(varchar(255)) added to ACT_CMMN_RU_CASE_INST
2025-02-11T12:37:53.712+06:00  INFO 10904 --- [inventory-service] [main] liquibase.changelog                      : Columns BUSINESS_STATUS_(varchar(255)) added to ACT_CMMN_HI_CASE_INST
2025-02-11T12:37:53.712+06:00  INFO 10904 --- [inventory-service] [main] liquibase.changelog                      : ChangeSet org/flowable/cmmn/db/liquibase/flowable-cmmn-db-changelog.xml::16::flowable ran successfully in 3ms
2025-02-11T12:37:53.713+06:00  INFO 10904 --- [inventory-service] [main] liquibase.changelog                      : Index ACT_IDX_HI_CASE_INST_END created
2025-02-11T12:37:53.714+06:00  INFO 10904 --- [inventory-service] [main] liquibase.changelog                      : ChangeSet org/flowable/cmmn/db/liquibase/flowable-cmmn-db-changelog.xml::17::flowable ran successfully in 1ms
2025-02-11T12:37:53.715+06:00  INFO 10904 --- [inventory-service] [main] liquibase.util                           : UPDATE SUMMARY
2025-02-11T12:37:53.715+06:00  INFO 10904 --- [inventory-service] [main] liquibase.util                           : Run:                         15
2025-02-11T12:37:53.715+06:00  INFO 10904 --- [inventory-service] [main] liquibase.util                           : Previously run:               0
2025-02-11T12:37:53.716+06:00  INFO 10904 --- [inventory-service] [main] liquibase.util                           : Filtered out:                 2
2025-02-11T12:37:53.716+06:00  INFO 10904 --- [inventory-service] [main] liquibase.util                           : -------------------------------
2025-02-11T12:37:53.716+06:00  INFO 10904 --- [inventory-service] [main] liquibase.util                           : Total change sets:           17
2025-02-11T12:37:53.716+06:00  INFO 10904 --- [inventory-service] [main] liquibase.util                           : FILTERED CHANGE SETS SUMMARY
2025-02-11T12:37:53.716+06:00  INFO 10904 --- [inventory-service] [main] liquibase.util                           : DBMS mismatch:                2
2025-02-11T12:37:53.716+06:00  INFO 10904 --- [inventory-service] [main] liquibase.util                           : Update summary generated
2025-02-11T12:37:53.716+06:00  INFO 10904 --- [inventory-service] [main] liquibase.command                        : Update command completed successfully.
2025-02-11T12:37:53.718+06:00  INFO 10904 --- [inventory-service] [main] liquibase.lockservice                    : Successfully released change log lock
2025-02-11T12:37:53.718+06:00  INFO 10904 --- [inventory-service] [main] liquibase.command                        : Command execution complete
2025-02-11T12:37:53.718+06:00  INFO 10904 --- [inventory-service] [main] o.f.cmmn.engine.impl.CmmnEngineImpl      : CmmnEngine default created
2025-02-11T12:37:53.721+06:00  INFO 10904 --- [inventory-service] [main] liquibase.database                       : Set default schema name to PUBLIC
2025-02-11T12:37:53.729+06:00  INFO 10904 --- [inventory-service] [main] liquibase.changelog                      : Creating database history table with name: PUBLIC.ACT_APP_DATABASECHANGELOG
2025-02-11T12:37:53.731+06:00  INFO 10904 --- [inventory-service] [main] liquibase.changelog                      : Reading from PUBLIC.ACT_APP_DATABASECHANGELOG
2025-02-11T12:37:53.738+06:00  INFO 10904 --- [inventory-service] [main] liquibase.lockservice                    : Successfully acquired change log lock
2025-02-11T12:37:53.738+06:00  INFO 10904 --- [inventory-service] [main] liquibase.command                        : Using deploymentId: 9255873738
2025-02-11T12:37:53.739+06:00  INFO 10904 --- [inventory-service] [main] liquibase.changelog                      : Reading from PUBLIC.ACT_APP_DATABASECHANGELOG
2025-02-11T12:37:53.744+06:00  INFO 10904 --- [inventory-service] [main] liquibase.changelog                      : Table ACT_APP_DEPLOYMENT created
2025-02-11T12:37:53.744+06:00  INFO 10904 --- [inventory-service] [main] liquibase.changelog                      : Table ACT_APP_DEPLOYMENT_RESOURCE created
2025-02-11T12:37:53.745+06:00  INFO 10904 --- [inventory-service] [main] liquibase.changelog                      : Foreign key constraint added to ACT_APP_DEPLOYMENT_RESOURCE (DEPLOYMENT_ID_)
2025-02-11T12:37:53.746+06:00  INFO 10904 --- [inventory-service] [main] liquibase.changelog                      : Index ACT_IDX_APP_RSRC_DPL created
2025-02-11T12:37:53.747+06:00  INFO 10904 --- [inventory-service] [main] liquibase.changelog                      : Table ACT_APP_APPDEF created
2025-02-11T12:37:53.748+06:00  INFO 10904 --- [inventory-service] [main] liquibase.changelog                      : Foreign key constraint added to ACT_APP_APPDEF (DEPLOYMENT_ID_)
2025-02-11T12:37:53.748+06:00  INFO 10904 --- [inventory-service] [main] liquibase.changelog                      : Index ACT_IDX_APP_DEF_DPLY created
2025-02-11T12:37:53.748+06:00  INFO 10904 --- [inventory-service] [main] liquibase.changelog                      : ChangeSet org/flowable/app/db/liquibase/flowable-app-db-changelog.xml::1::flowable ran successfully in 5ms
2025-02-11T12:37:53.750+06:00  INFO 10904 --- [inventory-service] [main] liquibase.changelog                      : Index ACT_IDX_APP_DEF_UNIQ created
2025-02-11T12:37:53.750+06:00  INFO 10904 --- [inventory-service] [main] liquibase.changelog                      : ChangeSet org/flowable/app/db/liquibase/flowable-app-db-changelog.xml::3::flowable ran successfully in 0ms
2025-02-11T12:37:53.751+06:00  INFO 10904 --- [inventory-service] [main] liquibase.util                           : UPDATE SUMMARY
2025-02-11T12:37:53.752+06:00  INFO 10904 --- [inventory-service] [main] liquibase.util                           : Run:                          2
2025-02-11T12:37:53.752+06:00  INFO 10904 --- [inventory-service] [main] liquibase.util                           : Previously run:               0
2025-02-11T12:37:53.752+06:00  INFO 10904 --- [inventory-service] [main] liquibase.util                           : Filtered out:                 1
2025-02-11T12:37:53.752+06:00  INFO 10904 --- [inventory-service] [main] liquibase.util                           : -------------------------------
2025-02-11T12:37:53.752+06:00  INFO 10904 --- [inventory-service] [main] liquibase.util                           : Total change sets:            3
2025-02-11T12:37:53.752+06:00  INFO 10904 --- [inventory-service] [main] liquibase.util                           : FILTERED CHANGE SETS SUMMARY
2025-02-11T12:37:53.753+06:00  INFO 10904 --- [inventory-service] [main] liquibase.util                           : DBMS mismatch:                1
2025-02-11T12:37:53.754+06:00  INFO 10904 --- [inventory-service] [main] liquibase.util                           : Update summary generated
2025-02-11T12:37:53.755+06:00  INFO 10904 --- [inventory-service] [main] liquibase.command                        : Update command completed successfully.
2025-02-11T12:37:53.755+06:00  INFO 10904 --- [inventory-service] [main] liquibase.lockservice                    : Successfully released change log lock
2025-02-11T12:37:53.756+06:00  INFO 10904 --- [inventory-service] [main] liquibase.command                        : Command execution complete
2025-02-11T12:37:53.756+06:00  INFO 10904 --- [inventory-service] [main] o.f.app.engine.impl.AppEngineImpl        : AppEngine default created
2025-02-11T12:37:53.859+06:00  INFO 10904 --- [inventory-service] [main] o.f.j.s.i.a.AbstractAsyncExecutor        : Starting up the async job executor [org.flowable.spring.job.service.SpringAsyncExecutor] for engine cmmn
2025-02-11T12:37:53.870+06:00  INFO 10904 --- [inventory-service] [Thread-3] o.f.j.s.i.a.ResetExpiredJobsRunnable     : starting to reset expired jobs for engine cmmn
2025-02-11T12:37:53.870+06:00  INFO 10904 --- [inventory-service] [main] o.f.j.s.i.a.AbstractAsyncExecutor        : Starting up the async job executor [org.flowable.spring.job.service.SpringAsyncExecutor] for engine bpmn
2025-02-11T12:37:53.870+06:00  INFO 10904 --- [inventory-service] [Thread-1] o.f.j.s.i.a.AcquireAsyncJobsDueRunnable  : starting to acquire async jobs due for engine cmmn
2025-02-11T12:37:53.870+06:00  INFO 10904 --- [inventory-service] [Thread-2] o.f.j.s.i.a.AcquireTimerJobsRunnable     : starting to acquire async jobs due for engine cmmn
2025-02-11T12:37:53.872+06:00  INFO 10904 --- [inventory-service] [Thread-4] o.f.j.s.i.a.AcquireAsyncJobsDueRunnable  : starting to acquire async jobs due for engine bpmn
2025-02-11T12:37:53.872+06:00  INFO 10904 --- [inventory-service] [Thread-5] o.f.j.s.i.a.AcquireTimerJobsRunnable     : starting to acquire async jobs due for engine bpmn
2025-02-11T12:37:53.872+06:00  INFO 10904 --- [inventory-service] [Thread-6] o.f.j.s.i.a.ResetExpiredJobsRunnable     : starting to reset expired jobs for engine bpmn
2025-02-11T12:37:53.878+06:00  INFO 10904 --- [inventory-service] [main] o.s.b.w.embedded.tomcat.TomcatWebServer  : Tomcat started on port 8081 (http) with context path '/'
2025-02-11T12:37:53.909+06:00  INFO 10904 --- [inventory-service] [main] o.a.k.clients.consumer.ConsumerConfig    : ConsumerConfig values: 
	allow.auto.create.topics = true
	auto.commit.interval.ms = 5000
	auto.include.jmx.reporter = true
	auto.offset.reset = earliest
	bootstrap.servers = [localhost:9092]
	check.crcs = true
	client.dns.lookup = use_all_dns_ips
	client.id = consumer-inventory-group-1
	client.rack = 
	connections.max.idle.ms = 540000
	default.api.timeout.ms = 60000
	enable.auto.commit = false
	enable.metrics.push = true
	exclude.internal.topics = true
	fetch.max.bytes = 52428800
	fetch.max.wait.ms = 500
	fetch.min.bytes = 1
	group.id = inventory-group
	group.instance.id = null
	group.protocol = classic
	group.remote.assignor = null
	heartbeat.interval.ms = 3000
	interceptor.classes = []
	internal.leave.group.on.close = true
	internal.throw.on.fetch.stable.offset.unsupported = false
	isolation.level = read_uncommitted
	key.deserializer = class org.apache.kafka.common.serialization.StringDeserializer
	max.partition.fetch.bytes = 1048576
	max.poll.interval.ms = 300000
	max.poll.records = 500
	metadata.max.age.ms = 300000
	metadata.recovery.strategy = none
	metric.reporters = []
	metrics.num.samples = 2
	metrics.recording.level = INFO
	metrics.sample.window.ms = 30000
	partition.assignment.strategy = [class org.apache.kafka.clients.consumer.RangeAssignor, class org.apache.kafka.clients.consumer.CooperativeStickyAssignor]
	receive.buffer.bytes = 65536
	reconnect.backoff.max.ms = 1000
	reconnect.backoff.ms = 50
	request.timeout.ms = 30000
	retry.backoff.max.ms = 1000
	retry.backoff.ms = 100
	sasl.client.callback.handler.class = null
	sasl.jaas.config = null
	sasl.kerberos.kinit.cmd = /usr/bin/kinit
	sasl.kerberos.min.time.before.relogin = 60000
	sasl.kerberos.service.name = null
	sasl.kerberos.ticket.renew.jitter = 0.05
	sasl.kerberos.ticket.renew.window.factor = 0.8
	sasl.login.callback.handler.class = null
	sasl.login.class = null
	sasl.login.connect.timeout.ms = null
	sasl.login.read.timeout.ms = null
	sasl.login.refresh.buffer.seconds = 300
	sasl.login.refresh.min.period.seconds = 60
	sasl.login.refresh.window.factor = 0.8
	sasl.login.refresh.window.jitter = 0.05
	sasl.login.retry.backoff.max.ms = 10000
	sasl.login.retry.backoff.ms = 100
	sasl.mechanism = GSSAPI
	sasl.oauthbearer.clock.skew.seconds = 30
	sasl.oauthbearer.expected.audience = null
	sasl.oauthbearer.expected.issuer = null
	sasl.oauthbearer.jwks.endpoint.refresh.ms = 3600000
	sasl.oauthbearer.jwks.endpoint.retry.backoff.max.ms = 10000
	sasl.oauthbearer.jwks.endpoint.retry.backoff.ms = 100
	sasl.oauthbearer.jwks.endpoint.url = null
	sasl.oauthbearer.scope.claim.name = scope
	sasl.oauthbearer.sub.claim.name = sub
	sasl.oauthbearer.token.endpoint.url = null
	security.protocol = PLAINTEXT
	security.providers = null
	send.buffer.bytes = 131072
	session.timeout.ms = 45000
	socket.connection.setup.timeout.max.ms = 30000
	socket.connection.setup.timeout.ms = 10000
	ssl.cipher.suites = null
	ssl.enabled.protocols = [TLSv1.2, TLSv1.3]
	ssl.endpoint.identification.algorithm = https
	ssl.engine.factory.class = null
	ssl.key.password = null
	ssl.keymanager.algorithm = SunX509
	ssl.keystore.certificate.chain = null
	ssl.keystore.key = null
	ssl.keystore.location = null
	ssl.keystore.password = null
	ssl.keystore.type = JKS
	ssl.protocol = TLSv1.3
	ssl.provider = null
	ssl.secure.random.implementation = null
	ssl.trustmanager.algorithm = PKIX
	ssl.truststore.certificates = null
	ssl.truststore.location = null
	ssl.truststore.password = null
	ssl.truststore.type = JKS
	value.deserializer = class org.apache.kafka.common.serialization.StringDeserializer

2025-02-11T12:37:53.926+06:00  INFO 10904 --- [inventory-service] [main] o.a.k.c.t.i.KafkaMetricsCollector        : initializing Kafka metrics collector
2025-02-11T12:37:54.044+06:00  INFO 10904 --- [inventory-service] [main] o.a.kafka.common.utils.AppInfoParser     : Kafka version: 3.8.1
2025-02-11T12:37:54.045+06:00  INFO 10904 --- [inventory-service] [main] o.a.kafka.common.utils.AppInfoParser     : Kafka commitId: 70d6ff42debf7e17
2025-02-11T12:37:54.045+06:00  INFO 10904 --- [inventory-service] [main] o.a.kafka.common.utils.AppInfoParser     : Kafka startTimeMs: 1739255874043
2025-02-11T12:37:54.047+06:00  INFO 10904 --- [inventory-service] [main] o.a.k.c.c.internals.LegacyKafkaConsumer  : [Consumer clientId=consumer-inventory-group-1, groupId=inventory-group] Subscribed to topic(s): saga-events
2025-02-11T12:37:54.058+06:00  INFO 10904 --- [inventory-service] [main] h.f.i.InventoryServiceApplication        : Started InventoryServiceApplication in 3.562 seconds (process running for 3.799)
2025-02-11T12:37:54.259+06:00  INFO 10904 --- [inventory-service] [org.springframework.kafka.KafkaListenerEndpointContainer#0-0-C-1] org.apache.kafka.clients.Metadata        : [Consumer clientId=consumer-inventory-group-1, groupId=inventory-group] Cluster ID: XzrhhWtpQfK-3XwjysfkIg
2025-02-11T12:37:54.260+06:00  INFO 10904 --- [inventory-service] [org.springframework.kafka.KafkaListenerEndpointContainer#0-0-C-1] o.a.k.c.c.internals.ConsumerCoordinator  : [Consumer clientId=consumer-inventory-group-1, groupId=inventory-group] Discovered group coordinator localhost:9092 (id: 2147482646 rack: null)
2025-02-11T12:37:54.262+06:00  INFO 10904 --- [inventory-service] [org.springframework.kafka.KafkaListenerEndpointContainer#0-0-C-1] o.a.k.c.c.internals.ConsumerCoordinator  : [Consumer clientId=consumer-inventory-group-1, groupId=inventory-group] (Re-)joining group
2025-02-11T12:37:54.276+06:00  INFO 10904 --- [inventory-service] [org.springframework.kafka.KafkaListenerEndpointContainer#0-0-C-1] o.a.k.c.c.internals.ConsumerCoordinator  : [Consumer clientId=consumer-inventory-group-1, groupId=inventory-group] Request joining group due to: need to re-join with the given member-id: consumer-inventory-group-1-86bc0448-aea2-4302-8b8f-1a1744fd73d2
2025-02-11T12:37:54.277+06:00  INFO 10904 --- [inventory-service] [org.springframework.kafka.KafkaListenerEndpointContainer#0-0-C-1] o.a.k.c.c.internals.ConsumerCoordinator  : [Consumer clientId=consumer-inventory-group-1, groupId=inventory-group] (Re-)joining group
2025-02-11T12:37:54.282+06:00  INFO 10904 --- [inventory-service] [org.springframework.kafka.KafkaListenerEndpointContainer#0-0-C-1] o.a.k.c.c.internals.ConsumerCoordinator  : [Consumer clientId=consumer-inventory-group-1, groupId=inventory-group] Successfully joined group with generation Generation{generationId=1, memberId='consumer-inventory-group-1-86bc0448-aea2-4302-8b8f-1a1744fd73d2', protocol='range'}
2025-02-11T12:37:54.286+06:00  INFO 10904 --- [inventory-service] [org.springframework.kafka.KafkaListenerEndpointContainer#0-0-C-1] o.a.k.c.c.internals.ConsumerCoordinator  : [Consumer clientId=consumer-inventory-group-1, groupId=inventory-group] Finished assignment for group at generation 1: {consumer-inventory-group-1-86bc0448-aea2-4302-8b8f-1a1744fd73d2=Assignment(partitions=[saga-events-0])}
2025-02-11T12:37:54.292+06:00  INFO 10904 --- [inventory-service] [org.springframework.kafka.KafkaListenerEndpointContainer#0-0-C-1] o.a.k.c.c.internals.ConsumerCoordinator  : [Consumer clientId=consumer-inventory-group-1, groupId=inventory-group] Successfully synced group in generation Generation{generationId=1, memberId='consumer-inventory-group-1-86bc0448-aea2-4302-8b8f-1a1744fd73d2', protocol='range'}
2025-02-11T12:37:54.293+06:00  INFO 10904 --- [inventory-service] [org.springframework.kafka.KafkaListenerEndpointContainer#0-0-C-1] o.a.k.c.c.internals.ConsumerCoordinator  : [Consumer clientId=consumer-inventory-group-1, groupId=inventory-group] Notifying assignor about the new Assignment(partitions=[saga-events-0])
2025-02-11T12:37:54.294+06:00  INFO 10904 --- [inventory-service] [org.springframework.kafka.KafkaListenerEndpointContainer#0-0-C-1] k.c.c.i.ConsumerRebalanceListenerInvoker : [Consumer clientId=consumer-inventory-group-1, groupId=inventory-group] Adding newly assigned partitions: saga-events-0
2025-02-11T12:37:54.299+06:00  INFO 10904 --- [inventory-service] [org.springframework.kafka.KafkaListenerEndpointContainer#0-0-C-1] o.a.k.c.c.internals.ConsumerCoordinator  : [Consumer clientId=consumer-inventory-group-1, groupId=inventory-group] Found no committed offset for partition saga-events-0
2025-02-11T12:37:54.307+06:00  INFO 10904 --- [inventory-service] [org.springframework.kafka.KafkaListenerEndpointContainer#0-0-C-1] o.a.k.c.c.internals.SubscriptionState    : [Consumer clientId=consumer-inventory-group-1, groupId=inventory-group] Resetting offset for partition saga-events-0 to position FetchPosition{offset=0, offsetEpoch=Optional.empty, currentLeader=LeaderAndEpoch{leader=Optional[localhost:9092 (id: 1001 rack: null)], epoch=0}}.
2025-02-11T12:37:54.308+06:00  INFO 10904 --- [inventory-service] [org.springframework.kafka.KafkaListenerEndpointContainer#0-0-C-1] o.s.k.l.KafkaMessageListenerContainer    : inventory-group: partitions assigned: [saga-events-0]
2025-02-11T12:38:55.107+06:00  INFO 10904 --- [inventory-service] [org.springframework.kafka.KafkaListenerEndpointContainer#0-0-C-1] h.f.i.Service.KafkaConsumer              : ************** Received message from Kafka. Message: {"orderId": "12345", "event": "ProcessPayment"} **************
2025-02-11T12:44:24.161+06:00  INFO 10904 --- [inventory-service] [org.springframework.kafka.KafkaListenerEndpointContainer#0-0-C-1] k.c.c.i.ConsumerRebalanceListenerInvoker : [Consumer clientId=consumer-inventory-group-1, groupId=inventory-group] Revoke previously assigned partitions saga-events-0
2025-02-11T12:44:24.177+06:00  INFO 10904 --- [inventory-service] [org.springframework.kafka.KafkaListenerEndpointContainer#0-0-C-1] o.s.k.l.KafkaMessageListenerContainer    : inventory-group: partitions revoked: [saga-events-0]
2025-02-11T12:44:24.180+06:00  INFO 10904 --- [inventory-service] [org.springframework.kafka.KafkaListenerEndpointContainer#0-0-C-1] o.a.k.c.c.internals.ConsumerCoordinator  : [Consumer clientId=consumer-inventory-group-1, groupId=inventory-group] Member consumer-inventory-group-1-86bc0448-aea2-4302-8b8f-1a1744fd73d2 sending LeaveGroup request to coordinator localhost:9092 (id: 2147482646 rack: null) due to the consumer unsubscribed from all topics
2025-02-11T12:44:24.180+06:00  INFO 10904 --- [inventory-service] [org.springframework.kafka.KafkaListenerEndpointContainer#0-0-C-1] o.a.k.c.c.internals.ConsumerCoordinator  : [Consumer clientId=consumer-inventory-group-1, groupId=inventory-group] Resetting generation and member id due to: consumer pro-actively leaving the group
2025-02-11T12:44:24.180+06:00  INFO 10904 --- [inventory-service] [org.springframework.kafka.KafkaListenerEndpointContainer#0-0-C-1] o.a.k.c.c.internals.ConsumerCoordinator  : [Consumer clientId=consumer-inventory-group-1, groupId=inventory-group] Request joining group due to: consumer pro-actively leaving the group
2025-02-11T12:44:24.180+06:00  INFO 10904 --- [inventory-service] [org.springframework.kafka.KafkaListenerEndpointContainer#0-0-C-1] o.a.k.c.c.internals.LegacyKafkaConsumer  : [Consumer clientId=consumer-inventory-group-1, groupId=inventory-group] Unsubscribed all topics or patterns and assigned partitions
2025-02-11T12:44:24.180+06:00  INFO 10904 --- [inventory-service] [org.springframework.kafka.KafkaListenerEndpointContainer#0-0-C-1] o.a.k.c.c.internals.ConsumerCoordinator  : [Consumer clientId=consumer-inventory-group-1, groupId=inventory-group] Resetting generation and member id due to: consumer pro-actively leaving the group
2025-02-11T12:44:24.180+06:00  INFO 10904 --- [inventory-service] [org.springframework.kafka.KafkaListenerEndpointContainer#0-0-C-1] o.a.k.c.c.internals.ConsumerCoordinator  : [Consumer clientId=consumer-inventory-group-1, groupId=inventory-group] Request joining group due to: consumer pro-actively leaving the group
2025-02-11T12:44:24.554+06:00  INFO 10904 --- [inventory-service] [org.springframework.kafka.KafkaListenerEndpointContainer#0-0-C-1] o.apache.kafka.common.metrics.Metrics    : Metrics scheduler closed
2025-02-11T12:44:24.554+06:00  INFO 10904 --- [inventory-service] [org.springframework.kafka.KafkaListenerEndpointContainer#0-0-C-1] o.apache.kafka.common.metrics.Metrics    : Closing reporter org.apache.kafka.common.metrics.JmxReporter
2025-02-11T12:44:24.554+06:00  INFO 10904 --- [inventory-service] [org.springframework.kafka.KafkaListenerEndpointContainer#0-0-C-1] o.apache.kafka.common.metrics.Metrics    : Closing reporter org.apache.kafka.common.telemetry.internals.ClientTelemetryReporter
2025-02-11T12:44:24.554+06:00  INFO 10904 --- [inventory-service] [org.springframework.kafka.KafkaListenerEndpointContainer#0-0-C-1] o.apache.kafka.common.metrics.Metrics    : Metrics reporters closed
2025-02-11T12:44:24.562+06:00  INFO 10904 --- [inventory-service] [org.springframework.kafka.KafkaListenerEndpointContainer#0-0-C-1] o.a.kafka.common.utils.AppInfoParser     : App info kafka.consumer for consumer-inventory-group-1 unregistered
2025-02-11T12:44:24.563+06:00  INFO 10904 --- [inventory-service] [org.springframework.kafka.KafkaListenerEndpointContainer#0-0-C-1] o.s.k.l.KafkaMessageListenerContainer    : inventory-group: Consumer stopped
2025-02-11T12:44:24.565+06:00  INFO 10904 --- [inventory-service] [SpringApplicationShutdownHook] o.s.b.w.e.tomcat.GracefulShutdown        : Commencing graceful shutdown. Waiting for active requests to complete
2025-02-11T12:44:24.573+06:00  INFO 10904 --- [inventory-service] [tomcat-shutdown] o.s.b.w.e.tomcat.GracefulShutdown        : Graceful shutdown complete
2025-02-11T12:44:24.573+06:00  INFO 10904 --- [inventory-service] [SpringApplicationShutdownHook] o.f.j.s.i.a.AbstractAsyncExecutor        : Shutting down the async job executor [org.flowable.spring.job.service.SpringAsyncExecutor] for engine cmmn
2025-02-11T12:44:24.573+06:00  INFO 10904 --- [inventory-service] [flowable-cmmn-reset-expired-jobs] o.f.j.s.i.a.ResetExpiredJobsRunnable     : stopped resetting expired jobs for engine cmmn
2025-02-11T12:44:24.573+06:00  INFO 10904 --- [inventory-service] [flowable-cmmn-acquire-timer-jobs] o.f.j.s.i.a.AcquireTimerJobsRunnable     : stopped async job due acquisition for engine cmmn
2025-02-11T12:44:24.573+06:00  INFO 10904 --- [inventory-service] [flowable-cmmn-acquire-async-jobs] o.f.j.s.i.a.AcquireAsyncJobsDueRunnable  : stopped async job due acquisition for engine cmmn
2025-02-11T12:44:24.573+06:00  INFO 10904 --- [inventory-service] [SpringApplicationShutdownHook] o.f.j.s.i.a.AbstractAsyncExecutor        : Shutting down the async job executor [org.flowable.spring.job.service.SpringAsyncExecutor] for engine bpmn
2025-02-11T12:44:24.573+06:00  INFO 10904 --- [inventory-service] [flowable-bpmn-acquire-async-jobs] o.f.j.s.i.a.AcquireAsyncJobsDueRunnable  : stopped async job due acquisition for engine bpmn
2025-02-11T12:44:24.573+06:00  INFO 10904 --- [inventory-service] [flowable-bpmn-acquire-timer-jobs] o.f.j.s.i.a.AcquireTimerJobsRunnable     : stopped async job due acquisition for engine bpmn
2025-02-11T12:44:24.573+06:00  INFO 10904 --- [inventory-service] [flowable-bpmn-reset-expired-jobs] o.f.j.s.i.a.ResetExpiredJobsRunnable     : stopped resetting expired jobs for engine bpmn
2025-02-11T12:44:24.583+06:00  INFO 10904 --- [inventory-service] [SpringApplicationShutdownHook] com.zaxxer.hikari.HikariDataSource       : HikariPool-1 - Shutdown initiated...
2025-02-11T12:44:24.583+06:00  INFO 10904 --- [inventory-service] [SpringApplicationShutdownHook] com.zaxxer.hikari.HikariDataSource       : HikariPool-1 - Shutdown completed.
